Log file open, 07/14/18 18:48:44
LogWindows: Failed to load 'aqProf.dll' (GetLastError=126)
LogWindows: File 'aqProf.dll' does not exist
LogWindows: Failed to load 'VtuneApi.dll' (GetLastError=126)
LogWindows: File 'VtuneApi.dll' does not exist
LogWindows: Failed to load 'VtuneApi32e.dll' (GetLastError=126)
LogWindows: File 'VtuneApi32e.dll' does not exist
LogInit: Display: Running engine for game: VRPencilGUI
LogPlatformFile: Not using cached read wrapper
LogInit: Display: RandInit(-624452471) SRandInit(-624452471).
LogInit: Read version file with build ID '3944462'
LogInit: Overriding engine version to CL 4033788, compatible CL 3944462
LogInit: Registered custom module enumerator with build ID '3944462'
LogTaskGraph: Started task graph with 5 named threads and 23 total threads with 3 sets of task threads.
LogStats: Stats thread started at 0.288713
LogD3D11RHI: Aftermath initialized
LogICUInternationalization: Display: ICU TimeZone Detection - Raw Offset: +0:00, Platform Override: ''
LogModuleManager: Display: Found up-to-date module file ../../../Engine/Plugins/2D/Paper2D/Binaries/Win64/UE4Editor-Paper2D.dll (API version 3944462).
LogModuleManager: Display: Found up-to-date module file ../../../Engine/Plugins/2D/Paper2D/Binaries/Win64/UE4Editor-Paper2DEditor.dll (API version 3944462).
LogModuleManager: Display: Found up-to-date module file ../../../Engine/Plugins/2D/Paper2D/Binaries/Win64/UE4Editor-PaperSpriteSheetImporter.dll (API version 3944462).
LogModuleManager: Display: Found up-to-date module file ../../../Engine/Plugins/2D/Paper2D/Binaries/Win64/UE4Editor-PaperTiledImporter.dll (API version 3944462).
LogModuleManager: Display: Found up-to-date module file ../../../Engine/Plugins/2D/Paper2D/Binaries/Win64/UE4Editor-SmartSnapping.dll (API version 3944462).
LogModuleManager: Display: Found up-to-date module file ../../../Engine/Plugins/Blendables/LightPropagationVolume/Binaries/Win64/UE4Editor-LightPropagationVolumeRuntime.dll (API version 3944462).
LogModuleManager: Display: Found up-to-date module file ../../../Engine/Plugins/Blendables/LightPropagationVolume/Binaries/Win64/UE4Editor-LightPropagationVolumeEditor.dll (API version 3944462).
LogModuleManager: Display: Found up-to-date module file ../../../Engine/Plugins/Developer/CLionSourceCodeAccess/Binaries/Win64/UE4Editor-CLionSourceCodeAccess.dll (API version 3944462).
LogModuleManager: Display: Found up-to-date module file ../../../Engine/Plugins/Developer/GitSourceControl/Binaries/Win64/UE4Editor-GitSourceControl.dll (API version 3944462).
LogModuleManager: Display: Found up-to-date module file ../../../Engine/Plugins/Developer/PerforceSourceControl/Binaries/Win64/UE4Editor-PerforceSourceControl.dll (API version 3944462).
LogModuleManager: Display: Found up-to-date module file ../../../Engine/Plugins/Developer/SubversionSourceControl/Binaries/Win64/UE4Editor-SubversionSourceControl.dll (API version 3944462).
LogModuleManager: Display: Found up-to-date module file ../../../Engine/Plugins/Developer/UObjectPlugin/Binaries/Win64/UE4Editor-UObjectPlugin.dll (API version 3944462).
LogModuleManager: Display: Found up-to-date module file ../../../Engine/Plugins/Developer/VisualStudioCodeSourceCodeAccess/Binaries/Win64/UE4Editor-VisualStudioCodeSourceCodeAccess.dll (API version 3944462).
LogModuleManager: Display: Found up-to-date module file ../../../Engine/Plugins/Developer/VisualStudioSourceCodeAccess/Binaries/Win64/UE4Editor-VisualStudioSourceCodeAccess.dll (API version 3944462).
LogModuleManager: Display: Found up-to-date module file ../../../Engine/Plugins/Editor/AssetManagerEditor/Binaries/Win64/UE4Editor-AssetManagerEditor.dll (API version 3944462).
LogModuleManager: Display: Found up-to-date module file ../../../Engine/Plugins/Editor/CryptoKeys/Binaries/Win64/UE4Editor-CryptoKeys.dll (API version 3944462).
LogModuleManager: Display: Found up-to-date module file ../../../Engine/Plugins/Editor/CryptoKeys/Binaries/Win64/UE4Editor-CryptoKeysOpenSSL.dll (API version 3944462).
LogModuleManager: Display: Found up-to-date module file ../../../Engine/Plugins/Editor/DataValidation/Binaries/Win64/UE4Editor-DataValidation.dll (API version 3944462).
LogModuleManager: Display: Found up-to-date module file ../../../Engine/Plugins/Editor/FacialAnimation/Binaries/Win64/UE4Editor-FacialAnimation.dll (API version 3944462).
LogModuleManager: Display: Found up-to-date module file ../../../Engine/Plugins/Editor/FacialAnimation/Binaries/Win64/UE4Editor-FacialAnimationEditor.dll (API version 3944462).
LogModuleManager: Display: Found up-to-date module file ../../../Engine/Plugins/Editor/GameplayTagsEditor/Binaries/Win64/UE4Editor-GameplayTagsEditor.dll (API version 3944462).
LogModuleManager: Display: Found up-to-date module file ../../../Engine/Plugins/Editor/MobileLauncherProfileWizard/Binaries/Win64/UE4Editor-MobileLauncherProfileWizard.dll (API version 3944462).
LogModuleManager: Display: Found up-to-date module file ../../../Engine/Plugins/Editor/PluginBrowser/Binaries/Win64/UE4Editor-PluginBrowser.dll (API version 3944462).
LogModuleManager: Display: Found up-to-date module file ../../../Engine/Plugins/Editor/SpeedTreeImporter/Binaries/Win64/UE4Editor-SpeedTreeImporter.dll (API version 3944462).
LogModuleManager: Display: Found up-to-date module file ../../../Engine/Plugins/Enterprise/DatasmithContent/Binaries/Win64/UE4Editor-DatasmithContent.dll (API version 3944462).
LogModuleManager: Display: Found up-to-date module file ../../../Engine/Plugins/Experimental/AlembicImporter/Binaries/Win64/UE4Editor-AlembicImporter.dll (API version 3944462).
LogModuleManager: Display: Found up-to-date module file ../../../Engine/Plugins/Experimental/AlembicImporter/Binaries/Win64/UE4Editor-AlembicLibrary.dll (API version 3944462).
LogModuleManager: Display: Found up-to-date module file ../../../Engine/Plugins/Experimental/CharacterAI/Binaries/Win64/UE4Editor-CharacterAI.dll (API version 3944462).
LogModuleManager: Display: Found up-to-date module file ../../../Engine/Plugins/Experimental/HTML5Networking/Binaries/Win64/UE4Editor-HTML5Networking.dll (API version 3944462).
LogModuleManager: Display: Found up-to-date module file ../../../Engine/Plugins/Media/AndroidMedia/Binaries/Win64/UE4Editor-AndroidMediaEditor.dll (API version 3944462).
LogModuleManager: Display: Found up-to-date module file ../../../Engine/Plugins/Media/AndroidMedia/Binaries/Win64/UE4Editor-AndroidMediaFactory.dll (API version 3944462).
LogModuleManager: Display: Found up-to-date module file ../../../Engine/Plugins/Media/AvfMedia/Binaries/Win64/UE4Editor-AvfMediaEditor.dll (API version 3944462).
LogModuleManager: Display: Found up-to-date module file ../../../Engine/Plugins/Media/AvfMedia/Binaries/Win64/UE4Editor-AvfMediaFactory.dll (API version 3944462).
LogModuleManager: Display: Found up-to-date module file ../../../Engine/Plugins/Media/AvfMedia/Binaries/Win64/UE4Editor-AvfMediaFactory.dll (API version 3944462).
LogModuleManager: Display: Found up-to-date module file ../../../Engine/Plugins/Media/ImgMedia/Binaries/Win64/UE4Editor-ImgMedia.dll (API version 3944462).
LogModuleManager: Display: Found up-to-date module file ../../../Engine/Plugins/Media/ImgMedia/Binaries/Win64/UE4Editor-ImgMediaEditor.dll (API version 3944462).
LogModuleManager: Display: Found up-to-date module file ../../../Engine/Plugins/Media/ImgMedia/Binaries/Win64/UE4Editor-ImgMediaFactory.dll (API version 3944462).
LogModuleManager: Display: Found up-to-date module file ../../../Engine/Plugins/Media/ImgMedia/Binaries/Win64/UE4Editor-ImgMediaFactory.dll (API version 3944462).
LogModuleManager: Display: Found up-to-date module file ../../../Engine/Plugins/Media/ImgMedia/Binaries/Win64/UE4Editor-OpenExrWrapper.dll (API version 3944462).
LogModuleManager: Display: Found up-to-date module file ../../../Engine/Plugins/Media/LinearTimecode/Binaries/Win64/UE4Editor-LinearTimecode.dll (API version 3944462).
LogModuleManager: Display: Found up-to-date module file ../../../Engine/Plugins/Media/MediaCompositing/Binaries/Win64/UE4Editor-MediaCompositing.dll (API version 3944462).
LogModuleManager: Display: Found up-to-date module file ../../../Engine/Plugins/Media/MediaCompositing/Binaries/Win64/UE4Editor-MediaCompositingEditor.dll (API version 3944462).
LogModuleManager: Display: Found up-to-date module file ../../../Engine/Plugins/Media/MediaPlayerEditor/Binaries/Win64/UE4Editor-MediaPlayerEditor.dll (API version 3944462).
LogModuleManager: Display: Found up-to-date module file ../../../Engine/Plugins/Media/WmfMedia/Binaries/Win64/UE4Editor-WmfMedia.dll (API version 3944462).
LogModuleManager: Display: Found up-to-date module file ../../../Engine/Plugins/Media/WmfMedia/Binaries/Win64/UE4Editor-WmfMediaEditor.dll (API version 3944462).
LogModuleManager: Display: Found up-to-date module file ../../../Engine/Plugins/Media/WmfMedia/Binaries/Win64/UE4Editor-WmfMediaFactory.dll (API version 3944462).
LogModuleManager: Display: Found up-to-date module file ../../../Engine/Plugins/Media/WmfMedia/Binaries/Win64/UE4Editor-WmfMediaFactory.dll (API version 3944462).
LogModuleManager: Display: Found up-to-date module file ../../../Engine/Plugins/Messaging/TcpMessaging/Binaries/Win64/UE4Editor-TcpMessaging.dll (API version 3944462).
LogModuleManager: Display: Found up-to-date module file ../../../Engine/Plugins/Messaging/UdpMessaging/Binaries/Win64/UE4Editor-UdpMessaging.dll (API version 3944462).
LogModuleManager: Display: Found up-to-date module file ../../../Engine/Plugins/MovieScene/ActorSequence/Binaries/Win64/UE4Editor-ActorSequence.dll (API version 3944462).
LogModuleManager: Display: Found up-to-date module file ../../../Engine/Plugins/MovieScene/LevelSequenceEditor/Binaries/Win64/UE4Editor-LevelSequenceEditor.dll (API version 3944462).
LogModuleManager: Display: Found up-to-date module file ../../../Engine/Plugins/MovieScene/MatineeToLevelSequence/Binaries/Win64/UE4Editor-MatineeToLevelSequence.dll (API version 3944462).
LogModuleManager: Display: Found up-to-date module file ../../../Engine/Plugins/NetcodeUnitTest/NetcodeUnitTest/Binaries/Win64/UE4Editor-NetcodeUnitTest.dll (API version 3944462).
LogModuleManager: Display: Found up-to-date module file ../../../Engine/Plugins/NetcodeUnitTest/NUTUnrealEngine4/Binaries/Win64/UE4Editor-NUTUnrealEngine4.dll (API version 3944462).
LogModuleManager: Display: Found up-to-date module file ../../../Engine/Plugins/Online/OnlineSubsystem/Binaries/Win64/UE4Editor-OnlineSubsystem.dll (API version 3944462).
LogModuleManager: Display: Found up-to-date module file ../../../Engine/Plugins/Runtime/AndroidPermission/Binaries/Win64/UE4Editor-AndroidPermission.dll (API version 3944462).
LogModuleManager: Display: Found up-to-date module file ../../../Engine/Plugins/Online/OnlineSubsystemNull/Binaries/Win64/UE4Editor-OnlineSubsystemNull.dll (API version 3944462).
LogModuleManager: Display: Found up-to-date module file ../../../Engine/Plugins/Online/OnlineSubsystemUtils/Binaries/Win64/UE4Editor-OnlineSubsystemUtils.dll (API version 3944462).
LogModuleManager: Display: Found up-to-date module file ../../../Engine/Plugins/Online/OnlineSubsystemUtils/Binaries/Win64/UE4Editor-OnlineBlueprintSupport.dll (API version 3944462).
LogModuleManager: Display: Found up-to-date module file ../../../Engine/Plugins/Runtime/AndroidDeviceProfileSelector/Binaries/Win64/UE4Editor-AndroidDeviceProfileSelector.dll (API version 3944462).
LogModuleManager: Display: Found up-to-date module file ../../../Engine/Plugins/Runtime/AppleARKit/Binaries/Win64/UE4Editor-AppleARKit.dll (API version 3944462).
LogModuleManager: Display: Found up-to-date module file ../../../Engine/Plugins/Runtime/ProceduralMeshComponent/Binaries/Win64/UE4Editor-ProceduralMeshComponent.dll (API version 3944462).
LogModuleManager: Display: Found up-to-date module file ../../../Engine/Plugins/Runtime/ProceduralMeshComponent/Binaries/Win64/UE4Editor-ProceduralMeshComponentEditor.dll (API version 3944462).
LogModuleManager: Display: Found up-to-date module file ../../../Engine/Plugins/Animation/LiveLink/Binaries/Win64/UE4Editor-LiveLink.dll (API version 3944462).
LogModuleManager: Display: Found up-to-date module file ../../../Engine/Plugins/Animation/LiveLink/Binaries/Win64/UE4Editor-LiveLinkEditor.dll (API version 3944462).
LogModuleManager: Display: Found up-to-date module file ../../../Engine/Plugins/Runtime/ArchVisCharacter/Binaries/Win64/UE4Editor-ArchVisCharacter.dll (API version 3944462).
LogModuleManager: Display: Found up-to-date module file ../../../Engine/Plugins/Runtime/AudioCapture/Binaries/Win64/UE4Editor-AudioCapture.dll (API version 3944462).
LogModuleManager: Display: Found up-to-date module file ../../../Engine/Plugins/Runtime/AudioCapture/Binaries/Win64/UE4Editor-AudioCaptureEditor.dll (API version 3944462).
LogModuleManager: Display: Found up-to-date module file ../../../Engine/Plugins/Runtime/CableComponent/Binaries/Win64/UE4Editor-CableComponent.dll (API version 3944462).
LogModuleManager: Display: Found up-to-date module file ../../../Engine/Plugins/Runtime/CustomMeshComponent/Binaries/Win64/UE4Editor-CustomMeshComponent.dll (API version 3944462).
LogModuleManager: Display: Found up-to-date module file ../../../Engine/Plugins/Runtime/ExampleDeviceProfileSelector/Binaries/Win64/UE4Editor-ExampleDeviceProfileSelector.dll (API version 3944462).
LogModuleManager: Display: Found up-to-date module file ../../../Engine/Plugins/Runtime/ImmediatePhysics/Binaries/Win64/UE4Editor-ImmediatePhysics.dll (API version 3944462).
LogModuleManager: Display: Found up-to-date module file ../../../Engine/Plugins/Runtime/ImmediatePhysics/Binaries/Win64/UE4Editor-ImmediatePhysicsEditor.dll (API version 3944462).
LogModuleManager: Display: Found up-to-date module file ../../../Engine/Plugins/Runtime/LocationServicesBPLibrary/Binaries/Win64/UE4Editor-LocationServicesBPLibrary.dll (API version 3944462).
LogModuleManager: Display: Found up-to-date module file ../../../Engine/Plugins/Runtime/MobilePatchingUtils/Binaries/Win64/UE4Editor-MobilePatchingUtils.dll (API version 3944462).
LogModuleManager: Display: Found up-to-date module file ../../../Engine/Plugins/Runtime/Oculus/OculusVR/Binaries/Win64/UE4Editor-OculusHMD.dll (API version 3944462).
LogModuleManager: Display: Found up-to-date module file ../../../Engine/Plugins/Runtime/Oculus/OculusVR/Binaries/Win64/UE4Editor-OculusInput.dll (API version 3944462).
LogModuleManager: Display: Found up-to-date module file ../../../Engine/Plugins/Runtime/Oculus/OculusVR/Binaries/Win64/UE4Editor-OculusEditor.dll (API version 3944462).
LogModuleManager: Display: Found up-to-date module file ../../../Engine/Plugins/Runtime/PhysXVehicles/Binaries/Win64/UE4Editor-PhysXVehicles.dll (API version 3944462).
LogModuleManager: Display: Found up-to-date module file ../../../Engine/Plugins/Runtime/PhysXVehicles/Binaries/Win64/UE4Editor-PhysXVehiclesEditor.dll (API version 3944462).
LogModuleManager: Display: Found up-to-date module file ../../../Engine/Plugins/Runtime/RuntimePhysXCooking/Binaries/Win64/UE4Editor-RuntimePhysXCooking.dll (API version 3944462).
LogModuleManager: Display: Found up-to-date module file ../../../Engine/Plugins/Runtime/Steam/SteamVR/Binaries/Win64/UE4Editor-SteamVR.dll (API version 3944462).
LogModuleManager: Display: Found up-to-date module file ../../../Engine/Plugins/Runtime/Steam/SteamVR/Binaries/Win64/UE4Editor-SteamVRController.dll (API version 3944462).
LogModuleManager: Display: Found up-to-date module file ../../../Engine/Plugins/Runtime/WindowsMoviePlayer/Binaries/Win64/UE4Editor-WindowsMoviePlayer.dll (API version 3944462).
LogPluginManager: Mounting plugin Paper2D
LogPluginManager: Mounting plugin LiveLink
LogPluginManager: Mounting plugin LightPropagationVolume
LogPluginManager: Mounting plugin CLionSourceCodeAccess
LogPluginManager: Mounting plugin CodeLiteSourceCodeAccess
LogPluginManager: Mounting plugin GitSourceControl
LogPluginManager: Mounting plugin KDevelopSourceCodeAccess
LogPluginManager: Mounting plugin NullSourceCodeAccess
LogPluginManager: Mounting plugin PerforceSourceControl
LogPluginManager: Mounting plugin SubversionSourceControl
LogPluginManager: Mounting plugin UObjectPlugin
LogPluginManager: Mounting plugin VisualStudioCodeSourceCodeAccess
LogPluginManager: Mounting plugin VisualStudioSourceCodeAccess
LogPluginManager: Mounting plugin XCodeSourceCodeAccess
LogPluginManager: Mounting plugin AssetManagerEditor
LogPluginManager: Mounting plugin CryptoKeys
LogPluginManager: Mounting plugin DataValidation
LogPluginManager: Mounting plugin FacialAnimation
LogPluginManager: Mounting plugin GameplayTagsEditor
LogPluginManager: Mounting plugin MobileLauncherProfileWizard
LogPluginManager: Mounting plugin PluginBrowser
LogPluginManager: Mounting plugin SpeedTreeImporter
LogPluginManager: Mounting plugin DatasmithContent
LogPluginManager: Mounting plugin AlembicImporter
LogPluginManager: Mounting plugin CharacterAI
LogPluginManager: Mounting plugin HTML5Networking
LogPluginManager: Mounting plugin AndroidMedia
LogPluginManager: Mounting plugin AvfMedia
LogPluginManager: Mounting plugin ImgMedia
LogPluginManager: Mounting plugin LinearTimecode
LogPluginManager: Mounting plugin MediaCompositing
LogPluginManager: Mounting plugin MediaPlayerEditor
LogPluginManager: Mounting plugin WmfMedia
LogPluginManager: Mounting plugin TcpMessaging
LogPluginManager: Mounting plugin UdpMessaging
LogPluginManager: Mounting plugin ActorSequence
LogPluginManager: Mounting plugin LevelSequenceEditor
LogPluginManager: Mounting plugin MatineeToLevelSequence
LogPluginManager: Mounting plugin NetcodeUnitTest
LogPluginManager: Mounting plugin NUTUnrealEngine4
LogPluginManager: Mounting plugin OnlineSubsystemGooglePlay
LogPluginManager: Mounting plugin OnlineSubsystemIOS
LogPluginManager: Mounting plugin OnlineSubsystem
LogPluginManager: Mounting plugin OnlineSubsystemNull
LogPluginManager: Mounting plugin OnlineSubsystemUtils
LogPluginManager: Mounting plugin AndroidDeviceProfileSelector
LogPluginManager: Mounting plugin AndroidMoviePlayer
LogPluginManager: Mounting plugin AndroidPermission
LogPluginManager: Mounting plugin AppleARKit
LogPluginManager: Mounting plugin AppleMoviePlayer
LogPluginManager: Mounting plugin ArchVisCharacter
LogPluginManager: Mounting plugin AudioCapture
LogPluginManager: Mounting plugin CableComponent
LogPluginManager: Mounting plugin CustomMeshComponent
LogPluginManager: Mounting plugin ExampleDeviceProfileSelector
LogPluginManager: Mounting plugin GoogleCloudMessaging
LogPluginManager: Mounting plugin ImmediatePhysics
LogPluginManager: Mounting plugin IOSDeviceProfileSelector
LogPluginManager: Mounting plugin LinuxDeviceProfileSelector
LogPluginManager: Mounting plugin LocationServicesBPLibrary
LogPluginManager: Mounting plugin MobilePatchingUtils
LogPluginManager: Mounting plugin OculusVR
LogPluginManager: Plugin shader directory ../../../Engine/Plugins/Runtime/Oculus/OculusVR/Shaders found
LogPluginManager: Mapping shader source directory ../../../Engine/Plugins/Runtime/Oculus/OculusVR/Shaders to virtual directory /Plugin/OculusVR
LogPluginManager: Mounting plugin PhysXVehicles
LogPluginManager: Mounting plugin ProceduralMeshComponent
LogPluginManager: Mounting plugin RuntimePhysXCooking
LogPluginManager: Mounting plugin SteamVR
LogPluginManager: Mounting plugin WindowsMoviePlayer
LogStreaming: Display: Took  1.788s to configure plugins.
LogInit: Using libcurl 7.47.1
LogInit:  - built for x86_64-pc-win32
LogInit:  - supports SSL with OpenSSL/1.0.2g
LogInit:  - supports HTTP deflate (compression) using libz 1.2.8
LogInit:  - other features:
LogInit:      CURL_VERSION_SSL
LogInit:      CURL_VERSION_LIBZ
LogInit:      CURL_VERSION_IPV6
LogInit:      CURL_VERSION_ASYNCHDNS
LogInit:      CURL_VERSION_LARGEFILE
LogInit:      CURL_VERSION_IDN
LogInit:  CurlRequestOptions (configurable via config and command line):
LogInit:  - bVerifyPeer = false  - Libcurl will NOT verify peer certificate
LogInit:  - bUseHttpProxy = false  - Libcurl will NOT use HTTP proxy
LogInit:  - bDontReuseConnections = false  - Libcurl will reuse connections
LogInit:  - CertBundlePath = nullptr  - Libcurl will use whatever was configured at build time.
LogInit:  - MaxHostConnections = 16  - Libcurl will limit the number of connections to a host
LogInit:  - LocalHostAddr = Default
LogInit: WinSock: version 1.1 (2.2), MaxSocks=32767, MaxUdp=65467
LogInit: WinSock: I am DESKTOP-3IN76EP (192.168.0.7:0)
LogInit: Build: ++UE4+Release-4.19-CL-4033788
LogInit: Engine Version: 4.19.2-4033788+++UE4+Release-4.19
LogInit: Compatible Engine Version: 4.19.0-3944462+++UE4+Release-4.19
LogInit: Net CL: 3944462
LogDevObjectVersion: Number of dev versions registered: 18
LogDevObjectVersion:   Dev-Blueprints (B0D832E4-1F89-4F0D-ACCF-7EB736FD4AA2): 10
LogDevObjectVersion:   Dev-Build (E1C64328-A22C-4D53-A36C-8E866417BD8C): 0
LogDevObjectVersion:   Dev-Core (375EC13C-06E4-48FB-B500-84F0262A717E): 2
LogDevObjectVersion:   Dev-Editor (E4B068ED-F494-42E9-A231-DA0B2E46BB41): 23
LogDevObjectVersion:   Dev-Framework (CFFC743F-43B0-4480-9391-14DF171D2073): 33
LogDevObjectVersion:   Dev-Mobile (B02B49B5-BB20-44E9-A304-32B752E40360): 2
LogDevObjectVersion:   Dev-Networking (A4E4105C-59A1-49B5-A7C5-40C4547EDFEE): 0
LogDevObjectVersion:   Dev-Online (39C831C9-5AE6-47DC-9A44-9C173E1C8E7C): 0
LogDevObjectVersion:   Dev-Physics (78F01B33-EBEA-4F98-B9B4-84EACCB95AA2): 0
LogDevObjectVersion:   Dev-Platform (6631380F-2D4D-43E0-8009-CF276956A95A): 0
LogDevObjectVersion:   Dev-Rendering (12F88B9F-8875-4AFC-A67C-D90C383ABD29): 25
LogDevObjectVersion:   Dev-Sequencer (7B5AE74C-D270-4C10-A958-57980B212A5A): 6
LogDevObjectVersion:   Dev-VR (D7296918-1DD6-4BDD-9DE2-64A83CC13884): 1
LogDevObjectVersion:   Dev-LoadTimes (C2A15278-BFE7-4AFE-6C17-90FF531DF755): 1
LogDevObjectVersion:   Private-Geometry (6EACA3D4-40EC-4CC1-B786-8BED09428FC5): 2
LogDevObjectVersion:   Dev-AnimPhys (29E575DD-E0A3-4627-9D10-D276232CDCEA): 16
LogDevObjectVersion:   Dev-ReflectionCapture (6B266CEC-1EC7-4B8F-A30B-E4D90942FC07): 1
LogDevObjectVersion:   Dev-Automation (0DF73D61-A23F-47EA-B727-89E90C41499A): 1
LogInit: Compiled (64-bit): Apr 27 2018 02:06:57
LogInit: Compiled with Visual C++: 19.00.24215.01
LogInit: Build Configuration: Development
LogInit: Branch Name: ++UE4+Release-4.19
LogInit: Command Line:  
LogInit: Base Directory: D:/Epic Games/UE_4.19/Engine/Binaries/Win64/
LogInit: Installed Engine Build: 1
LogStreaming: Display: Took  0.035s to delete old logs.
LogInit: Presizing for max 8388607 objects, including 0 objects not considered by GC, pre-allocating 0 bytes for permanent pool.
LogInit: Object subsystem initialized
[2018.07.14-17.48.46:403][  0]LogInit: Selected Device Profile: [Windows]
[2018.07.14-17.48.46:403][  0]LogInit: Applying CVar settings loaded from the selected device profile: [Windows]
[2018.07.14-17.48.46:454][  0]LogInit: Computer: DESKTOP-3IN76EP
[2018.07.14-17.48.46:454][  0]LogInit: User: jabbe
[2018.07.14-17.48.46:454][  0]LogInit: CPU Page size=4096, Cores=4
[2018.07.14-17.48.46:454][  0]LogInit: High frequency timer resolution =3.328122 MHz
[2018.07.14-17.48.46:454][  0]LogMemory: Memory total: Physical=23.9GB (24GB approx)
[2018.07.14-17.48.46:454][  0]LogMemory: Platform Memory Stats for Windows
[2018.07.14-17.48.46:454][  0]LogMemory: Process Physical Memory: 275.46 MB used, 275.46 MB peak
[2018.07.14-17.48.46:454][  0]LogMemory: Process Virtual Memory: 276.86 MB used, 276.86 MB peak
[2018.07.14-17.48.46:454][  0]LogMemory: Physical Memory: 9181.46 MB used,  15285.25 MB free, 24466.72 MB total
[2018.07.14-17.48.46:454][  0]LogMemory: Virtual Memory: 4806.10 MB used,  15285.25 MB free, 134217728.00 MB total
[2018.07.14-17.48.46:476][  0]LogInit: Using OS detected language (en-GB).
[2018.07.14-17.48.46:476][  0]LogInit: Using OS detected locale (en-GB).
[2018.07.14-17.48.46:482][  0]LogTextLocalizationManager: No specific localization for 'en-GB' exists, so the 'en' localization will be used.
[2018.07.14-17.48.46:964][  0]LogStreaming: Display: Took  0.487s to EndInitTextLocalization.
[2018.07.14-17.48.46:964][  0]LogInit: Setting process to per monitor DPI aware
[2018.07.14-17.48.47:003][  0]LogSlate: New Slate User Created.  User Index 0, Is Virtual User: 0
[2018.07.14-17.48.47:003][  0]LogSlate: Slate User Registered.  User Index 0, Is Virtual User: 0
[2018.07.14-17.48.47:343][  0]LogD3D11RHI: D3D11 adapters:
[2018.07.14-17.48.47:403][  0]LogD3D11RHI:    0. 'NVIDIA GeForce GTX 1080 Ti' (Feature Level 11_0)
[2018.07.14-17.48.47:403][  0]LogD3D11RHI:       11132/0/12233 MB DedicatedVideo/DedicatedSystem/SharedSystem, Outputs:2, VendorId:0x10de
[2018.07.14-17.48.47:411][  0]LogD3D11RHI:    1. 'Intel(R) HD Graphics 530' (Feature Level 11_0)
[2018.07.14-17.48.47:411][  0]LogD3D11RHI:       128/0/12233 MB DedicatedVideo/DedicatedSystem/SharedSystem, Outputs:1, VendorId:0x8086
[2018.07.14-17.48.47:413][  0]LogD3D11RHI:    2. 'Microsoft Basic Render Driver' (Feature Level 11_0)
[2018.07.14-17.48.47:413][  0]LogD3D11RHI:       0/0/12233 MB DedicatedVideo/DedicatedSystem/SharedSystem, Outputs:0, VendorId:0x1414
[2018.07.14-17.48.47:413][  0]LogD3D11RHI: Chosen D3D11 Adapter: 0
[2018.07.14-17.48.47:421][  0]LogD3D11RHI: Creating new Direct3DDevice
[2018.07.14-17.48.47:421][  0]LogD3D11RHI:     GPU DeviceId: 0x1b06 (for the marketing name, search the web for "GPU Device Id")
[2018.07.14-17.48.47:421][  0]LogWindows: EnumDisplayDevices:
[2018.07.14-17.48.47:422][  0]LogWindows:    0. 'Intel(R) HD Graphics 530' (P:0 D:1)
[2018.07.14-17.48.47:422][  0]LogWindows:    1. 'Intel(R) HD Graphics 530' (P:0 D:0)
[2018.07.14-17.48.47:422][  0]LogWindows:    2. 'Intel(R) HD Graphics 530' (P:0 D:0)
[2018.07.14-17.48.47:422][  0]LogWindows:    3. 'NVIDIA GeForce GTX 1080 Ti' (P:1 D:1)
[2018.07.14-17.48.47:422][  0]LogWindows:    4. 'NVIDIA GeForce GTX 1080 Ti' (P:0 D:1)
[2018.07.14-17.48.47:423][  0]LogWindows:    5. 'NVIDIA GeForce GTX 1080 Ti' (P:0 D:0)
[2018.07.14-17.48.47:423][  0]LogWindows:    6. 'NVIDIA GeForce GTX 1080 Ti' (P:0 D:0)
[2018.07.14-17.48.47:423][  0]LogWindows: DebugString: GetVideoDriverDetailsInvalid PrimaryIsNotTheChoosenAdapter GetVideoDriverDetailsInvalid PrimaryIsNotTheChoosenAdapter GetVideoDriverDetailsInvalid PrimaryIsNotTheChoosenAdapter GetVideoDriverDetailsInvalid PrimaryIsNotTheChoosenAdapter GetVideoDriverDetailsInvalid PrimaryIsNotTheChoosenAdapter GetVideoDriverDetailsInvalid PrimaryIsNotTheChoosenAdapter GetVideoDriverDetailsInvalid PrimaryIsNotTheChoosenAdapter FoundDriverCount:0 
[2018.07.14-17.48.47:423][  0]LogD3D11RHI:     Adapter Name: NVIDIA GeForce GTX 1080 Ti
[2018.07.14-17.48.47:423][  0]LogD3D11RHI:   Driver Version: Unknown (internal:Unknown, unified:Unknown)
[2018.07.14-17.48.47:423][  0]LogD3D11RHI:      Driver Date: Unknown
[2018.07.14-17.48.47:423][  0]LogRHI: Texture pool is 7792 MB (70% of 11132 MB)
[2018.07.14-17.48.47:462][  0]LogD3D11RHI: [Aftermath] Aftermath enabled but failed to initialize
[2018.07.14-17.48.47:462][  0]LogD3D11RHI: [Aftermath] Aftermath enabled and primed
[2018.07.14-17.48.47:462][  0]LogD3D11RHI: Async texture creation enabled
[2018.07.14-17.48.47:560][  0]LogD3D11RHI: GPU Timing Frequency: 1000.000000 (Debug: 2 1)
[2018.07.14-17.48.47:658][  0]LogShaderCompilers: Guid format shader working directory is 0 characters bigger than the processId version (../../../../../UE4/luigirusso87875/VRPencilGUI/Intermediate/Shaders/WorkingDirectory/5552/).
[2018.07.14-17.48.47:658][  0]LogShaderCompilers: Cleaned the shader compiler working directory 'C:/Users/jabbe/AppData/Local/Temp/UnrealShaderWorkingDir/3B265C944FCF99EACB7440BBC91724D7/'.
[2018.07.14-17.48.47:902][  0]LogTemp: Display: Loaded TP AllDesktopTargetPlatform
[2018.07.14-17.48.47:920][  0]LogTemp: Display: Loaded TP MacClientTargetPlatform
[2018.07.14-17.48.47:938][  0]LogTemp: Display: Loaded TP MacNoEditorTargetPlatform
[2018.07.14-17.48.47:957][  0]LogTemp: Display: Loaded TP MacServerTargetPlatform
[2018.07.14-17.48.47:977][  0]LogTemp: Display: Loaded TP MacTargetPlatform
[2018.07.14-17.48.47:997][  0]LogTemp: Display: Loaded TP WindowsClientTargetPlatform
[2018.07.14-17.48.48:017][  0]LogTemp: Display: Loaded TP WindowsNoEditorTargetPlatform
[2018.07.14-17.48.48:036][  0]LogTemp: Display: Loaded TP WindowsServerTargetPlatform
[2018.07.14-17.48.48:047][  0]LogTemp: Display: Loaded TP WindowsTargetPlatform
[2018.07.14-17.48.48:065][  0]LogTemp: Display: Loaded TP Android_ASTCTargetPlatform
[2018.07.14-17.48.48:083][  0]LogTemp: Display: Loaded TP Android_ATCTargetPlatform
[2018.07.14-17.48.48:101][  0]LogTemp: Display: Loaded TP Android_DXTTargetPlatform
[2018.07.14-17.48.48:119][  0]LogTemp: Display: Loaded TP Android_ETC1aTargetPlatform
[2018.07.14-17.48.48:136][  0]LogTemp: Display: Loaded TP Android_ETC1TargetPlatform
[2018.07.14-17.48.48:154][  0]LogTemp: Display: Loaded TP Android_ETC2TargetPlatform
[2018.07.14-17.48.48:190][  0]LogTemp: Display: Loaded TP Android_MultiTargetPlatform
[2018.07.14-17.48.48:190][  0]LogTemp: Display: Loaded TP Android_PVRTCTargetPlatform
[2018.07.14-17.48.48:208][  0]LogTemp: Display: Loaded TP AndroidTargetPlatform
[2018.07.14-17.48.48:210][  0]LogTemp: Display: Loaded TP HTML5TargetPlatform
[2018.07.14-17.48.48:253][  0]LogTemp: Display: Loaded TP IOSTargetPlatform
[2018.07.14-17.48.48:269][  0]LogTemp: Display: Loaded TP TVOSTargetPlatform
[2018.07.14-17.48.48:286][  0]LogTemp: Display: Loaded TP LinuxClientTargetPlatform
[2018.07.14-17.48.48:303][  0]LogTemp: Display: Loaded TP LinuxNoEditorTargetPlatform
[2018.07.14-17.48.48:320][  0]LogTemp: Display: Loaded TP LinuxServerTargetPlatform
[2018.07.14-17.48.48:337][  0]LogTemp: Display: Loaded TP LinuxTargetPlatform
[2018.07.14-17.48.48:338][  0]LogTargetPlatformManager: Display: Building Assets For Windows
[2018.07.14-17.48.48:531][  0]LogXGEController: Cannot use XGE Controller as Incredibuild is not installed on this machine.
[2018.07.14-17.48.48:531][  0]LogShaderCompilers: Cannot use XGE Shader Compiler as Incredibuild is not installed on this machine.
[2018.07.14-17.48.48:531][  0]LogShaderCompilers: Display: Using Local Shader Compiler.
[2018.07.14-17.48.49:554][  0]LogDerivedDataCache: Display: Max Cache Size: 512 MB
[2018.07.14-17.48.49:667][  0]LogDerivedDataCache: Loaded boot cache 0.11s 97MB C:/Users/jabbe/AppData/Local/UnrealEngine/4.19/DerivedDataCache/Boot.ddc.
[2018.07.14-17.48.49:667][  0]LogDerivedDataCache: Display: Loaded Boot cache: C:/Users/jabbe/AppData/Local/UnrealEngine/4.19/DerivedDataCache/Boot.ddc
[2018.07.14-17.48.49:667][  0]LogDerivedDataCache: FDerivedDataBackendGraph:  Pak pak cache file ../../../../../UE4/luigirusso87875/VRPencilGUI/DerivedDataCache/DDC.ddp not found, will not use a pak cache.
[2018.07.14-17.48.49:667][  0]LogDerivedDataCache: Unable to find inner node Pak for hierarchical cache Hierarchy.
[2018.07.14-17.48.49:667][  0]LogDerivedDataCache: FDerivedDataBackendGraph:  CompressedPak pak cache file ../../../../../UE4/luigirusso87875/VRPencilGUI/DerivedDataCache/Compressed.ddp not found, will not use a pak cache.
[2018.07.14-17.48.49:667][  0]LogDerivedDataCache: Unable to find inner node CompressedPak for hierarchical cache Hierarchy.
[2018.07.14-17.48.49:689][  0]LogDerivedDataCache: Display: Pak cache opened for reading ../../../Engine/DerivedDataCache/Compressed.ddp.
[2018.07.14-17.48.49:704][  0]LogDerivedDataCache: Using Local data cache path C:/Users/jabbe/AppData/Local/UnrealEngine/Common/DerivedDataCache: Writable
[2018.07.14-17.48.49:704][  0]LogDerivedDataCache: Shared data cache path not found in *engine.ini, will not use an Shared cache.
[2018.07.14-17.48.49:704][  0]LogDerivedDataCache: Unable to find inner node Shared for hierarchical cache Hierarchy.
[2018.07.14-17.48.49:762][  0]LogMaterial: Verifying Global Shaders for PCD3D_SM5
[2018.07.14-17.48.49:762][  0]LogSlate: Using Freetype 2.6.0
[2018.07.14-17.48.49:763][  0]LogSlate: SlateFontCache - WITH_FREETYPE: 1, WITH_HARFBUZZ: 1
[2018.07.14-17.48.49:764][  0]LogSlate: SlateFontCache - WITH_FREETYPE: 1, WITH_HARFBUZZ: 1
[2018.07.14-17.48.49:939][  0]LogAssetRegistry: FAssetRegistry took 0.0302 seconds to start up
[2018.07.14-17.48.50:391][  0]LogInit: Selected Device Profile: [Windows]
[2018.07.14-17.48.50:514][  0]LogSimplygon: Simplygon DLL not present - disabling.
[2018.07.14-17.48.50:518][  0]LogMeshReduction: Using SimplygonSwarm for distributed automatic mesh merging
[2018.07.14-17.48.50:518][  0]LogMeshReduction: Using QuadricMeshReduction for automatic static mesh reduction
[2018.07.14-17.48.50:518][  0]LogMeshReduction: No automatic skeletal mesh reduction module available
[2018.07.14-17.48.50:518][  0]LogMeshReduction: No automatic mesh merging module available
[2018.07.14-17.48.50:518][  0]LogMeshMerging: No automatic mesh merging module available
[2018.07.14-17.48.50:739][  0]LogNetVersion: VRPencilGUI , NetCL: 3944462, EngineNetVer: 2, GameNetVer: 0 (Checksum: 2429830139)
[2018.07.14-17.48.52:552][  0]LogPackageLocalizationCache: Processed 9 localized package path(s) for 2 prioritized culture(s) in 0.430614 seconds
[2018.07.14-17.48.52:562][  0]LogUObjectArray: 36728 objects as part of root set at end of initial load.
[2018.07.14-17.48.52:562][  0]LogUObjectAllocator: 7314304 out of 0 bytes used by permanent object pool.
[2018.07.14-17.48.52:562][  0]LogUObjectArray: CloseDisregardForGC: 0/0 objects in disregard for GC pool
[2018.07.14-17.48.55:334][  0]LogTcpMessaging: Initializing TcpMessaging bridge
[2018.07.14-17.48.55:375][  0]LogUdpMessaging: Initializing bridge on interface 0.0.0.0:0 to multicast group 230.0.0.1:6666.
[2018.07.14-17.48.55:918][  0]SourceControl: Source control is disabled
[2018.07.14-17.48.55:918][  0]SourceControl: Source control is disabled
[2018.07.14-17.48.55:948][  0]SourceControl: Source control is disabled
[2018.07.14-17.48.55:979][  0]SourceControl: Source control is disabled
[2018.07.14-17.48.56:723][  0]LogAndroidPermission: UAndroidPermissionCallbackProxy::GetInstance
[2018.07.14-17.48.57:048][  0]LogOcInput: OculusInput pre-init called
[2018.07.14-17.48.57:238][  0]LogEngine: Initializing Engine...
[2018.07.14-17.48.57:243][  0]LogHMD: Failed to initialize OpenVR with code 105
[2018.07.14-17.48.57:245][  0]LogStats: UGameplayTagsManager::ConstructGameplayTagTree: Construct from data asset -  0.000 s
[2018.07.14-17.48.57:245][  0]LogStats: UGameplayTagsManager::ConstructGameplayTagTree: GameplayTagTreeChangedEvent.Broadcast -  0.000 s
[2018.07.14-17.48.57:820][  0]LogAIModule: Creating AISystem for world Untitled
[2018.07.14-17.48.57:868][  0]LogInit: XAudio2 using 'Speakers (Realtek High Definition Audio)' : 2 channels at 48 kHz using 32 bits per sample (channel mask 0x3)
[2018.07.14-17.48.57:908][  0]LogInit: FAudioDevice initialized.
[2018.07.14-17.48.58:009][  0]LogDerivedDataCache: Saved boot cache 0.10s 97MB C:/Users/jabbe/AppData/Local/UnrealEngine/4.19/DerivedDataCache/Boot.ddc.
[2018.07.14-17.48.58:044][  0]LogInit: Texture streaming: Enabled
[2018.07.14-17.48.58:068][  0]LogEngineSessionManager: EngineSessionManager initialized
[2018.07.14-17.48.58:090][  0]LogInit: Transaction tracking system initialized
[2018.07.14-17.48.58:121][  0]BlueprintLog: New page: Editor Load
[2018.07.14-17.48.58:222][  0]LocalizationService: Localization service is disabled
[2018.07.14-17.48.58:548][  0]LogLinker: Warning: Can't find file '/Game/Default/TopDownOverview'
[2018.07.14-17.48.58:548][  0]LogLinker: Warning: Can't find file '/Game/Default/TopDownOverview'
[2018.07.14-17.48.58:549][  0]LogUObjectGlobals: Warning: Failed to find object 'Class /Game/Default/TopDownOverview.TopDownOverview_C'
[2018.07.14-17.48.58:580][  0]LogConsoleResponse: Display: 
[2018.07.14-17.48.58:983][  0]LogCook: Display: Max memory allowance for cook 16384mb min free memory 0mb
[2018.07.14-17.48.58:983][  0]LogCook: Display: Mobile HDR setting 1
[2018.07.14-17.48.58:983][  0]LogGameplayTags: Display: UGameplayTagsManager::DoneAddingNativeTags. DelegateIsBound: 0
[2018.07.14-17.48.58:983][  0]LogStats: UGameplayTagsManager::ConstructGameplayTagTree: Construct from data asset -  0.000 s
[2018.07.14-17.48.58:983][  0]LogStats: UGameplayTagsManager::ConstructGameplayTagTree: GameplayTagTreeChangedEvent.Broadcast -  0.000 s
[2018.07.14-17.48.59:582][  0]LogFileCache: Scanning file cache for directory 'D:/UE4/luigirusso87875/VRPencilGUI/Content/' took 0.02s
[2018.07.14-17.48.59:582][  0]SourceControl: Source control is disabled
[2018.07.14-17.48.59:582][  0]Cmd: MAP LOAD FILE="../../../../../UE4/luigirusso87875/VRPencilGUI/Content/VirtualRealityBP/Maps/HMDLocomotionMap.umap" TEMPLATE=0 SHOWPROGRESS=1 FEATURELEVEL=3
[2018.07.14-17.48.59:582][  0]LightingResults: New page: Lighting Build
[2018.07.14-17.48.59:586][  0]MapCheck: New page: Map Check
[2018.07.14-17.48.59:586][  0]LightingResults: New page: Lighting Build
[2018.07.14-17.49.16:946][  0]LogUObjectGlobals: Created PersistentFrame Addr=0x000001bd040ccad8, Size=24, Default__RightHand_AnimBP_C Function /Game/VirtualReality/Mannequin/Animations/RightHand_AnimBP.RightHand_AnimBP_C:ExecuteUbergraph_RightHand_AnimBP
[2018.07.14-17.49.16:951][  0]LogUObjectGlobals: Destroyed PersistentFrame Addr=0x000001bd040ccad8, Size=24
[2018.07.14-17.49.16:951][  0]LogUObjectGlobals: Created PersistentFrame Addr=0x000001bd040ccad8, Size=24, Default__RightHand_AnimBP_C Function /Engine/Transient.REINST_RightHand_AnimBP_C_0:ExecuteUbergraph_RightHand_AnimBP
[2018.07.14-17.49.16:955][  0]LogUObjectGlobals: Created PersistentFrame Addr=0x000001bd12393c28, Size=24, Default__RightHand_AnimBP_C Function /Game/VirtualReality/Mannequin/Animations/RightHand_AnimBP.RightHand_AnimBP_C:ExecuteUbergraph_RightHand_AnimBP
[2018.07.14-17.49.17:030][  0]LogUObjectGlobals: Created PersistentFrame Addr=0x000001bd10d38100, Size=2080, Default__BP_MotionController_C Function /Game/VirtualRealityBP/Blueprints/BP_MotionController.BP_MotionController_C:ExecuteUbergraph_BP_MotionController
[2018.07.14-17.49.17:033][  0]LogUObjectGlobals: Created PersistentFrame Addr=0x000001bd123de800, Size=240, Default__PencilComponent_C Function /Game/VirtualRealityBP/CustomUI/PencilComponent.PencilComponent_C:ExecuteUbergraph_PencilComponent
[2018.07.14-17.49.17:630][  0]LogUObjectGlobals: Created PersistentFrame Addr=0x000001bd0649be40, Size=216, Default__MainWidget_C Function /Game/VirtualRealityBP/CustomUI/MainWidget.MainWidget_C:ExecuteUbergraph_MainWidget
[2018.07.14-17.49.17:632][  0]LogUObjectGlobals: Created PersistentFrame Addr=0x000001bd06741a28, Size=4, Default__Camera_C Function /Game/VirtualRealityBP/CustomUI/Widgets/Camera.Camera_C:ExecuteUbergraph_Camera
[2018.07.14-17.49.17:645][  0]LogUObjectGlobals: Created PersistentFrame Addr=0x000001bd232691a0, Size=56, Default__Colour_C Function /Game/VirtualRealityBP/CustomUI/Widgets/Colour.Colour_C:ExecuteUbergraph_Colour
[2018.07.14-17.49.17:815][  0]LogUObjectGlobals: Created PersistentFrame Addr=0x000001bd067418e8, Size=4, Default__Length_C Function /Game/VirtualRealityBP/CustomUI/Widgets/Length.Length_C:ExecuteUbergraph_Length
[2018.07.14-17.49.17:879][  0]LogUObjectGlobals: Created PersistentFrame Addr=0x000001bd067418a0, Size=4, Default__Lazor_C Function /Game/VirtualRealityBP/CustomUI/Widgets/Lazor.Lazor_C:ExecuteUbergraph_Lazor
[2018.07.14-17.49.17:927][  0]LogUObjectGlobals: Created PersistentFrame Addr=0x000001bd06741860, Size=4, Default__Pencil_C Function /Game/VirtualRealityBP/CustomUI/Widgets/Pencil.Pencil_C:ExecuteUbergraph_Pencil
[2018.07.14-17.49.17:989][  0]LogUObjectGlobals: Created PersistentFrame Addr=0x000001bd06741820, Size=4, Default__Reset_C Function /Game/VirtualRealityBP/CustomUI/Widgets/Reset.Reset_C:ExecuteUbergraph_Reset
[2018.07.14-17.49.18:033][  0]LogUObjectGlobals: Created PersistentFrame Addr=0x000001bd067417e0, Size=4, Default__Scale_C Function /Game/VirtualRealityBP/CustomUI/Widgets/Scale.Scale_C:ExecuteUbergraph_Scale
[2018.07.14-17.49.18:061][  0]LogUObjectGlobals: Created PersistentFrame Addr=0x000001bd06741798, Size=4, Default__Sun_C Function /Game/VirtualRealityBP/CustomUI/Widgets/Sun.Sun_C:ExecuteUbergraph_Sun
[2018.07.14-17.49.18:133][  0]LogUObjectGlobals: Created PersistentFrame Addr=0x000001bd067413f0, Size=4, Default__CameraViewport_C Function /Game/VirtualRealityBP/CustomUI/Widgets/CameraViewport.CameraViewport_C:ExecuteUbergraph_CameraViewport
[2018.07.14-17.49.18:355][  0]LogUObjectGlobals: Destroyed PersistentFrame Addr=0x000001bd10d38100, Size=2080
[2018.07.14-17.49.18:355][  0]LogUObjectGlobals: Created PersistentFrame Addr=0x000001bd09414b80, Size=2080, Default__BP_MotionController_C Function /Engine/Transient.REINST_BP_MotionController_C_10:ExecuteUbergraph_BP_MotionController
[2018.07.14-17.49.18:356][  0]LogUObjectGlobals: Destroyed PersistentFrame Addr=0x000001bd0649be40, Size=216
[2018.07.14-17.49.18:356][  0]LogUObjectGlobals: Created PersistentFrame Addr=0x000001bd0930bd60, Size=216, Default__MainWidget_C Function /Engine/Transient.REINST_MainWidget_C_11:ExecuteUbergraph_MainWidget
[2018.07.14-17.49.18:357][  0]LogUObjectGlobals: Destroyed PersistentFrame Addr=0x000001bd123de800, Size=240
[2018.07.14-17.49.18:357][  0]LogUObjectGlobals: Created PersistentFrame Addr=0x000001bd09105700, Size=240, Default__PencilComponent_C Function /Engine/Transient.REINST_PencilComponent_C_12:ExecuteUbergraph_PencilComponent
[2018.07.14-17.49.18:357][  0]LogUObjectGlobals: Destroyed PersistentFrame Addr=0x000001bd06741a28, Size=4
[2018.07.14-17.49.18:357][  0]LogUObjectGlobals: Created PersistentFrame Addr=0x000001bd093afac0, Size=4, Default__Camera_C Function /Engine/Transient.REINST_Camera_C_0:ExecuteUbergraph_Camera
[2018.07.14-17.49.18:357][  0]LogUObjectGlobals: Destroyed PersistentFrame Addr=0x000001bd067413f0, Size=4
[2018.07.14-17.49.18:357][  0]LogUObjectGlobals: Created PersistentFrame Addr=0x000001bd093afab0, Size=4, Default__CameraViewport_C Function /Engine/Transient.REINST_CameraViewport_C_1:ExecuteUbergraph_CameraViewport
[2018.07.14-17.49.18:358][  0]LogUObjectGlobals: Destroyed PersistentFrame Addr=0x000001bd232691a0, Size=56
[2018.07.14-17.49.18:358][  0]LogUObjectGlobals: Created PersistentFrame Addr=0x000001bd0943ec88, Size=56, Default__Colour_C Function /Engine/Transient.REINST_Colour_C_2:ExecuteUbergraph_Colour
[2018.07.14-17.49.18:358][  0]LogUObjectGlobals: Destroyed PersistentFrame Addr=0x000001bd067418a0, Size=4
[2018.07.14-17.49.18:358][  0]LogUObjectGlobals: Created PersistentFrame Addr=0x000001bd093afa98, Size=4, Default__Lazor_C Function /Engine/Transient.REINST_Lazor_C_3:ExecuteUbergraph_Lazor
[2018.07.14-17.49.18:358][  0]LogUObjectGlobals: Destroyed PersistentFrame Addr=0x000001bd067418e8, Size=4
[2018.07.14-17.49.18:358][  0]LogUObjectGlobals: Created PersistentFrame Addr=0x000001bd093afa88, Size=4, Default__Length_C Function /Engine/Transient.REINST_Length_C_4:ExecuteUbergraph_Length
[2018.07.14-17.49.18:359][  0]LogUObjectGlobals: Destroyed PersistentFrame Addr=0x000001bd06741860, Size=4
[2018.07.14-17.49.18:359][  0]LogUObjectGlobals: Created PersistentFrame Addr=0x000001bd093afa78, Size=4, Default__Pencil_C Function /Engine/Transient.REINST_Pencil_C_5:ExecuteUbergraph_Pencil
[2018.07.14-17.49.18:359][  0]LogUObjectGlobals: Destroyed PersistentFrame Addr=0x000001bd06741820, Size=4
[2018.07.14-17.49.18:359][  0]LogUObjectGlobals: Created PersistentFrame Addr=0x000001bd093afa68, Size=4, Default__Reset_C Function /Engine/Transient.REINST_Reset_C_6:ExecuteUbergraph_Reset
[2018.07.14-17.49.18:359][  0]LogUObjectGlobals: Destroyed PersistentFrame Addr=0x000001bd067417e0, Size=4
[2018.07.14-17.49.18:359][  0]LogUObjectGlobals: Created PersistentFrame Addr=0x000001bd093afa58, Size=4, Default__Scale_C Function /Engine/Transient.REINST_Scale_C_7:ExecuteUbergraph_Scale
[2018.07.14-17.49.18:359][  0]LogUObjectGlobals: Destroyed PersistentFrame Addr=0x000001bd06741798, Size=4
[2018.07.14-17.49.18:359][  0]LogUObjectGlobals: Created PersistentFrame Addr=0x000001bd093afa48, Size=4, Default__Sun_C Function /Engine/Transient.REINST_Sun_C_8:ExecuteUbergraph_Sun
[2018.07.14-17.49.18:435][  0]LogUObjectGlobals: Created PersistentFrame Addr=0x000001bd09f74b80, Size=2080, Default__BP_MotionController_C Function /Game/VirtualRealityBP/Blueprints/BP_MotionController.BP_MotionController_C:ExecuteUbergraph_BP_MotionController
[2018.07.14-17.49.18:441][  0]LogUObjectGlobals: Created PersistentFrame Addr=0x000001bd09eabe40, Size=216, Default__MainWidget_C Function /Game/VirtualRealityBP/CustomUI/MainWidget.MainWidget_C:ExecuteUbergraph_MainWidget
[2018.07.14-17.49.18:443][  0]LogUObjectGlobals: Created PersistentFrame Addr=0x000001bd09e54c00, Size=240, Default__PencilComponent_C Function /Game/VirtualRealityBP/CustomUI/PencilComponent.PencilComponent_C:ExecuteUbergraph_PencilComponent
[2018.07.14-17.49.18:444][  0]LogUObjectGlobals: Created PersistentFrame Addr=0x000001bd093adb88, Size=4, Default__Camera_C Function /Game/VirtualRealityBP/CustomUI/Widgets/Camera.Camera_C:ExecuteUbergraph_Camera
[2018.07.14-17.49.18:445][  0]LogUObjectGlobals: Created PersistentFrame Addr=0x000001bd093adb60, Size=4, Default__CameraViewport_C Function /Game/VirtualRealityBP/CustomUI/Widgets/CameraViewport.CameraViewport_C:ExecuteUbergraph_CameraViewport
[2018.07.14-17.49.18:446][  0]LogUObjectGlobals: Created PersistentFrame Addr=0x000001bd09e4b190, Size=56, Default__Colour_C Function /Game/VirtualRealityBP/CustomUI/Widgets/Colour.Colour_C:ExecuteUbergraph_Colour
[2018.07.14-17.49.18:447][  0]LogUObjectGlobals: Created PersistentFrame Addr=0x000001bd093ada80, Size=4, Default__Lazor_C Function /Game/VirtualRealityBP/CustomUI/Widgets/Lazor.Lazor_C:ExecuteUbergraph_Lazor
[2018.07.14-17.49.18:447][  0]LogUObjectGlobals: Created PersistentFrame Addr=0x000001bd093ada60, Size=4, Default__Length_C Function /Game/VirtualRealityBP/CustomUI/Widgets/Length.Length_C:ExecuteUbergraph_Length
[2018.07.14-17.49.18:448][  0]LogUObjectGlobals: Created PersistentFrame Addr=0x000001bd093ada30, Size=4, Default__Pencil_C Function /Game/VirtualRealityBP/CustomUI/Widgets/Pencil.Pencil_C:ExecuteUbergraph_Pencil
[2018.07.14-17.49.18:448][  0]LogUObjectGlobals: Created PersistentFrame Addr=0x000001bd093ada08, Size=4, Default__Reset_C Function /Game/VirtualRealityBP/CustomUI/Widgets/Reset.Reset_C:ExecuteUbergraph_Reset
[2018.07.14-17.49.18:449][  0]LogUObjectGlobals: Created PersistentFrame Addr=0x000001bd093ad9e0, Size=4, Default__Scale_C Function /Game/VirtualRealityBP/CustomUI/Widgets/Scale.Scale_C:ExecuteUbergraph_Scale
[2018.07.14-17.49.18:449][  0]LogUObjectGlobals: Created PersistentFrame Addr=0x000001bd093ad9b0, Size=4, Default__Sun_C Function /Game/VirtualRealityBP/CustomUI/Widgets/Sun.Sun_C:ExecuteUbergraph_Sun
[2018.07.14-17.49.18:491][  0]LogUObjectGlobals: Created PersistentFrame Addr=0x000001bd09e04800, Size=1152, Default__MotionControllerPawn_C Function /Game/VirtualRealityBP/Blueprints/MotionControllerPawn.MotionControllerPawn_C:ExecuteUbergraph_MotionControllerPawn
[2018.07.14-17.49.18:517][  0]LogUObjectGlobals: Destroyed PersistentFrame Addr=0x000001bd09e04800, Size=1152
[2018.07.14-17.49.18:517][  0]LogUObjectGlobals: Created PersistentFrame Addr=0x000001bd09e62b00, Size=1152, Default__MotionControllerPawn_C Function /Engine/Transient.REINST_MotionControllerPawn_C_25:ExecuteUbergraph_MotionControllerPawn
[2018.07.14-17.49.18:545][  0]LogUObjectGlobals: Created PersistentFrame Addr=0x000001bd09484100, Size=1152, Default__MotionControllerPawn_C Function /Game/VirtualRealityBP/Blueprints/MotionControllerPawn.MotionControllerPawn_C:ExecuteUbergraph_MotionControllerPawn
[2018.07.14-17.49.19:681][  0]LogSkeletalMesh: Skeletal Mesh found in DDC [8.242186ms] /Game/VirtualReality/Mannequin/Character/Mesh/MannequinHand_Right.MannequinHand_Right
[2018.07.14-17.49.20:090][  0]LogAIModule: Creating AISystem for world HMDLocomotionMap
[2018.07.14-17.49.20:159][  0]LogEditorServer: Finished looking for orphan Actors (0.000 secs)
[2018.07.14-17.49.24:753][  0]LogUObjectGlobals: Destroyed PersistentFrame Addr=0x000001bd040ccad8, Size=24
[2018.07.14-17.49.24:753][  0]LogUObjectGlobals: Destroyed PersistentFrame Addr=0x000001bd09414b80, Size=2080
[2018.07.14-17.49.24:753][  0]LogUObjectGlobals: Destroyed PersistentFrame Addr=0x000001bd09105700, Size=240
[2018.07.14-17.49.24:753][  0]LogUObjectGlobals: Destroyed PersistentFrame Addr=0x000001bd0930bd60, Size=216
[2018.07.14-17.49.24:753][  0]LogUObjectGlobals: Destroyed PersistentFrame Addr=0x000001bd093afac0, Size=4
[2018.07.14-17.49.24:753][  0]LogUObjectGlobals: Destroyed PersistentFrame Addr=0x000001bd0943ec88, Size=56
[2018.07.14-17.49.24:753][  0]LogUObjectGlobals: Destroyed PersistentFrame Addr=0x000001bd093afa88, Size=4
[2018.07.14-17.49.24:753][  0]LogUObjectGlobals: Destroyed PersistentFrame Addr=0x000001bd093afa98, Size=4
[2018.07.14-17.49.24:753][  0]LogUObjectGlobals: Destroyed PersistentFrame Addr=0x000001bd093afa78, Size=4
[2018.07.14-17.49.24:753][  0]LogUObjectGlobals: Destroyed PersistentFrame Addr=0x000001bd093afa68, Size=4
[2018.07.14-17.49.24:753][  0]LogUObjectGlobals: Destroyed PersistentFrame Addr=0x000001bd093afa58, Size=4
[2018.07.14-17.49.24:753][  0]LogUObjectGlobals: Destroyed PersistentFrame Addr=0x000001bd093afa48, Size=4
[2018.07.14-17.49.24:753][  0]LogUObjectGlobals: Destroyed PersistentFrame Addr=0x000001bd093afab0, Size=4
[2018.07.14-17.49.24:753][  0]LogUObjectGlobals: Destroyed PersistentFrame Addr=0x000001bd09e62b00, Size=1152
[2018.07.14-17.49.24:756][  0]Cmd: MAP CHECKDEP NOCLEARLOG
[2018.07.14-17.49.24:844][  0]MapCheck: Map check complete: 0 Error(s), 0 Warning(s), took 87.299ms to complete.
[2018.07.14-17.49.24:844][  0]LogFileHelpers: Loading map 'HMDLocomotionMap' took 25.262
[2018.07.14-17.49.25:032][  0]LogCollectionManager: Loaded 0 collections in 0.002474 seconds
[2018.07.14-17.49.25:078][  0]LogFileCache: Scanning file cache for directory 'D:/UE4/luigirusso87875/VRPencilGUI/Saved/Collections/' took 0.01s
[2018.07.14-17.49.25:078][  0]LogFileCache: Scanning file cache for directory 'D:/UE4/luigirusso87875/VRPencilGUI/Content/Developers/jabbe/Collections/' took 0.02s
[2018.07.14-17.49.25:078][  0]LogFileCache: Scanning file cache for directory 'D:/UE4/luigirusso87875/VRPencilGUI/Content/Collections/' took 0.00s
[2018.07.14-17.49.25:078][  0]LogCollectionManager: Rebuilt the GUID cache for 0 collections in 0.000001 seconds
[2018.07.14-17.49.25:093][  0]LogContentBrowser: Native class hierarchy populated in 0.0135 seconds. Added 2452 classes and 558 folders.
[2018.07.14-17.49.25:114][  0]LogContentBrowser: Native class hierarchy updated for 'WidgetCarousel' in 0.0003 seconds. Added 0 classes and 0 folders.
[2018.07.14-17.49.25:205][  0]LogContentBrowser: Native class hierarchy updated for 'AddContentDialog' in 0.0008 seconds. Added 0 classes and 0 folders.
[2018.07.14-17.49.25:214][  0]LogContentBrowser: Native class hierarchy updated for 'SceneOutliner' in 0.0004 seconds. Added 1 classes and 2 folders.
[2018.07.14-17.49.25:341][  0]LogSlate: Took 0.000399 seconds to synchronously load lazily loaded font '../../../Engine/Content/Slate/Fonts/Roboto-Regular.ttf' (155K)
[2018.07.14-17.49.25:343][  0]LogSlate: Took 0.000544 seconds to synchronously load lazily loaded font '../../../Engine/Content/Slate/Fonts/Roboto-Bold.ttf' (160K)
[2018.07.14-17.49.25:352][  0]LogSlate: Took 0.000442 seconds to synchronously load lazily loaded font '../../../Engine/Content/Editor/Slate/Fonts/FontAwesome.ttf' (139K)
[2018.07.14-17.49.25:508][  0]LogRenderer: Reallocating scene render targets to support 2048x2048 Format 10 NumSamples 1 (Frame:1).
[2018.07.14-17.49.25:927][  0]LogContentBrowser: Native class hierarchy updated for 'HierarchicalLODOutliner' in 0.0004 seconds. Added 0 classes and 0 folders.
[2018.07.14-17.49.25:927][  0]LogLoad: (Engine Initialization) Total time: 43.97 seconds
[2018.07.14-17.49.25:927][  0]LogLoad: (Engine Initialization) Total Blueprint compile time: 0.00 seconds
[2018.07.14-17.49.26:288][  0]LogContentStreaming: Texture pool size now 1000 MB
[2018.07.14-17.49.26:395][  0]LogSlate: Took 0.000354 seconds to synchronously load lazily loaded font '../../../Engine/Content/Slate/Fonts/Roboto-Light.ttf' (167K)
[2018.07.14-17.49.26:946][  2]LogAssetRegistry: Asset discovery search completed in 37.0314 seconds
[2018.07.14-17.49.26:949][  2]LogCollectionManager: Rebuilt the object cache for 0 collections in 0.000001 seconds (found 0 objects)
[2018.07.14-17.49.26:949][  2]LogCollectionManager: Fixed up redirectors for 0 collections in 0.000105 seconds (updated 0 objects)
[2018.07.14-17.49.27:298][  3]LogSlate: Took 0.000352 seconds to synchronously load lazily loaded font '../../../Engine/Content/Slate/Fonts/Roboto-Light.ttf' (167K)
[2018.07.14-17.52.44:948][723]LogSlate: FSceneViewport::OnFocusLost() reason 0
[2018.07.14-17.52.49:281][168]LogContentBrowser: Native class hierarchy updated for 'BlueprintGraph' in 0.0005 seconds. Added 116 classes and 0 folders.
[2018.07.14-17.52.49:519][168]LogUObjectGlobals: Created PersistentFrame Addr=0x000001bd90197230, Size=4, Default__SKEL_PROTO_BP_AnimBlueprint_0_C Function /Engine/Transient.SKEL_PROTO_BP_AnimBlueprint_0_C:ExecuteUbergraph_PROTO_BP_AnimBlueprint_0
[2018.07.14-17.52.49:520][168]LogUObjectGlobals: Created PersistentFrame Addr=0x000001bd90197228, Size=4, Default__PROTO_BP_AnimBlueprint_0_C Function /Engine/Transient.PROTO_BP_AnimBlueprint_0_C:ExecuteUbergraph_PROTO_BP_AnimBlueprint_0
[2018.07.14-17.52.49:893][168]LogSlate: Took 0.000434 seconds to synchronously load lazily loaded font '../../../Engine/Content/Slate/Fonts/Roboto-BoldCondensed.ttf' (158K)
[2018.07.14-17.52.50:172][169]LogSlate: Took 0.000306 seconds to synchronously load lazily loaded font '../../../Engine/Content/Slate/Fonts/Roboto-Italic.ttf' (157K)
[2018.07.14-17.53.22:604][867]LogTemp: Repeating last play command: Simulate
[2018.07.14-17.53.22:619][867]LogBlueprintUserMessages: Early PlayInEditor Detection: Level '/Game/VirtualRealityBP/Maps/HMDLocomotionMap.HMDLocomotionMap:PersistentLevel' has LevelScriptBlueprint '/Game/VirtualRealityBP/Maps/HMDLocomotionMap.HMDLocomotionMap:PersistentLevel.HMDLocomotionMap' with GeneratedClass '/Game/VirtualRealityBP/Maps/HMDLocomotionMap.HMDLocomotionMap_C' with ClassGeneratedBy '/Game/VirtualRealityBP/Maps/HMDLocomotionMap.HMDLocomotionMap:PersistentLevel.HMDLocomotionMap'
[2018.07.14-17.53.22:620][867]BlueprintLog: New page: Pre-Play auto-recompile
[2018.07.14-17.53.22:639][867]LogPlayLevel: [PlayLevel] Compiling PencilComponent before play...
[2018.07.14-17.53.22:648][867]LogUObjectGlobals: Destroyed PersistentFrame Addr=0x000001bd09e54c00, Size=240
[2018.07.14-17.53.22:649][867]LogUObjectGlobals: Created PersistentFrame Addr=0x000001bd9ce42900, Size=240, Default__PencilComponent_C Function /Engine/Transient.REINST_PencilComponent_C_43:ExecuteUbergraph_PencilComponent
[2018.07.14-17.53.22:652][867]LogUObjectGlobals: Created PersistentFrame Addr=0x000001bd91ff0a30, Size=104, Default__PencilComponent_C Function /Game/VirtualRealityBP/CustomUI/PencilComponent.PencilComponent_C:ExecuteUbergraph_PencilComponent
[2018.07.14-17.53.22:829][867]LogUObjectGlobals: Destroyed PersistentFrame Addr=0x000001bd9ce42900, Size=240
[2018.07.14-17.53.22:832][867]LogPlayLevel: PlayLevel: Blueprint regeneration took 211 ms (1 blueprints)
[2018.07.14-17.53.22:832][867]PIE: New page: SIE session: HMDLocomotionMap (14 Jul 2018 19:53:22)
[2018.07.14-17.53.22:832][867]LogPlayLevel: Creating play world package: /Game/VirtualRealityBP/Maps/UEDPIE_0_HMDLocomotionMap
[2018.07.14-17.53.22:840][867]LogPlayLevel: PIE: StaticDuplicateObject took: (0.007415s)
[2018.07.14-17.53.22:840][867]LogAIModule: Creating AISystem for world HMDLocomotionMap
[2018.07.14-17.53.22:841][867]LogPlayLevel: PIE: World Init took: (0.000559s)
[2018.07.14-17.53.22:841][867]LogPlayLevel: PIE: Created PIE world by copying editor world from /Game/VirtualRealityBP/Maps/HMDLocomotionMap.HMDLocomotionMap to /Game/VirtualRealityBP/Maps/UEDPIE_0_HMDLocomotionMap.HMDLocomotionMap (0.008132s)
[2018.07.14-17.53.22:867][867]LogInit: XAudio2 using 'Speakers (Realtek High Definition Audio)' : 2 channels at 48 kHz using 32 bits per sample (channel mask 0x3)
[2018.07.14-17.53.22:892][867]LogInit: FAudioDevice initialized.
[2018.07.14-17.53.22:935][867]LogLinker: Warning: Can't find file '/Game/VirtualRealityBP/Blueprints/VRGamemode'
[2018.07.14-17.53.22:935][867]LogLinker: Warning: Can't find file '/Game/VirtualRealityBP/Blueprints/VRGamemode'
[2018.07.14-17.53.22:935][867]LogUObjectGlobals: Warning: Failed to find object 'Class /Game/VirtualRealityBP/Blueprints/VRGamemode.VRGamemode_C'
[2018.07.14-17.53.22:935][867]LogLoad: Game class is 'GameModeBase'
[2018.07.14-17.53.22:943][867]LogWorld: Bringing World /Game/VirtualRealityBP/Maps/UEDPIE_0_HMDLocomotionMap.HMDLocomotionMap up for play (max tick rate 0) at 2018.07.14-18.53.22
[2018.07.14-17.53.22:957][867]LogWorld: Bringing up level for play took: 0.018273
[2018.07.14-17.53.22:957][867]LogGameMode: FindPlayerStart: PATHS NOT DEFINED or NO PLAYERSTART with positive rating
[2018.07.14-17.53.22:962][867]LogContentBrowser: Native class hierarchy updated for 'MovieSceneCapture' in 0.0005 seconds. Added 11 classes and 0 folders.
[2018.07.14-17.53.22:991][867]LogSlate: New Slate User Created.  User Index 8, Is Virtual User: 1
[2018.07.14-17.53.22:992][867]LogSlate: Slate User Registered.  User Index 8, Is Virtual User: 1
[2018.07.14-17.53.22:997][867]PIE: Play in editor start time for /Game/VirtualRealityBP/Maps/UEDPIE_0_HMDLocomotionMap 1.199
[2018.07.14-17.53.23:059][867]LogBlueprintUserMessages: Late PlayInEditor Detection: Level '/Game/VirtualRealityBP/Maps/HMDLocomotionMap.HMDLocomotionMap:PersistentLevel' has LevelScriptBlueprint '/Game/VirtualRealityBP/Maps/HMDLocomotionMap.HMDLocomotionMap:PersistentLevel.HMDLocomotionMap' with GeneratedClass '/Game/VirtualRealityBP/Maps/HMDLocomotionMap.HMDLocomotionMap_C' with ClassGeneratedBy '/Game/VirtualRealityBP/Maps/HMDLocomotionMap.HMDLocomotionMap:PersistentLevel.HMDLocomotionMap'
[2018.07.14-17.53.24:147][940]LogEditorViewport: Clicking on Actor (LMB): BP_MotionController_C (BP_MotionController)
[2018.07.14-17.53.34:406][ 51]LogSlate: FSceneViewport::OnFocusLost() reason 0
[2018.07.14-17.53.34:500][ 62]LogBlueprintUserMessages: Early EndPlayMap Detection: Level '/Game/VirtualRealityBP/Maps/HMDLocomotionMap.HMDLocomotionMap:PersistentLevel' has LevelScriptBlueprint '/Game/VirtualRealityBP/Maps/HMDLocomotionMap.HMDLocomotionMap:PersistentLevel.HMDLocomotionMap' with GeneratedClass '/Game/VirtualRealityBP/Maps/HMDLocomotionMap.HMDLocomotionMap_C' with ClassGeneratedBy '/Game/VirtualRealityBP/Maps/HMDLocomotionMap.HMDLocomotionMap:PersistentLevel.HMDLocomotionMap'
[2018.07.14-17.53.34:532][ 62]LogBlueprintUserMessages: Late EndPlayMap Detection: Level '/Game/VirtualRealityBP/Maps/HMDLocomotionMap.HMDLocomotionMap:PersistentLevel' has LevelScriptBlueprint '/Game/VirtualRealityBP/Maps/HMDLocomotionMap.HMDLocomotionMap:PersistentLevel.HMDLocomotionMap' with GeneratedClass '/Game/VirtualRealityBP/Maps/HMDLocomotionMap.HMDLocomotionMap_C' with ClassGeneratedBy '/Game/VirtualRealityBP/Maps/HMDLocomotionMap.HMDLocomotionMap:PersistentLevel.HMDLocomotionMap'
[2018.07.14-17.53.34:552][ 62]LogSlate: Slate User Unregistered.  User Index 8
[2018.07.14-17.53.34:552][ 62]LogSlate: Slate User Destroyed.  User Index 8, Is Virtual User: 1
[2018.07.14-17.53.38:684][533]LogSlate: FSceneViewport::OnFocusLost() reason 0
[2018.07.14-17.53.39:450][611]LogEditorTransaction: Undo Break Pin Links
[2018.07.14-17.53.39:453][611]LogUObjectGlobals: Created PersistentFrame Addr=0x000001bd90196ad0, Size=4, Default__SKEL_PencilComponent_C Function /Game/VirtualRealityBP/CustomUI/PencilComponent.SKEL_PencilComponent_C:ExecuteUbergraph_PencilComponent
[2018.07.14-17.59.47:547][860]LogFileHelpers: Editor autosave (incl. sublevels) for '/Game/VirtualRealityBP/Maps/HMDLocomotionMap' took 0.023
[2018.07.14-17.59.47:550][860]OBJ SavePackage: Generating thumbnails for [0] asset(s) in package [/Game/VirtualRealityBP/CustomUI/PencilComponent] ([1] browsable assets)...
[2018.07.14-17.59.47:550][860]OBJ SavePackage: Finished generating thumbnails for package [/Game/VirtualRealityBP/CustomUI/PencilComponent]
[2018.07.14-17.59.47:763][860]LogSavePackage: Save=45.74ms
[2018.07.14-17.59.47:763][860]LogSavePackage: Moving '../../../../../UE4/luigirusso87875/VRPencilGUI/Saved/PencilComponent_Auto19B241F414A1F3D428722408D47AAC8A0.tmp' to '../../../../../UE4/luigirusso87875/VRPencilGUI/Saved/Autosaves/Game/VirtualRealityBP/CustomUI/PencilComponent_Auto1.uasset'
[2018.07.14-17.59.47:797][860]LogSavePackage: Display: Finished SavePackage ../../../../../UE4/luigirusso87875/VRPencilGUI/Saved/Autosaves/Game/VirtualRealityBP/CustomUI/PencilComponent_Auto1.uasset
[2018.07.14-17.59.47:797][860]LogFileHelpers: Auto-saving content packages took 0.249
[2018.07.14-18.30.14:688][318]BlueprintLog: New page: Compile PencilComponent
[2018.07.14-18.30.14:700][318]LogUObjectGlobals: Destroyed PersistentFrame Addr=0x000001bd90196ad0, Size=4
[2018.07.14-18.30.14:700][318]LogUObjectGlobals: Created PersistentFrame Addr=0x000001bd9ebbc4c8, Size=4, Default__SKEL_PencilComponent_C Function /Engine/Transient.REINST_SKEL_PencilComponent_C_48:ExecuteUbergraph_PencilComponent
[2018.07.14-18.30.14:720][318]LogUObjectGlobals: Destroyed PersistentFrame Addr=0x000001bd91ff0a30, Size=104
[2018.07.14-18.30.14:720][318]LogUObjectGlobals: Created PersistentFrame Addr=0x000001bd81338720, Size=104, Default__PencilComponent_C Function /Engine/Transient.REINST_PencilComponent_C_51:ExecuteUbergraph_PencilComponent
[2018.07.14-18.30.14:724][318]LogUObjectGlobals: Created PersistentFrame Addr=0x000001bd06399900, Size=256, Default__PencilComponent_C Function /Game/VirtualRealityBP/CustomUI/PencilComponent.PencilComponent_C:ExecuteUbergraph_PencilComponent
[2018.07.14-18.30.14:891][318]LogUObjectGlobals: Destroyed PersistentFrame Addr=0x000001bd9ebbc4c8, Size=4
[2018.07.14-18.30.40:335][413]LogUObjectGlobals: Destroyed PersistentFrame Addr=0x000001bd81338720, Size=104
[2018.07.14-18.30.40:336][413]LogFileHelpers: Editor autosave (incl. sublevels) for '/Game/VirtualRealityBP/Maps/HMDLocomotionMap' took 0.020
[2018.07.14-18.30.40:339][413]OBJ SavePackage: Generating thumbnails for [0] asset(s) in package [/Game/VirtualRealityBP/CustomUI/PencilComponent] ([1] browsable assets)...
[2018.07.14-18.30.40:339][413]OBJ SavePackage: Finished generating thumbnails for package [/Game/VirtualRealityBP/CustomUI/PencilComponent]
[2018.07.14-18.30.40:397][413]LogSavePackage: Save=41.18ms
[2018.07.14-18.30.40:398][413]LogSavePackage: Moving '../../../../../UE4/luigirusso87875/VRPencilGUI/Saved/PencilComponent_Auto2EE433D914676EDFCD7B892859BE1F90A.tmp' to '../../../../../UE4/luigirusso87875/VRPencilGUI/Saved/Autosaves/Game/VirtualRealityBP/CustomUI/PencilComponent_Auto2.uasset'
[2018.07.14-18.30.40:426][413]LogSavePackage: Display: Finished SavePackage ../../../../../UE4/luigirusso87875/VRPencilGUI/Saved/Autosaves/Game/VirtualRealityBP/CustomUI/PencilComponent_Auto2.uasset
[2018.07.14-18.30.40:426][413]LogFileHelpers: Auto-saving content packages took 0.088
[2018.07.14-18.45.06:855][173]LogSlate: Window 'Save Content' being destroyed
[2018.07.14-18.45.06:934][173]LogSlate: Window 'VRPencilGUI - Unreal Editor' being destroyed
[2018.07.14-18.45.07:197][174]Cmd: QUIT_EDITOR
[2018.07.14-18.45.07:685][174]LogWindowsTextInputMethodSystem: Display: IME system now deactivated.
[2018.07.14-18.45.07:712][174]LogSlate: Slate User Destroyed.  User Index 0, Is Virtual User: 0
[2018.07.14-18.45.07:713][174]LogExit: Preparing to exit.
[2018.07.14-18.45.08:277][174]LogDirectoryWatcher: A directory notification for 'D:/UE4/luigirusso87875/VRPencilGUI/Content/' was aborted.
[2018.07.14-18.45.08:416][174]LogExit: Editor shut down
[2018.07.14-18.45.08:447][174]LogExit: Transaction tracking system shut down
[2018.07.14-18.45.08:450][174]LogUObjectGlobals: Destroyed PersistentFrame Addr=0x000001bd12393c28, Size=24
[2018.07.14-18.45.08:450][174]LogUObjectGlobals: Destroyed PersistentFrame Addr=0x000001bd09f74b80, Size=2080
[2018.07.14-18.45.08:451][174]LogUObjectGlobals: Destroyed PersistentFrame Addr=0x000001bd09eabe40, Size=216
[2018.07.14-18.45.08:451][174]LogUObjectGlobals: Destroyed PersistentFrame Addr=0x000001bd093adb88, Size=4
[2018.07.14-18.45.08:451][174]LogUObjectGlobals: Destroyed PersistentFrame Addr=0x000001bd093adb60, Size=4
[2018.07.14-18.45.08:451][174]LogUObjectGlobals: Destroyed PersistentFrame Addr=0x000001bd09e4b190, Size=56
[2018.07.14-18.45.08:451][174]LogUObjectGlobals: Destroyed PersistentFrame Addr=0x000001bd093ada80, Size=4
[2018.07.14-18.45.08:451][174]LogUObjectGlobals: Destroyed PersistentFrame Addr=0x000001bd093ada60, Size=4
[2018.07.14-18.45.08:451][174]LogUObjectGlobals: Destroyed PersistentFrame Addr=0x000001bd093ada30, Size=4
[2018.07.14-18.45.08:451][174]LogUObjectGlobals: Destroyed PersistentFrame Addr=0x000001bd093ada08, Size=4
[2018.07.14-18.45.08:451][174]LogUObjectGlobals: Destroyed PersistentFrame Addr=0x000001bd093ad9e0, Size=4
[2018.07.14-18.45.08:451][174]LogUObjectGlobals: Destroyed PersistentFrame Addr=0x000001bd093ad9b0, Size=4
[2018.07.14-18.45.08:451][174]LogUObjectGlobals: Destroyed PersistentFrame Addr=0x000001bd09484100, Size=1152
[2018.07.14-18.45.08:457][174]LogUObjectGlobals: Destroyed PersistentFrame Addr=0x000001bd90197230, Size=4
[2018.07.14-18.45.08:457][174]LogUObjectGlobals: Destroyed PersistentFrame Addr=0x000001bd90197228, Size=4
[2018.07.14-18.45.08:459][174]LogUObjectGlobals: Destroyed PersistentFrame Addr=0x000001bd06399900, Size=256
[2018.07.14-18.45.08:562][174]LogDirectoryWatcher: A directory notification for '../../../Engine/Content/' was aborted.
[2018.07.14-18.45.08:562][174]LogDirectoryWatcher: A directory notification for '../../../../../UE4/luigirusso87875/VRPencilGUI/Content/' was aborted.
[2018.07.14-18.45.08:562][174]LogDirectoryWatcher: A directory notification for '../../Plugins/2D/Paper2D/Content/' was aborted.
[2018.07.14-18.45.08:562][174]LogDirectoryWatcher: A directory notification for '../../Plugins/Enterprise/DatasmithContent/Content/' was aborted.
[2018.07.14-18.45.08:562][174]LogDirectoryWatcher: A directory notification for '../../Plugins/Media/MediaCompositing/Content/' was aborted.
[2018.07.14-18.45.08:562][174]LogDirectoryWatcher: A directory notification for '../../Plugins/Runtime/AppleARKit/Content/' was aborted.
[2018.07.14-18.45.08:562][174]LogDirectoryWatcher: A directory notification for '../../Plugins/Runtime/Oculus/OculusVR/Content/' was aborted.
[2018.07.14-18.45.08:562][174]LogDirectoryWatcher: A directory notification for '../../Plugins/Runtime/Steam/SteamVR/Content/' was aborted.
[2018.07.14-18.45.08:725][174]LogExit: Object subsystem successfully closed.
[2018.07.14-18.45.08:750][174]LogShaderCompilers: Display: Shaders left to compile 0
[2018.07.14-18.45.08:757][174]LogD3D11RHI: Shutdown
[2018.07.14-18.45.08:757][174]LogD3D11RHI: CleanupD3DDevice
[2018.07.14-18.45.08:762][174]LogD3D11RHI: ~FD3D11DynamicRHI
[2018.07.14-18.45.08:773][174]LogModuleManager: Shutting down and abandoning module MovieSceneCapture (578)
[2018.07.14-18.45.08:784][174]LogModuleManager: Shutting down and abandoning module BlueprintGraph (576)
[2018.07.14-18.45.08:784][174]LogModuleManager: Shutting down and abandoning module HierarchicalLODOutliner (574)
[2018.07.14-18.45.08:784][174]LogModuleManager: Shutting down and abandoning module SceneOutliner (572)
[2018.07.14-18.45.08:784][174]LogModuleManager: Shutting down and abandoning module AddContentDialog (570)
[2018.07.14-18.45.08:784][174]LogDirectoryWatcher: A directory notification for 'D:/Epic Games/UE_4.19/FeaturePacks/' was aborted.
[2018.07.14-18.45.08:789][174]LogModuleManager: Shutting down and abandoning module WidgetCarousel (569)
[2018.07.14-18.45.08:789][174]LogModuleManager: Shutting down and abandoning module EditorWidgets (566)
[2018.07.14-18.45.08:789][174]LogModuleManager: Shutting down and abandoning module CollectionManager (564)
[2018.07.14-18.45.08:790][174]LogDirectoryWatcher: A directory notification for 'D:/UE4/luigirusso87875/VRPencilGUI/Content/Collections/' was aborted.
[2018.07.14-18.45.08:790][174]LogDirectoryWatcher: A directory notification for 'D:/UE4/luigirusso87875/VRPencilGUI/Content/Developers/jabbe/Collections/' was aborted.
[2018.07.14-18.45.08:790][174]LogDirectoryWatcher: A directory notification for 'D:/UE4/luigirusso87875/VRPencilGUI/Saved/Collections/' was aborted.
[2018.07.14-18.45.08:790][174]LogModuleManager: Shutting down and abandoning module StatsViewer (562)
[2018.07.14-18.45.08:790][174]LogModuleManager: Shutting down and abandoning module FoliageEdit (560)
[2018.07.14-18.45.08:790][174]LogModuleManager: Shutting down and abandoning module LandscapeEditor (558)
[2018.07.14-18.45.08:790][174]LogModuleManager: Shutting down and abandoning module MeshPaintMode (556)
[2018.07.14-18.45.08:790][174]LogModuleManager: Shutting down and abandoning module SceneDepthPickerMode (554)
[2018.07.14-18.45.08:790][174]LogModuleManager: Shutting down and abandoning module ActorPickerMode (552)
[2018.07.14-18.45.08:790][174]LogModuleManager: Shutting down and abandoning module GeometryMode (550)
[2018.07.14-18.45.08:790][174]LogModuleManager: Shutting down and abandoning module TextureAlignMode (548)
[2018.07.14-18.45.08:790][174]LogModuleManager: Shutting down and abandoning module BspMode (546)
[2018.07.14-18.45.08:790][174]LogModuleManager: Shutting down and abandoning module PIEPreviewDeviceProfileSelector (544)
[2018.07.14-18.45.08:790][174]LogModuleManager: Shutting down and abandoning module HardwareSurvey (542)
[2018.07.14-18.45.08:790][174]LogModuleManager: Shutting down and abandoning module SequenceRecorderSections (540)
[2018.07.14-18.45.08:790][174]LogModuleManager: Shutting down and abandoning module AutomationWorker (538)
[2018.07.14-18.45.08:791][174]LogModuleManager: Shutting down and abandoning module AudioCaptureEditor (536)
[2018.07.14-18.45.08:791][174]LogModuleManager: Shutting down and abandoning module SequenceRecorder (535)
[2018.07.14-18.45.08:791][174]LogModuleManager: Shutting down and abandoning module MatineeToLevelSequence (532)
[2018.07.14-18.45.08:791][174]LogModuleManager: Shutting down and abandoning module LevelSequenceEditor (530)
[2018.07.14-18.45.08:791][174]LogModuleManager: Shutting down and abandoning module PlacementMode (529)
[2018.07.14-18.45.08:791][174]LogModuleManager: Shutting down and abandoning module MaterialEditor (528)
[2018.07.14-18.45.08:791][174]LogModuleManager: Shutting down and abandoning module WmfMediaFactory (524)
[2018.07.14-18.45.08:791][174]LogModuleManager: Shutting down and abandoning module WmfMediaEditor (522)
[2018.07.14-18.45.08:791][174]LogModuleManager: Shutting down and abandoning module MediaPlayerEditor (520)
[2018.07.14-18.45.08:791][174]LogModuleManager: Shutting down and abandoning module OpenExrWrapper (518)
[2018.07.14-18.45.08:791][174]LogModuleManager: Shutting down and abandoning module ImgMediaFactory (516)
[2018.07.14-18.45.08:791][174]LogModuleManager: Shutting down and abandoning module ImgMediaEditor (514)
[2018.07.14-18.45.08:791][174]LogModuleManager: Shutting down and abandoning module AvfMediaFactory (512)
[2018.07.14-18.45.08:791][174]LogModuleManager: Shutting down and abandoning module AvfMediaEditor (510)
[2018.07.14-18.45.08:791][174]LogModuleManager: Shutting down and abandoning module AndroidMediaFactory (508)
[2018.07.14-18.45.08:791][174]LogModuleManager: Shutting down and abandoning module AndroidMediaEditor (506)
[2018.07.14-18.45.08:791][174]LogModuleManager: Shutting down and abandoning module CharacterAI (504)
[2018.07.14-18.45.08:791][174]LogModuleManager: Shutting down and abandoning module SmartSnapping (502)
[2018.07.14-18.45.08:791][174]LogModuleManager: Shutting down and abandoning module SessionServices (500)
[2018.07.14-18.45.08:791][174]LogModuleManager: Shutting down and abandoning module ViewportSnapping (498)
[2018.07.14-18.45.08:791][174]LogModuleManager: Shutting down and abandoning module ViewportInteraction (496)
[2018.07.14-18.45.08:791][174]LogModuleManager: Shutting down and abandoning module ClothPainter (494)
[2018.07.14-18.45.08:791][174]LogModuleManager: Shutting down and abandoning module SkeletalMeshEditor (493)
[2018.07.14-18.45.08:791][174]LogModuleManager: Shutting down and abandoning module LogVisualizer (490)
[2018.07.14-18.45.08:791][174]LogModuleManager: Shutting down and abandoning module IntroTutorials (488)
[2018.07.14-18.45.08:791][174]LogModuleManager: Shutting down and abandoning module GameProjectGeneration (487)
[2018.07.14-18.45.08:791][174]LogModuleManager: Shutting down and abandoning module IOSPlatformEditor (484)
[2018.07.14-18.45.08:791][174]LogModuleManager: Shutting down and abandoning module HTML5PlatformEditor (482)
[2018.07.14-18.45.08:791][174]LogModuleManager: Shutting down and abandoning module AndroidPlatformEditor (480)
[2018.07.14-18.45.08:792][174]LogModuleManager: Shutting down and abandoning module AndroidDeviceDetection (479)
[2018.07.14-18.45.09:233][174]LogModuleManager: Shutting down and abandoning module WindowsPlatformEditor (476)
[2018.07.14-18.45.09:233][174]LogModuleManager: Shutting down and abandoning module IOSRuntimeSettings (474)
[2018.07.14-18.45.09:233][174]LogModuleManager: Shutting down and abandoning module AndroidRuntimeSettings (472)
[2018.07.14-18.45.09:233][174]LogModuleManager: Shutting down and abandoning module InputBindingEditor (470)
[2018.07.14-18.45.09:234][174]LogModuleManager: Shutting down and abandoning module MergeActors (468)
[2018.07.14-18.45.09:234][174]LogModuleManager: Shutting down and abandoning module LocalizationDashboard (466)
[2018.07.14-18.45.09:234][174]LogModuleManager: Shutting down and abandoning module LocalizationService (465)
[2018.07.14-18.45.09:234][174]LogModuleManager: Shutting down and abandoning module HardwareTargeting (462)
[2018.07.14-18.45.09:234][174]LogModuleManager: Shutting down and abandoning module DeviceProfileEditor (460)
[2018.07.14-18.45.09:234][174]LogModuleManager: Shutting down and abandoning module UndoHistory (458)
[2018.07.14-18.45.09:234][174]LogModuleManager: Shutting down and abandoning module XmlParser (456)
[2018.07.14-18.45.09:234][174]LogModuleManager: Shutting down and abandoning module Blutility (454)
[2018.07.14-18.45.09:234][174]LogModuleManager: Shutting down and abandoning module ProjectSettingsViewer (452)
[2018.07.14-18.45.09:234][174]LogModuleManager: Shutting down and abandoning module ProjectTargetPlatformEditor (451)
[2018.07.14-18.45.09:234][174]LogModuleManager: Shutting down and abandoning module EditorSettingsViewer (448)
[2018.07.14-18.45.09:234][174]LogModuleManager: Shutting down and abandoning module SettingsEditor (446)
[2018.07.14-18.45.09:234][174]LogModuleManager: Shutting down and abandoning module ProjectLauncher (444)
[2018.07.14-18.45.09:234][174]LogModuleManager: Shutting down and abandoning module SessionFrontend (442)
[2018.07.14-18.45.09:234][174]LogModuleManager: Shutting down and abandoning module ProfilerClient (440)
[2018.07.14-18.45.09:235][174]LogModuleManager: Shutting down and abandoning module DeviceManager (438)
[2018.07.14-18.45.09:235][174]LogModuleManager: Shutting down and abandoning module TargetDeviceServices (437)
[2018.07.14-18.45.09:290][174]LogModuleManager: Shutting down and abandoning module AutomationController (434)
[2018.07.14-18.45.09:290][174]LogModuleManager: Shutting down and abandoning module AutomationWindow (432)
[2018.07.14-18.45.09:290][174]LogModuleManager: Shutting down and abandoning module Layers (430)
[2018.07.14-18.45.09:290][174]LogModuleManager: Shutting down and abandoning module ComponentVisualizers (428)
[2018.07.14-18.45.09:290][174]LogModuleManager: Shutting down and abandoning module DetailCustomizations (426)
[2018.07.14-18.45.09:290][174]LogModuleManager: Shutting down and abandoning module PackagesDialog (424)
[2018.07.14-18.45.09:291][174]LogModuleManager: Shutting down and abandoning module Persona (422)
[2018.07.14-18.45.09:291][174]LogModuleManager: Shutting down and abandoning module AdvancedPreviewScene (421)
[2018.07.14-18.45.09:291][174]LogModuleManager: Shutting down and abandoning module AnimGraph (419)
[2018.07.14-18.45.09:291][174]LogModuleManager: Shutting down and abandoning module Kismet (416)
[2018.07.14-18.45.09:305][174]LogModuleManager: Shutting down and abandoning module GraphEditor (414)
[2018.07.14-18.45.09:305][174]LogModuleManager: Shutting down and abandoning module ClassViewer (412)
[2018.07.14-18.45.09:306][174]LogModuleManager: Shutting down and abandoning module Toolbox (410)
[2018.07.14-18.45.09:306][174]LogModuleManager: Shutting down and abandoning module ModuleUI (408)
[2018.07.14-18.45.09:306][174]LogModuleManager: Shutting down and abandoning module MovieSceneTools (406)
[2018.07.14-18.45.09:306][174]LogModuleManager: Shutting down and abandoning module OutputLog (404)
[2018.07.14-18.45.09:306][174]LogModuleManager: Shutting down and abandoning module GammaUI (402)
[2018.07.14-18.45.09:306][174]LogModuleManager: Shutting down and abandoning module Documentation (400)
[2018.07.14-18.45.09:306][174]LogModuleManager: Shutting down and abandoning module MovieSceneTracks (398)
[2018.07.14-18.45.09:306][174]LogModuleManager: Shutting down and abandoning module MovieScene (396)
[2018.07.14-18.45.09:306][174]LogModuleManager: Shutting down and abandoning module StreamingPauseRendering (394)
[2018.07.14-18.45.09:306][174]LogModuleManager: Shutting down and abandoning module LauncherPlatform (392)
[2018.07.14-18.45.09:306][174]LogModuleManager: Shutting down and abandoning module AnalyticsET (390)
[2018.07.14-18.45.09:306][174]LogModuleManager: Shutting down and abandoning module PortalServices (388)
[2018.07.14-18.45.09:306][174]LogModuleManager: Shutting down and abandoning module PortalRpc (386)
[2018.07.14-18.45.09:306][174]LogModuleManager: Shutting down and abandoning module MessagingRpc (384)
[2018.07.14-18.45.09:306][174]LogModuleManager: Shutting down and abandoning module AIModule (382)
[2018.07.14-18.45.09:307][174]LogModuleManager: Shutting down and abandoning module GameplayDebugger (381)
[2018.07.14-18.45.09:307][174]LogModuleManager: Shutting down and abandoning module AITestSuite (379)
[2018.07.14-18.45.09:307][174]LogModuleManager: Shutting down and abandoning module DesktopPlatform (376)
[2018.07.14-18.45.09:307][174]LogModuleManager: Shutting down and abandoning module ProfilerService (374)
[2018.07.14-18.45.09:317][174]LogModuleManager: Shutting down and abandoning module TaskGraph (372)
[2018.07.14-18.45.09:317][174]LogModuleManager: Shutting down and abandoning module SteamVRController (370)
[2018.07.14-18.45.09:317][174]LogModuleManager: Shutting down and abandoning module ProceduralMeshComponentEditor (368)
[2018.07.14-18.45.09:317][174]LogModuleManager: Shutting down and abandoning module ProceduralMeshComponent (366)
[2018.07.14-18.45.09:317][174]LogModuleManager: Shutting down and abandoning module OculusInput (364)
[2018.07.14-18.45.09:317][174]LogModuleManager: Shutting down and abandoning module MobilePatchingUtils (362)
[2018.07.14-18.45.09:317][174]LogModuleManager: Shutting down and abandoning module CustomMeshComponent (360)
[2018.07.14-18.45.09:317][174]LogModuleManager: Shutting down and abandoning module CableComponent (358)
[2018.07.14-18.45.09:317][174]LogModuleManager: Shutting down and abandoning module AudioCapture (356)
[2018.07.14-18.45.09:318][174]LogModuleManager: Shutting down and abandoning module ArchVisCharacter (354)
[2018.07.14-18.45.09:318][174]LogModuleManager: Shutting down and abandoning module AndroidPermission (352)
[2018.07.14-18.45.09:318][174]LogModuleManager: Shutting down and abandoning module NUTUnrealEngine4 (348)
[2018.07.14-18.45.09:318][174]LogModuleManager: Shutting down and abandoning module NetcodeUnitTest (346)
[2018.07.14-18.45.09:318][174]LogModuleManager: Shutting down and abandoning module MediaCompositingEditor (344)
[2018.07.14-18.45.09:318][174]LogModuleManager: Shutting down and abandoning module MediaCompositing (342)
[2018.07.14-18.45.09:318][174]LogModuleManager: Shutting down and abandoning module LinearTimecode (340)
[2018.07.14-18.45.09:318][174]LogModuleManager: Shutting down and abandoning module ImgMedia (338)
[2018.07.14-18.45.09:325][174]LogModuleManager: Shutting down and abandoning module HTML5Networking (336)
[2018.07.14-18.45.09:325][174]LogModuleManager: Shutting down and abandoning module AlembicImporter (334)
[2018.07.14-18.45.09:325][174]LogModuleManager: Shutting down and abandoning module AlembicLibrary (333)
[2018.07.14-18.45.09:325][174]LogModuleManager: Shutting down and abandoning module GeometryCache (332)
[2018.07.14-18.45.09:325][174]LogModuleManager: Shutting down and abandoning module GeometryCacheEd (331)
[2018.07.14-18.45.09:325][174]LogModuleManager: Shutting down and abandoning module DatasmithContent (326)
[2018.07.14-18.45.09:325][174]LogModuleManager: Shutting down and abandoning module SpeedTreeImporter (324)
[2018.07.14-18.45.09:325][174]LogModuleManager: Shutting down and abandoning module PluginBrowser (322)
[2018.07.14-18.45.09:325][174]LogModuleManager: Shutting down and abandoning module MobileLauncherProfileWizard (320)
[2018.07.14-18.45.09:325][174]LogModuleManager: Shutting down and abandoning module CryptoKeysOpenSSL (318)
[2018.07.14-18.45.09:325][174]LogModuleManager: Shutting down and abandoning module CryptoKeys (316)
[2018.07.14-18.45.09:325][174]LogModuleManager: Shutting down and abandoning module VisualStudioSourceCodeAccess (314)
[2018.07.14-18.45.09:325][174]LogModuleManager: Shutting down and abandoning module VisualStudioCodeSourceCodeAccess (312)
[2018.07.14-18.45.09:325][174]LogModuleManager: Shutting down and abandoning module UObjectPlugin (310)
[2018.07.14-18.45.09:325][174]LogModuleManager: Shutting down and abandoning module SubversionSourceControl (308)
[2018.07.14-18.45.09:325][174]LogModuleManager: Shutting down and abandoning module PerforceSourceControl (306)
[2018.07.14-18.45.09:325][174]LogModuleManager: Shutting down and abandoning module GitSourceControl (304)
[2018.07.14-18.45.09:326][174]LogModuleManager: Shutting down and abandoning module SourceControl (303)
[2018.07.14-18.45.09:326][174]LogModuleManager: Shutting down and abandoning module CLionSourceCodeAccess (300)
[2018.07.14-18.45.09:326][174]LogModuleManager: Shutting down and abandoning module LightPropagationVolumeEditor (298)
[2018.07.14-18.45.09:326][174]LogModuleManager: Shutting down and abandoning module PaperTiledImporter (296)
[2018.07.14-18.45.09:326][174]LogModuleManager: Shutting down and abandoning module PaperSpriteSheetImporter (294)
[2018.07.14-18.45.09:326][174]LogModuleManager: Shutting down and abandoning module Paper2DEditor (292)
[2018.07.14-18.45.09:326][174]LogModuleManager: Shutting down and abandoning module MeshPaint (291)
[2018.07.14-18.45.09:326][174]LogModuleManager: Shutting down and abandoning module RuntimePhysXCooking (288)
[2018.07.14-18.45.09:326][174]LogModuleManager: Shutting down and abandoning module PhysXVehiclesEditor (286)
[2018.07.14-18.45.09:326][174]LogModuleManager: Shutting down and abandoning module PhysXVehicles (284)
[2018.07.14-18.45.09:326][174]LogModuleManager: Shutting down and abandoning module OculusEditor (282)
[2018.07.14-18.45.09:326][174]LogModuleManager: Shutting down and abandoning module LocationServicesBPLibrary (280)
[2018.07.14-18.45.09:326][174]LogModuleManager: Shutting down and abandoning module ImmediatePhysicsEditor (278)
[2018.07.14-18.45.09:326][174]LogModuleManager: Shutting down and abandoning module ImmediatePhysics (276)
[2018.07.14-18.45.09:326][174]LogModuleManager: Shutting down and abandoning module ActorSequence (274)
[2018.07.14-18.45.09:326][174]LogModuleManager: Shutting down and abandoning module UdpMessaging (272)
[2018.07.14-18.45.09:427][174]LogModuleManager: Shutting down and abandoning module TcpMessaging (270)
[2018.07.14-18.45.09:528][174]LogModuleManager: Shutting down and abandoning module GameplayTagsEditor (268)
[2018.07.14-18.45.09:528][174]LogModuleManager: Shutting down and abandoning module FacialAnimationEditor (266)
[2018.07.14-18.45.09:528][174]LogModuleManager: Shutting down and abandoning module FacialAnimation (264)
[2018.07.14-18.45.09:528][174]LogModuleManager: Shutting down and abandoning module DataValidation (262)
[2018.07.14-18.45.09:528][174]LogModuleManager: Shutting down and abandoning module AssetManagerEditor (260)
[2018.07.14-18.45.09:528][174]LogModuleManager: Shutting down and abandoning module LevelEditor (259)
[2018.07.14-18.45.09:529][174]LogModuleManager: Shutting down and abandoning module PixelInspectorModule (258)
[2018.07.14-18.45.09:529][174]LogModuleManager: Shutting down and abandoning module CommonMenuExtensions (256)
[2018.07.14-18.45.09:530][174]LogModuleManager: Shutting down and abandoning module MainFrame (254)
[2018.07.14-18.45.09:530][174]LogModuleManager: Shutting down and abandoning module HotReload (253)
[2018.07.14-18.45.09:530][174]LogModuleManager: Shutting down and abandoning module ContentBrowser (249)
[2018.07.14-18.45.09:532][174]LogModuleManager: Shutting down and abandoning module TreeMap (247)
[2018.07.14-18.45.09:532][174]LogModuleManager: Shutting down and abandoning module LightPropagationVolumeRuntime (244)
[2018.07.14-18.45.09:532][174]LogModuleManager: Shutting down and abandoning module LiveLinkEditor (242)
[2018.07.14-18.45.09:532][174]LogModuleManager: Shutting down and abandoning module LiveLink (240)
[2018.07.14-18.45.09:540][174]LogModuleManager: Shutting down and abandoning module Paper2D (238)
[2018.07.14-18.45.09:540][174]LogModuleManager: Shutting down and abandoning module WindowsMoviePlayer (236)
[2018.07.14-18.45.09:540][174]LogModuleManager: Shutting down and abandoning module WmfMedia (234)
[2018.07.14-18.45.09:541][174]LogModuleManager: Shutting down and abandoning module Media (233)
[2018.07.14-18.45.09:547][174]LogModuleManager: Shutting down and abandoning module PacketHandler (230)
[2018.07.14-18.45.09:548][174]LogModuleManager: Shutting down and abandoning module ClothingSystemEditor (228)
[2018.07.14-18.45.09:548][174]LogModuleManager: Shutting down and abandoning module ClothingSystemRuntime (226)
[2018.07.14-18.45.09:548][174]LogModuleManager: Shutting down and abandoning module MediaAssets (224)
[2018.07.14-18.45.09:548][174]LogModuleManager: Shutting down and abandoning module Overlay (222)
[2018.07.14-18.45.09:548][174]LogModuleManager: Shutting down and abandoning module OverlayEditor (221)
[2018.07.14-18.45.09:548][174]LogModuleManager: Shutting down and abandoning module VREditor (218)
[2018.07.14-18.45.09:548][174]LogModuleManager: Shutting down and abandoning module StringTableEditor (216)
[2018.07.14-18.45.09:548][174]LogModuleManager: Shutting down and abandoning module GameplayTasksEditor (214)
[2018.07.14-18.45.09:548][174]LogModuleManager: Shutting down and abandoning module BehaviorTreeEditor (212)
[2018.07.14-18.45.09:548][174]LogModuleManager: Shutting down and abandoning module FunctionalTesting (210)
[2018.07.14-18.45.09:548][174]LogModuleManager: Shutting down and abandoning module CollisionAnalyzer (208)
[2018.07.14-18.45.09:548][174]LogModuleManager: Shutting down and abandoning module WorkspaceMenuStructure (207)
[2018.07.14-18.45.09:548][174]LogModuleManager: Shutting down and abandoning module UMG (204)
[2018.07.14-18.45.09:548][174]LogModuleManager: Shutting down and abandoning module UMGEditor (203)
[2018.07.14-18.45.09:548][174]LogModuleManager: Shutting down and abandoning module Sequencer (202)
[2018.07.14-18.45.09:549][174]LogModuleManager: Shutting down and abandoning module MessageLog (199)
[2018.07.14-18.45.09:549][174]LogModuleManager: Shutting down and abandoning module SlateReflector (194)
[2018.07.14-18.45.09:549][174]LogModuleManager: Shutting down and abandoning module Slate (192)
[2018.07.14-18.45.09:549][174]LogModuleManager: Shutting down and abandoning module EditorStyle (190)
[2018.07.14-18.45.09:551][174]LogModuleManager: Shutting down and abandoning module MRMesh (188)
[2018.07.14-18.45.09:551][174]LogModuleManager: Shutting down and abandoning module SourceCodeAccess (186)
[2018.07.14-18.45.09:551][174]LogModuleManager: Shutting down and abandoning module HeadMountedDisplay (184)
[2018.07.14-18.45.09:551][174]LogModuleManager: Shutting down and abandoning module XAudio2 (182)
[2018.07.14-18.45.09:551][174]LogModuleManager: Shutting down and abandoning module Networking (180)
[2018.07.14-18.45.09:551][174]LogModuleManager: Shutting down and abandoning module Core (178)
[2018.07.14-18.45.09:551][174]LogModuleManager: Shutting down and abandoning module LevelSequence (176)
[2018.07.14-18.45.09:551][174]LogModuleManager: Shutting down and abandoning module KismetCompiler (174)
[2018.07.14-18.45.09:551][174]LogModuleManager: Shutting down and abandoning module MeshUtilities (172)
[2018.07.14-18.45.09:551][174]LogModuleManager: Shutting down and abandoning module MeshMergeUtilities (171)
[2018.07.14-18.45.09:551][174]LogModuleManager: Shutting down and abandoning module MeshReductionInterface (170)
[2018.07.14-18.45.09:551][174]LogModuleManager: Shutting down and abandoning module SimplygonSwarm (169)
[2018.07.14-18.45.09:551][174]LogModuleManager: Shutting down and abandoning module SimplygonMeshReduction (167)
[2018.07.14-18.45.09:551][174]LogModuleManager: Shutting down and abandoning module QuadricMeshReduction (165)
[2018.07.14-18.45.09:552][174]LogModuleManager: Shutting down and abandoning module MaterialBaking (161)
[2018.07.14-18.45.09:552][174]LogModuleManager: Shutting down and abandoning module DirectoryWatcher (157)
[2018.07.14-18.45.09:560][174]LogModuleManager: Shutting down and abandoning module DerivedDataCache (154)
[2018.07.14-18.45.09:605][174]LogDerivedDataCache: Shutdown
[2018.07.14-18.45.09:605][174]LogModuleManager: Shutting down and abandoning module XGEController (152)
[2018.07.14-18.45.09:606][174]LogModuleManager: Shutting down and abandoning module TargetPlatform (150)
[2018.07.14-18.45.09:606][174]LogModuleManager: Shutting down and abandoning module VulkanShaderFormat (149)
[2018.07.14-18.45.09:606][174]LogModuleManager: Shutting down and abandoning module ShaderFormatVectorVM (147)
[2018.07.14-18.45.09:606][174]LogModuleManager: Shutting down and abandoning module ShaderFormatOpenGL (145)
[2018.07.14-18.45.09:606][174]LogModuleManager: Shutting down and abandoning module ShaderFormatD3D (143)
[2018.07.14-18.45.09:606][174]LogModuleManager: Shutting down and abandoning module MetalShaderFormat (141)
[2018.07.14-18.45.09:606][174]LogModuleManager: Shutting down and abandoning module TextureFormatUncompressed (139)
[2018.07.14-18.45.09:606][174]LogModuleManager: Shutting down and abandoning module TextureFormatPVR (137)
[2018.07.14-18.45.09:606][174]LogModuleManager: Shutting down and abandoning module TextureFormatDXT (135)
[2018.07.14-18.45.09:606][174]LogModuleManager: Shutting down and abandoning module TextureFormatIntelISPCTexComp (133)
[2018.07.14-18.45.09:606][174]LogModuleManager: Shutting down and abandoning module TextureFormatASTC (131)
[2018.07.14-18.45.09:606][174]LogModuleManager: Shutting down and abandoning module ImageWrapper (130)
[2018.07.14-18.45.09:606][174]LogModuleManager: Shutting down and abandoning module TextureFormatAndroid (127)
[2018.07.14-18.45.09:606][174]LogModuleManager: Shutting down and abandoning module AudioFormatOpus (125)
[2018.07.14-18.45.09:606][174]LogModuleManager: Shutting down and abandoning module AudioFormatOgg (123)
[2018.07.14-18.45.09:606][174]LogModuleManager: Shutting down and abandoning module AudioFormatADPCM (121)
[2018.07.14-18.45.09:606][174]LogModuleManager: Shutting down and abandoning module LinuxTargetPlatform (119)
[2018.07.14-18.45.09:607][174]LogModuleManager: Shutting down and abandoning module LinuxServerTargetPlatform (117)
[2018.07.14-18.45.09:607][174]LogModuleManager: Shutting down and abandoning module LinuxNoEditorTargetPlatform (115)
[2018.07.14-18.45.09:607][174]LogModuleManager: Shutting down and abandoning module LinuxClientTargetPlatform (113)
[2018.07.14-18.45.09:607][174]LogModuleManager: Shutting down and abandoning module TVOSTargetPlatform (111)
[2018.07.14-18.45.09:607][174]LogModuleManager: Shutting down and abandoning module Messaging (109)
[2018.07.14-18.45.09:607][174]LogModuleManager: Shutting down and abandoning module IOSTargetPlatform (107)
[2018.07.14-18.45.09:607][174]LogModuleManager: Shutting down and abandoning module HTML5TargetPlatform (105)
[2018.07.14-18.45.09:607][174]LogModuleManager: Shutting down and abandoning module AndroidTargetPlatform (103)
[2018.07.14-18.45.09:607][174]LogModuleManager: Shutting down and abandoning module Android_PVRTCTargetPlatform (101)
[2018.07.14-18.45.09:607][174]LogModuleManager: Shutting down and abandoning module Android_MultiTargetPlatform (99)
[2018.07.14-18.45.09:607][174]LogModuleManager: Shutting down and abandoning module Android_ETC2TargetPlatform (97)
[2018.07.14-18.45.09:607][174]LogModuleManager: Shutting down and abandoning module Android_ETC1TargetPlatform (95)
[2018.07.14-18.45.09:607][174]LogModuleManager: Shutting down and abandoning module Android_ETC1aTargetPlatform (93)
[2018.07.14-18.45.09:607][174]LogModuleManager: Shutting down and abandoning module Android_DXTTargetPlatform (91)
[2018.07.14-18.45.09:607][174]LogModuleManager: Shutting down and abandoning module Android_ATCTargetPlatform (89)
[2018.07.14-18.45.09:607][174]LogModuleManager: Shutting down and abandoning module Android_ASTCTargetPlatform (87)
[2018.07.14-18.45.09:607][174]LogModuleManager: Shutting down and abandoning module WindowsTargetPlatform (85)
[2018.07.14-18.45.09:607][174]LogModuleManager: Shutting down and abandoning module WindowsServerTargetPlatform (83)
[2018.07.14-18.45.09:607][174]LogModuleManager: Shutting down and abandoning module WindowsNoEditorTargetPlatform (81)
[2018.07.14-18.45.09:607][174]LogModuleManager: Shutting down and abandoning module WindowsClientTargetPlatform (79)
[2018.07.14-18.45.09:607][174]LogModuleManager: Shutting down and abandoning module MacTargetPlatform (77)
[2018.07.14-18.45.09:607][174]LogModuleManager: Shutting down and abandoning module MacServerTargetPlatform (75)
[2018.07.14-18.45.09:607][174]LogModuleManager: Shutting down and abandoning module MacNoEditorTargetPlatform (73)
[2018.07.14-18.45.09:607][174]LogModuleManager: Shutting down and abandoning module MacClientTargetPlatform (71)
[2018.07.14-18.45.09:607][174]LogModuleManager: Shutting down and abandoning module AllDesktopTargetPlatform (69)
[2018.07.14-18.45.09:607][174]LogModuleManager: Shutting down and abandoning module InputCore (66)
[2018.07.14-18.45.09:607][174]LogModuleManager: Shutting down and abandoning module Settings (64)
[2018.07.14-18.45.09:607][174]LogModuleManager: Shutting down and abandoning module PhysXCooking (62)
[2018.07.14-18.45.09:608][174]LogModuleManager: Shutting down and abandoning module SteamVR (60)
[2018.07.14-18.45.09:608][174]LogModuleManager: Shutting down and abandoning module OculusHMD (58)
[2018.07.14-18.45.09:608][174]LogModuleManager: Shutting down and abandoning module ExampleDeviceProfileSelector (56)
[2018.07.14-18.45.09:608][174]LogModuleManager: Shutting down and abandoning module AppleARKit (54)
[2018.07.14-18.45.09:608][174]LogModuleManager: Shutting down and abandoning module AugmentedReality (51)
[2018.07.14-18.45.09:608][174]LogModuleManager: Shutting down and abandoning module OnlineBlueprintSupport (48)
[2018.07.14-18.45.09:608][174]LogModuleManager: Shutting down and abandoning module OnlineSubsystem (44)
[2018.07.14-18.45.09:608][174]LogModuleManager: Shutting down and abandoning module XMPP (43)
[2018.07.14-18.45.09:608][174]LogModuleManager: Shutting down and abandoning module HTTP (41)
[2018.07.14-18.45.09:608][174]LogHttp: Display: Http module shutting down, but needs to wait on 1 outstanding Http requests:
[2018.07.14-18.45.09:608][174]LogHttp: Display: 	verb=[POST] url=[https://datarouter.ol.epicgames.com/datarouter/api/v1/public/data?SessionID=%7B97F6DA8A-4F84-27E9-A26A-A19347F91EE0%7D&AppID=UEEditor.Rocket.Release&AppVersion=4.19.2-4033788%2B%2B%2BUE4%2BRelease-4.19&UserID=647687954549946f852e1593532c322f%7C907f9f70f3aa4077b905b2ae358699a9%7C4f7c016e-3ba5-4c66-bda8-b65db7037b0d&AppEnvironment=datacollector-binary&UploadType=eteventstream] status=Processing
[2018.07.14-18.45.09:613][174]LogModuleManager: Shutting down and abandoning module SSL (40)
[2018.07.14-18.45.09:615][174]LogModuleManager: Shutting down and abandoning module AnimationModifiers (36)
[2018.07.14-18.45.09:615][174]LogModuleManager: Shutting down and abandoning module PropertyEditor (35)
[2018.07.14-18.45.09:615][174]LogModuleManager: Shutting down and abandoning module AudioEditor (32)
[2018.07.14-18.45.09:615][174]LogModuleManager: Shutting down and abandoning module TextureCompressor (30)
[2018.07.14-18.45.09:615][174]LogModuleManager: Shutting down and abandoning module ShaderCore (28)
[2018.07.14-18.45.09:615][174]LogModuleManager: Shutting down and abandoning module Landscape (26)
[2018.07.14-18.45.09:615][174]LogModuleManager: Shutting down and abandoning module SlateRHIRenderer (24)
[2018.07.14-18.45.09:621][174]LogModuleManager: Shutting down and abandoning module OpenGLDrv (22)
[2018.07.14-18.45.09:621][174]LogModuleManager: Shutting down and abandoning module D3D11RHI (20)
[2018.07.14-18.45.09:621][174]LogModuleManager: Shutting down and abandoning module AnimGraphRuntime (18)
[2018.07.14-18.45.09:621][174]LogModuleManager: Shutting down and abandoning module Renderer (16)
[2018.07.14-18.45.09:621][174]LogModuleManager: Shutting down and abandoning module Engine (14)
[2018.07.14-18.45.09:621][174]LogModuleManager: Shutting down and abandoning module CoreUObject (12)
[2018.07.14-18.45.09:621][174]LogModuleManager: Shutting down and abandoning module NetworkFile (10)
[2018.07.14-18.45.09:621][174]LogModuleManager: Shutting down and abandoning module CookedIterativeFile (8)
[2018.07.14-18.45.09:621][174]LogModuleManager: Shutting down and abandoning module StreamingFile (6)
[2018.07.14-18.45.09:621][174]LogModuleManager: Shutting down and abandoning module SandboxFile (4)
[2018.07.14-18.45.09:621][174]LogModuleManager: Shutting down and abandoning module PakFile (2)
[2018.07.14-18.45.09:629][174]LogExit: Exiting.
[2018.07.14-18.45.09:648][174]Log file closed, 07/14/18 19:45:09
