Log file open, 07/11/18 20:45:26
LogWindows: Failed to load 'aqProf.dll' (GetLastError=126)
LogWindows: File 'aqProf.dll' does not exist
LogWindows: Failed to load 'VtuneApi.dll' (GetLastError=126)
LogWindows: File 'VtuneApi.dll' does not exist
LogWindows: Failed to load 'VtuneApi32e.dll' (GetLastError=126)
LogWindows: File 'VtuneApi32e.dll' does not exist
LogInit: Display: Running engine for game: VRPencilGUI
LogPlatformFile: Not using cached read wrapper
LogInit: Display: RandInit(-47917123) SRandInit(-47917123).
LogInit: Read version file with build ID '3944462'
LogInit: Overriding engine version to CL 4033788, compatible CL 3944462
LogInit: Registered custom module enumerator with build ID '3944462'
LogTaskGraph: Started task graph with 5 named threads and 23 total threads with 3 sets of task threads.
LogStats: Stats thread started at 0.271691
LogD3D11RHI: Aftermath initialized
LogICUInternationalization: Display: ICU TimeZone Detection - Raw Offset: +0:00, Platform Override: ''
LogModuleManager: Display: Found up-to-date module file ../../../Engine/Plugins/2D/Paper2D/Binaries/Win64/UE4Editor-Paper2D.dll (API version 3944462).
LogModuleManager: Display: Found up-to-date module file ../../../Engine/Plugins/2D/Paper2D/Binaries/Win64/UE4Editor-Paper2DEditor.dll (API version 3944462).
LogModuleManager: Display: Found up-to-date module file ../../../Engine/Plugins/2D/Paper2D/Binaries/Win64/UE4Editor-PaperSpriteSheetImporter.dll (API version 3944462).
LogModuleManager: Display: Found up-to-date module file ../../../Engine/Plugins/2D/Paper2D/Binaries/Win64/UE4Editor-PaperTiledImporter.dll (API version 3944462).
LogModuleManager: Display: Found up-to-date module file ../../../Engine/Plugins/2D/Paper2D/Binaries/Win64/UE4Editor-SmartSnapping.dll (API version 3944462).
LogModuleManager: Display: Found up-to-date module file ../../../Engine/Plugins/Blendables/LightPropagationVolume/Binaries/Win64/UE4Editor-LightPropagationVolumeRuntime.dll (API version 3944462).
LogModuleManager: Display: Found up-to-date module file ../../../Engine/Plugins/Blendables/LightPropagationVolume/Binaries/Win64/UE4Editor-LightPropagationVolumeEditor.dll (API version 3944462).
LogModuleManager: Display: Found up-to-date module file ../../../Engine/Plugins/Developer/CLionSourceCodeAccess/Binaries/Win64/UE4Editor-CLionSourceCodeAccess.dll (API version 3944462).
LogModuleManager: Display: Found up-to-date module file ../../../Engine/Plugins/Developer/GitSourceControl/Binaries/Win64/UE4Editor-GitSourceControl.dll (API version 3944462).
LogModuleManager: Display: Found up-to-date module file ../../../Engine/Plugins/Developer/PerforceSourceControl/Binaries/Win64/UE4Editor-PerforceSourceControl.dll (API version 3944462).
LogModuleManager: Display: Found up-to-date module file ../../../Engine/Plugins/Developer/SubversionSourceControl/Binaries/Win64/UE4Editor-SubversionSourceControl.dll (API version 3944462).
LogModuleManager: Display: Found up-to-date module file ../../../Engine/Plugins/Developer/UObjectPlugin/Binaries/Win64/UE4Editor-UObjectPlugin.dll (API version 3944462).
LogModuleManager: Display: Found up-to-date module file ../../../Engine/Plugins/Developer/VisualStudioCodeSourceCodeAccess/Binaries/Win64/UE4Editor-VisualStudioCodeSourceCodeAccess.dll (API version 3944462).
LogModuleManager: Display: Found up-to-date module file ../../../Engine/Plugins/Developer/VisualStudioSourceCodeAccess/Binaries/Win64/UE4Editor-VisualStudioSourceCodeAccess.dll (API version 3944462).
LogModuleManager: Display: Found up-to-date module file ../../../Engine/Plugins/Editor/AssetManagerEditor/Binaries/Win64/UE4Editor-AssetManagerEditor.dll (API version 3944462).
LogModuleManager: Display: Found up-to-date module file ../../../Engine/Plugins/Editor/CryptoKeys/Binaries/Win64/UE4Editor-CryptoKeys.dll (API version 3944462).
LogModuleManager: Display: Found up-to-date module file ../../../Engine/Plugins/Editor/CryptoKeys/Binaries/Win64/UE4Editor-CryptoKeysOpenSSL.dll (API version 3944462).
LogModuleManager: Display: Found up-to-date module file ../../../Engine/Plugins/Editor/DataValidation/Binaries/Win64/UE4Editor-DataValidation.dll (API version 3944462).
LogModuleManager: Display: Found up-to-date module file ../../../Engine/Plugins/Editor/FacialAnimation/Binaries/Win64/UE4Editor-FacialAnimation.dll (API version 3944462).
LogModuleManager: Display: Found up-to-date module file ../../../Engine/Plugins/Editor/FacialAnimation/Binaries/Win64/UE4Editor-FacialAnimationEditor.dll (API version 3944462).
LogModuleManager: Display: Found up-to-date module file ../../../Engine/Plugins/Editor/GameplayTagsEditor/Binaries/Win64/UE4Editor-GameplayTagsEditor.dll (API version 3944462).
LogModuleManager: Display: Found up-to-date module file ../../../Engine/Plugins/Editor/MobileLauncherProfileWizard/Binaries/Win64/UE4Editor-MobileLauncherProfileWizard.dll (API version 3944462).
LogModuleManager: Display: Found up-to-date module file ../../../Engine/Plugins/Editor/PluginBrowser/Binaries/Win64/UE4Editor-PluginBrowser.dll (API version 3944462).
LogModuleManager: Display: Found up-to-date module file ../../../Engine/Plugins/Editor/SpeedTreeImporter/Binaries/Win64/UE4Editor-SpeedTreeImporter.dll (API version 3944462).
LogModuleManager: Display: Found up-to-date module file ../../../Engine/Plugins/Enterprise/DatasmithContent/Binaries/Win64/UE4Editor-DatasmithContent.dll (API version 3944462).
LogModuleManager: Display: Found up-to-date module file ../../../Engine/Plugins/Experimental/AlembicImporter/Binaries/Win64/UE4Editor-AlembicImporter.dll (API version 3944462).
LogModuleManager: Display: Found up-to-date module file ../../../Engine/Plugins/Experimental/AlembicImporter/Binaries/Win64/UE4Editor-AlembicLibrary.dll (API version 3944462).
LogModuleManager: Display: Found up-to-date module file ../../../Engine/Plugins/Experimental/CharacterAI/Binaries/Win64/UE4Editor-CharacterAI.dll (API version 3944462).
LogModuleManager: Display: Found up-to-date module file ../../../Engine/Plugins/Experimental/HTML5Networking/Binaries/Win64/UE4Editor-HTML5Networking.dll (API version 3944462).
LogModuleManager: Display: Found up-to-date module file ../../../Engine/Plugins/Media/AndroidMedia/Binaries/Win64/UE4Editor-AndroidMediaEditor.dll (API version 3944462).
LogModuleManager: Display: Found up-to-date module file ../../../Engine/Plugins/Media/AndroidMedia/Binaries/Win64/UE4Editor-AndroidMediaFactory.dll (API version 3944462).
LogModuleManager: Display: Found up-to-date module file ../../../Engine/Plugins/Media/AvfMedia/Binaries/Win64/UE4Editor-AvfMediaEditor.dll (API version 3944462).
LogModuleManager: Display: Found up-to-date module file ../../../Engine/Plugins/Media/AvfMedia/Binaries/Win64/UE4Editor-AvfMediaFactory.dll (API version 3944462).
LogModuleManager: Display: Found up-to-date module file ../../../Engine/Plugins/Media/AvfMedia/Binaries/Win64/UE4Editor-AvfMediaFactory.dll (API version 3944462).
LogModuleManager: Display: Found up-to-date module file ../../../Engine/Plugins/Media/ImgMedia/Binaries/Win64/UE4Editor-ImgMedia.dll (API version 3944462).
LogModuleManager: Display: Found up-to-date module file ../../../Engine/Plugins/Media/ImgMedia/Binaries/Win64/UE4Editor-ImgMediaEditor.dll (API version 3944462).
LogModuleManager: Display: Found up-to-date module file ../../../Engine/Plugins/Media/ImgMedia/Binaries/Win64/UE4Editor-ImgMediaFactory.dll (API version 3944462).
LogModuleManager: Display: Found up-to-date module file ../../../Engine/Plugins/Media/ImgMedia/Binaries/Win64/UE4Editor-ImgMediaFactory.dll (API version 3944462).
LogModuleManager: Display: Found up-to-date module file ../../../Engine/Plugins/Media/ImgMedia/Binaries/Win64/UE4Editor-OpenExrWrapper.dll (API version 3944462).
LogModuleManager: Display: Found up-to-date module file ../../../Engine/Plugins/Media/LinearTimecode/Binaries/Win64/UE4Editor-LinearTimecode.dll (API version 3944462).
LogModuleManager: Display: Found up-to-date module file ../../../Engine/Plugins/Media/MediaCompositing/Binaries/Win64/UE4Editor-MediaCompositing.dll (API version 3944462).
LogModuleManager: Display: Found up-to-date module file ../../../Engine/Plugins/Media/MediaCompositing/Binaries/Win64/UE4Editor-MediaCompositingEditor.dll (API version 3944462).
LogModuleManager: Display: Found up-to-date module file ../../../Engine/Plugins/Media/MediaPlayerEditor/Binaries/Win64/UE4Editor-MediaPlayerEditor.dll (API version 3944462).
LogModuleManager: Display: Found up-to-date module file ../../../Engine/Plugins/Media/WmfMedia/Binaries/Win64/UE4Editor-WmfMedia.dll (API version 3944462).
LogModuleManager: Display: Found up-to-date module file ../../../Engine/Plugins/Media/WmfMedia/Binaries/Win64/UE4Editor-WmfMediaEditor.dll (API version 3944462).
LogModuleManager: Display: Found up-to-date module file ../../../Engine/Plugins/Media/WmfMedia/Binaries/Win64/UE4Editor-WmfMediaFactory.dll (API version 3944462).
LogModuleManager: Display: Found up-to-date module file ../../../Engine/Plugins/Media/WmfMedia/Binaries/Win64/UE4Editor-WmfMediaFactory.dll (API version 3944462).
LogModuleManager: Display: Found up-to-date module file ../../../Engine/Plugins/Messaging/TcpMessaging/Binaries/Win64/UE4Editor-TcpMessaging.dll (API version 3944462).
LogModuleManager: Display: Found up-to-date module file ../../../Engine/Plugins/Messaging/UdpMessaging/Binaries/Win64/UE4Editor-UdpMessaging.dll (API version 3944462).
LogModuleManager: Display: Found up-to-date module file ../../../Engine/Plugins/MovieScene/ActorSequence/Binaries/Win64/UE4Editor-ActorSequence.dll (API version 3944462).
LogModuleManager: Display: Found up-to-date module file ../../../Engine/Plugins/MovieScene/LevelSequenceEditor/Binaries/Win64/UE4Editor-LevelSequenceEditor.dll (API version 3944462).
LogModuleManager: Display: Found up-to-date module file ../../../Engine/Plugins/MovieScene/MatineeToLevelSequence/Binaries/Win64/UE4Editor-MatineeToLevelSequence.dll (API version 3944462).
LogModuleManager: Display: Found up-to-date module file ../../../Engine/Plugins/NetcodeUnitTest/NetcodeUnitTest/Binaries/Win64/UE4Editor-NetcodeUnitTest.dll (API version 3944462).
LogModuleManager: Display: Found up-to-date module file ../../../Engine/Plugins/NetcodeUnitTest/NUTUnrealEngine4/Binaries/Win64/UE4Editor-NUTUnrealEngine4.dll (API version 3944462).
LogModuleManager: Display: Found up-to-date module file ../../../Engine/Plugins/Online/OnlineSubsystem/Binaries/Win64/UE4Editor-OnlineSubsystem.dll (API version 3944462).
LogModuleManager: Display: Found up-to-date module file ../../../Engine/Plugins/Runtime/AndroidPermission/Binaries/Win64/UE4Editor-AndroidPermission.dll (API version 3944462).
LogModuleManager: Display: Found up-to-date module file ../../../Engine/Plugins/Online/OnlineSubsystemNull/Binaries/Win64/UE4Editor-OnlineSubsystemNull.dll (API version 3944462).
LogModuleManager: Display: Found up-to-date module file ../../../Engine/Plugins/Online/OnlineSubsystemUtils/Binaries/Win64/UE4Editor-OnlineSubsystemUtils.dll (API version 3944462).
LogModuleManager: Display: Found up-to-date module file ../../../Engine/Plugins/Online/OnlineSubsystemUtils/Binaries/Win64/UE4Editor-OnlineBlueprintSupport.dll (API version 3944462).
LogModuleManager: Display: Found up-to-date module file ../../../Engine/Plugins/Runtime/AndroidDeviceProfileSelector/Binaries/Win64/UE4Editor-AndroidDeviceProfileSelector.dll (API version 3944462).
LogModuleManager: Display: Found up-to-date module file ../../../Engine/Plugins/Runtime/AppleARKit/Binaries/Win64/UE4Editor-AppleARKit.dll (API version 3944462).
LogModuleManager: Display: Found up-to-date module file ../../../Engine/Plugins/Runtime/ProceduralMeshComponent/Binaries/Win64/UE4Editor-ProceduralMeshComponent.dll (API version 3944462).
LogModuleManager: Display: Found up-to-date module file ../../../Engine/Plugins/Runtime/ProceduralMeshComponent/Binaries/Win64/UE4Editor-ProceduralMeshComponentEditor.dll (API version 3944462).
LogModuleManager: Display: Found up-to-date module file ../../../Engine/Plugins/Animation/LiveLink/Binaries/Win64/UE4Editor-LiveLink.dll (API version 3944462).
LogModuleManager: Display: Found up-to-date module file ../../../Engine/Plugins/Animation/LiveLink/Binaries/Win64/UE4Editor-LiveLinkEditor.dll (API version 3944462).
LogModuleManager: Display: Found up-to-date module file ../../../Engine/Plugins/Runtime/ArchVisCharacter/Binaries/Win64/UE4Editor-ArchVisCharacter.dll (API version 3944462).
LogModuleManager: Display: Found up-to-date module file ../../../Engine/Plugins/Runtime/AudioCapture/Binaries/Win64/UE4Editor-AudioCapture.dll (API version 3944462).
LogModuleManager: Display: Found up-to-date module file ../../../Engine/Plugins/Runtime/AudioCapture/Binaries/Win64/UE4Editor-AudioCaptureEditor.dll (API version 3944462).
LogModuleManager: Display: Found up-to-date module file ../../../Engine/Plugins/Runtime/CableComponent/Binaries/Win64/UE4Editor-CableComponent.dll (API version 3944462).
LogModuleManager: Display: Found up-to-date module file ../../../Engine/Plugins/Runtime/CustomMeshComponent/Binaries/Win64/UE4Editor-CustomMeshComponent.dll (API version 3944462).
LogModuleManager: Display: Found up-to-date module file ../../../Engine/Plugins/Runtime/ExampleDeviceProfileSelector/Binaries/Win64/UE4Editor-ExampleDeviceProfileSelector.dll (API version 3944462).
LogModuleManager: Display: Found up-to-date module file ../../../Engine/Plugins/Runtime/ImmediatePhysics/Binaries/Win64/UE4Editor-ImmediatePhysics.dll (API version 3944462).
LogModuleManager: Display: Found up-to-date module file ../../../Engine/Plugins/Runtime/ImmediatePhysics/Binaries/Win64/UE4Editor-ImmediatePhysicsEditor.dll (API version 3944462).
LogModuleManager: Display: Found up-to-date module file ../../../Engine/Plugins/Runtime/LocationServicesBPLibrary/Binaries/Win64/UE4Editor-LocationServicesBPLibrary.dll (API version 3944462).
LogModuleManager: Display: Found up-to-date module file ../../../Engine/Plugins/Runtime/MobilePatchingUtils/Binaries/Win64/UE4Editor-MobilePatchingUtils.dll (API version 3944462).
LogModuleManager: Display: Found up-to-date module file ../../../Engine/Plugins/Runtime/Oculus/OculusVR/Binaries/Win64/UE4Editor-OculusHMD.dll (API version 3944462).
LogModuleManager: Display: Found up-to-date module file ../../../Engine/Plugins/Runtime/Oculus/OculusVR/Binaries/Win64/UE4Editor-OculusInput.dll (API version 3944462).
LogModuleManager: Display: Found up-to-date module file ../../../Engine/Plugins/Runtime/Oculus/OculusVR/Binaries/Win64/UE4Editor-OculusEditor.dll (API version 3944462).
LogModuleManager: Display: Found up-to-date module file ../../../Engine/Plugins/Runtime/PhysXVehicles/Binaries/Win64/UE4Editor-PhysXVehicles.dll (API version 3944462).
LogModuleManager: Display: Found up-to-date module file ../../../Engine/Plugins/Runtime/PhysXVehicles/Binaries/Win64/UE4Editor-PhysXVehiclesEditor.dll (API version 3944462).
LogModuleManager: Display: Found up-to-date module file ../../../Engine/Plugins/Runtime/RuntimePhysXCooking/Binaries/Win64/UE4Editor-RuntimePhysXCooking.dll (API version 3944462).
LogModuleManager: Display: Found up-to-date module file ../../../Engine/Plugins/Runtime/Steam/SteamVR/Binaries/Win64/UE4Editor-SteamVR.dll (API version 3944462).
LogModuleManager: Display: Found up-to-date module file ../../../Engine/Plugins/Runtime/Steam/SteamVR/Binaries/Win64/UE4Editor-SteamVRController.dll (API version 3944462).
LogModuleManager: Display: Found up-to-date module file ../../../Engine/Plugins/Runtime/WindowsMoviePlayer/Binaries/Win64/UE4Editor-WindowsMoviePlayer.dll (API version 3944462).
LogPluginManager: Mounting plugin Paper2D
LogPluginManager: Mounting plugin LiveLink
LogPluginManager: Mounting plugin LightPropagationVolume
LogPluginManager: Mounting plugin CLionSourceCodeAccess
LogPluginManager: Mounting plugin CodeLiteSourceCodeAccess
LogPluginManager: Mounting plugin GitSourceControl
LogPluginManager: Mounting plugin KDevelopSourceCodeAccess
LogPluginManager: Mounting plugin NullSourceCodeAccess
LogPluginManager: Mounting plugin PerforceSourceControl
LogPluginManager: Mounting plugin SubversionSourceControl
LogPluginManager: Mounting plugin UObjectPlugin
LogPluginManager: Mounting plugin VisualStudioCodeSourceCodeAccess
LogPluginManager: Mounting plugin VisualStudioSourceCodeAccess
LogPluginManager: Mounting plugin XCodeSourceCodeAccess
LogPluginManager: Mounting plugin AssetManagerEditor
LogPluginManager: Mounting plugin CryptoKeys
LogPluginManager: Mounting plugin DataValidation
LogPluginManager: Mounting plugin FacialAnimation
LogPluginManager: Mounting plugin GameplayTagsEditor
LogPluginManager: Mounting plugin MobileLauncherProfileWizard
LogPluginManager: Mounting plugin PluginBrowser
LogPluginManager: Mounting plugin SpeedTreeImporter
LogPluginManager: Mounting plugin DatasmithContent
LogPluginManager: Mounting plugin AlembicImporter
LogPluginManager: Mounting plugin CharacterAI
LogPluginManager: Mounting plugin HTML5Networking
LogPluginManager: Mounting plugin AndroidMedia
LogPluginManager: Mounting plugin AvfMedia
LogPluginManager: Mounting plugin ImgMedia
LogPluginManager: Mounting plugin LinearTimecode
LogPluginManager: Mounting plugin MediaCompositing
LogPluginManager: Mounting plugin MediaPlayerEditor
LogPluginManager: Mounting plugin WmfMedia
LogPluginManager: Mounting plugin TcpMessaging
LogPluginManager: Mounting plugin UdpMessaging
LogPluginManager: Mounting plugin ActorSequence
LogPluginManager: Mounting plugin LevelSequenceEditor
LogPluginManager: Mounting plugin MatineeToLevelSequence
LogPluginManager: Mounting plugin NetcodeUnitTest
LogPluginManager: Mounting plugin NUTUnrealEngine4
LogPluginManager: Mounting plugin OnlineSubsystemGooglePlay
LogPluginManager: Mounting plugin OnlineSubsystemIOS
LogPluginManager: Mounting plugin OnlineSubsystem
LogPluginManager: Mounting plugin OnlineSubsystemNull
LogPluginManager: Mounting plugin OnlineSubsystemUtils
LogPluginManager: Mounting plugin AndroidDeviceProfileSelector
LogPluginManager: Mounting plugin AndroidMoviePlayer
LogPluginManager: Mounting plugin AndroidPermission
LogPluginManager: Mounting plugin AppleARKit
LogPluginManager: Mounting plugin AppleMoviePlayer
LogPluginManager: Mounting plugin ArchVisCharacter
LogPluginManager: Mounting plugin AudioCapture
LogPluginManager: Mounting plugin CableComponent
LogPluginManager: Mounting plugin CustomMeshComponent
LogPluginManager: Mounting plugin ExampleDeviceProfileSelector
LogPluginManager: Mounting plugin GoogleCloudMessaging
LogPluginManager: Mounting plugin ImmediatePhysics
LogPluginManager: Mounting plugin IOSDeviceProfileSelector
LogPluginManager: Mounting plugin LinuxDeviceProfileSelector
LogPluginManager: Mounting plugin LocationServicesBPLibrary
LogPluginManager: Mounting plugin MobilePatchingUtils
LogPluginManager: Mounting plugin OculusVR
LogPluginManager: Plugin shader directory ../../../Engine/Plugins/Runtime/Oculus/OculusVR/Shaders found
LogPluginManager: Mapping shader source directory ../../../Engine/Plugins/Runtime/Oculus/OculusVR/Shaders to virtual directory /Plugin/OculusVR
LogPluginManager: Mounting plugin PhysXVehicles
LogPluginManager: Mounting plugin ProceduralMeshComponent
LogPluginManager: Mounting plugin RuntimePhysXCooking
LogPluginManager: Mounting plugin SteamVR
LogPluginManager: Mounting plugin WindowsMoviePlayer
LogStreaming: Display: Took  1.141s to configure plugins.
LogInit: Using libcurl 7.47.1
LogInit:  - built for x86_64-pc-win32
LogInit:  - supports SSL with OpenSSL/1.0.2g
LogInit:  - supports HTTP deflate (compression) using libz 1.2.8
LogInit:  - other features:
LogInit:      CURL_VERSION_SSL
LogInit:      CURL_VERSION_LIBZ
LogInit:      CURL_VERSION_IPV6
LogInit:      CURL_VERSION_ASYNCHDNS
LogInit:      CURL_VERSION_LARGEFILE
LogInit:      CURL_VERSION_IDN
LogInit:  CurlRequestOptions (configurable via config and command line):
LogInit:  - bVerifyPeer = false  - Libcurl will NOT verify peer certificate
LogInit:  - bUseHttpProxy = false  - Libcurl will NOT use HTTP proxy
LogInit:  - bDontReuseConnections = false  - Libcurl will reuse connections
LogInit:  - CertBundlePath = nullptr  - Libcurl will use whatever was configured at build time.
LogInit:  - MaxHostConnections = 16  - Libcurl will limit the number of connections to a host
LogInit:  - LocalHostAddr = Default
LogInit: WinSock: version 1.1 (2.2), MaxSocks=32767, MaxUdp=65467
LogInit: WinSock: I am DESKTOP-3IN76EP (192.168.0.7:0)
LogInit: Build: ++UE4+Release-4.19-CL-4033788
LogInit: Engine Version: 4.19.2-4033788+++UE4+Release-4.19
LogInit: Compatible Engine Version: 4.19.0-3944462+++UE4+Release-4.19
LogInit: Net CL: 3944462
LogDevObjectVersion: Number of dev versions registered: 18
LogDevObjectVersion:   Dev-Blueprints (B0D832E4-1F89-4F0D-ACCF-7EB736FD4AA2): 10
LogDevObjectVersion:   Dev-Build (E1C64328-A22C-4D53-A36C-8E866417BD8C): 0
LogDevObjectVersion:   Dev-Core (375EC13C-06E4-48FB-B500-84F0262A717E): 2
LogDevObjectVersion:   Dev-Editor (E4B068ED-F494-42E9-A231-DA0B2E46BB41): 23
LogDevObjectVersion:   Dev-Framework (CFFC743F-43B0-4480-9391-14DF171D2073): 33
LogDevObjectVersion:   Dev-Mobile (B02B49B5-BB20-44E9-A304-32B752E40360): 2
LogDevObjectVersion:   Dev-Networking (A4E4105C-59A1-49B5-A7C5-40C4547EDFEE): 0
LogDevObjectVersion:   Dev-Online (39C831C9-5AE6-47DC-9A44-9C173E1C8E7C): 0
LogDevObjectVersion:   Dev-Physics (78F01B33-EBEA-4F98-B9B4-84EACCB95AA2): 0
LogDevObjectVersion:   Dev-Platform (6631380F-2D4D-43E0-8009-CF276956A95A): 0
LogDevObjectVersion:   Dev-Rendering (12F88B9F-8875-4AFC-A67C-D90C383ABD29): 25
LogDevObjectVersion:   Dev-Sequencer (7B5AE74C-D270-4C10-A958-57980B212A5A): 6
LogDevObjectVersion:   Dev-VR (D7296918-1DD6-4BDD-9DE2-64A83CC13884): 1
LogDevObjectVersion:   Dev-LoadTimes (C2A15278-BFE7-4AFE-6C17-90FF531DF755): 1
LogDevObjectVersion:   Private-Geometry (6EACA3D4-40EC-4CC1-B786-8BED09428FC5): 2
LogDevObjectVersion:   Dev-AnimPhys (29E575DD-E0A3-4627-9D10-D276232CDCEA): 16
LogDevObjectVersion:   Dev-ReflectionCapture (6B266CEC-1EC7-4B8F-A30B-E4D90942FC07): 1
LogDevObjectVersion:   Dev-Automation (0DF73D61-A23F-47EA-B727-89E90C41499A): 1
LogInit: Compiled (64-bit): Apr 27 2018 02:06:57
LogInit: Compiled with Visual C++: 19.00.24215.01
LogInit: Build Configuration: Development
LogInit: Branch Name: ++UE4+Release-4.19
LogInit: Command Line:  
LogInit: Base Directory: D:/Epic Games/UE_4.19/Engine/Binaries/Win64/
LogInit: Installed Engine Build: 1
LogStreaming: Display: Took  0.000s to delete old logs.
LogInit: Presizing for max 8388607 objects, including 0 objects not considered by GC, pre-allocating 0 bytes for permanent pool.
LogInit: Object subsystem initialized
[2018.07.11-19.45.27:821][  0]LogInit: Selected Device Profile: [Windows]
[2018.07.11-19.45.27:821][  0]LogInit: Applying CVar settings loaded from the selected device profile: [Windows]
[2018.07.11-19.45.27:841][  0]LogInit: Computer: DESKTOP-3IN76EP
[2018.07.11-19.45.27:841][  0]LogInit: User: jabbe
[2018.07.11-19.45.27:842][  0]LogInit: CPU Page size=4096, Cores=4
[2018.07.11-19.45.27:842][  0]LogInit: High frequency timer resolution =3.328125 MHz
[2018.07.11-19.45.27:842][  0]LogMemory: Memory total: Physical=23.9GB (24GB approx)
[2018.07.11-19.45.27:842][  0]LogMemory: Platform Memory Stats for Windows
[2018.07.11-19.45.27:842][  0]LogMemory: Process Physical Memory: 273.96 MB used, 273.96 MB peak
[2018.07.11-19.45.27:842][  0]LogMemory: Process Virtual Memory: 264.71 MB used, 264.71 MB peak
[2018.07.11-19.45.27:842][  0]LogMemory: Physical Memory: 6587.39 MB used,  17879.33 MB free, 24466.72 MB total
[2018.07.11-19.45.27:842][  0]LogMemory: Virtual Memory: 4794.11 MB used,  17879.33 MB free, 134217728.00 MB total
[2018.07.11-19.45.27:863][  0]LogInit: Using OS detected language (en-GB).
[2018.07.11-19.45.27:863][  0]LogInit: Using OS detected locale (en-GB).
[2018.07.11-19.45.27:867][  0]LogTextLocalizationManager: No specific localization for 'en-GB' exists, so the 'en' localization will be used.
[2018.07.11-19.45.28:234][  0]LogStreaming: Display: Took  0.371s to EndInitTextLocalization.
[2018.07.11-19.45.28:234][  0]LogInit: Setting process to per monitor DPI aware
[2018.07.11-19.45.28:276][  0]LogSlate: New Slate User Created.  User Index 0, Is Virtual User: 0
[2018.07.11-19.45.28:276][  0]LogSlate: Slate User Registered.  User Index 0, Is Virtual User: 0
[2018.07.11-19.45.28:547][  0]LogD3D11RHI: D3D11 adapters:
[2018.07.11-19.45.28:608][  0]LogD3D11RHI:    0. 'NVIDIA GeForce GTX 1080 Ti' (Feature Level 11_0)
[2018.07.11-19.45.28:608][  0]LogD3D11RHI:       11132/0/12233 MB DedicatedVideo/DedicatedSystem/SharedSystem, Outputs:2, VendorId:0x10de
[2018.07.11-19.45.28:616][  0]LogD3D11RHI:    1. 'Intel(R) HD Graphics 530' (Feature Level 11_0)
[2018.07.11-19.45.28:616][  0]LogD3D11RHI:       128/0/12233 MB DedicatedVideo/DedicatedSystem/SharedSystem, Outputs:1, VendorId:0x8086
[2018.07.11-19.45.28:618][  0]LogD3D11RHI:    2. 'Microsoft Basic Render Driver' (Feature Level 11_0)
[2018.07.11-19.45.28:618][  0]LogD3D11RHI:       0/0/12233 MB DedicatedVideo/DedicatedSystem/SharedSystem, Outputs:0, VendorId:0x1414
[2018.07.11-19.45.28:618][  0]LogD3D11RHI: Chosen D3D11 Adapter: 0
[2018.07.11-19.45.28:624][  0]LogD3D11RHI: Creating new Direct3DDevice
[2018.07.11-19.45.28:624][  0]LogD3D11RHI:     GPU DeviceId: 0x1b06 (for the marketing name, search the web for "GPU Device Id")
[2018.07.11-19.45.28:624][  0]LogWindows: EnumDisplayDevices:
[2018.07.11-19.45.28:624][  0]LogWindows:    0. 'Intel(R) HD Graphics 530' (P:0 D:1)
[2018.07.11-19.45.28:624][  0]LogWindows:    1. 'Intel(R) HD Graphics 530' (P:0 D:0)
[2018.07.11-19.45.28:624][  0]LogWindows:    2. 'Intel(R) HD Graphics 530' (P:0 D:0)
[2018.07.11-19.45.28:624][  0]LogWindows:    3. 'NVIDIA GeForce GTX 1080 Ti' (P:1 D:1)
[2018.07.11-19.45.28:624][  0]LogWindows:    4. 'NVIDIA GeForce GTX 1080 Ti' (P:0 D:1)
[2018.07.11-19.45.28:625][  0]LogWindows:    5. 'NVIDIA GeForce GTX 1080 Ti' (P:0 D:0)
[2018.07.11-19.45.28:625][  0]LogWindows:    6. 'NVIDIA GeForce GTX 1080 Ti' (P:0 D:0)
[2018.07.11-19.45.28:625][  0]LogWindows: DebugString: GetVideoDriverDetailsInvalid PrimaryIsNotTheChoosenAdapter GetVideoDriverDetailsInvalid PrimaryIsNotTheChoosenAdapter GetVideoDriverDetailsInvalid PrimaryIsNotTheChoosenAdapter GetVideoDriverDetailsInvalid PrimaryIsNotTheChoosenAdapter GetVideoDriverDetailsInvalid PrimaryIsNotTheChoosenAdapter GetVideoDriverDetailsInvalid PrimaryIsNotTheChoosenAdapter GetVideoDriverDetailsInvalid PrimaryIsNotTheChoosenAdapter FoundDriverCount:0 
[2018.07.11-19.45.28:625][  0]LogD3D11RHI:     Adapter Name: NVIDIA GeForce GTX 1080 Ti
[2018.07.11-19.45.28:625][  0]LogD3D11RHI:   Driver Version: Unknown (internal:Unknown, unified:Unknown)
[2018.07.11-19.45.28:625][  0]LogD3D11RHI:      Driver Date: Unknown
[2018.07.11-19.45.28:625][  0]LogRHI: Texture pool is 7792 MB (70% of 11132 MB)
[2018.07.11-19.45.28:654][  0]LogD3D11RHI: [Aftermath] Aftermath enabled but failed to initialize
[2018.07.11-19.45.28:654][  0]LogD3D11RHI: [Aftermath] Aftermath enabled and primed
[2018.07.11-19.45.28:654][  0]LogD3D11RHI: Async texture creation enabled
[2018.07.11-19.45.28:743][  0]LogD3D11RHI: GPU Timing Frequency: 1000.000000 (Debug: 2 1)
[2018.07.11-19.45.28:841][  0]LogShaderCompilers: Guid format shader working directory is 8 characters bigger than the processId version (../../../../../UE4/Valor9/VRPencilGUI/Intermediate/Shaders/WorkingDirectory/13056/).
[2018.07.11-19.45.28:841][  0]LogShaderCompilers: Cleaned the shader compiler working directory 'C:/Users/jabbe/AppData/Local/Temp/UnrealShaderWorkingDir/1B2355884F6FB2D67B1515A97AB78ED2/'.
[2018.07.11-19.45.29:078][  0]LogTemp: Display: Loaded TP AllDesktopTargetPlatform
[2018.07.11-19.45.29:089][  0]LogTemp: Display: Loaded TP MacClientTargetPlatform
[2018.07.11-19.45.29:101][  0]LogTemp: Display: Loaded TP MacNoEditorTargetPlatform
[2018.07.11-19.45.29:115][  0]LogTemp: Display: Loaded TP MacServerTargetPlatform
[2018.07.11-19.45.29:129][  0]LogTemp: Display: Loaded TP MacTargetPlatform
[2018.07.11-19.45.29:141][  0]LogTemp: Display: Loaded TP WindowsClientTargetPlatform
[2018.07.11-19.45.29:153][  0]LogTemp: Display: Loaded TP WindowsNoEditorTargetPlatform
[2018.07.11-19.45.29:165][  0]LogTemp: Display: Loaded TP WindowsServerTargetPlatform
[2018.07.11-19.45.29:170][  0]LogTemp: Display: Loaded TP WindowsTargetPlatform
[2018.07.11-19.45.29:182][  0]LogTemp: Display: Loaded TP Android_ASTCTargetPlatform
[2018.07.11-19.45.29:192][  0]LogTemp: Display: Loaded TP Android_ATCTargetPlatform
[2018.07.11-19.45.29:202][  0]LogTemp: Display: Loaded TP Android_DXTTargetPlatform
[2018.07.11-19.45.29:214][  0]LogTemp: Display: Loaded TP Android_ETC1aTargetPlatform
[2018.07.11-19.45.29:224][  0]LogTemp: Display: Loaded TP Android_ETC1TargetPlatform
[2018.07.11-19.45.29:235][  0]LogTemp: Display: Loaded TP Android_ETC2TargetPlatform
[2018.07.11-19.45.29:254][  0]LogTemp: Display: Loaded TP Android_MultiTargetPlatform
[2018.07.11-19.45.29:254][  0]LogTemp: Display: Loaded TP Android_PVRTCTargetPlatform
[2018.07.11-19.45.29:265][  0]LogTemp: Display: Loaded TP AndroidTargetPlatform
[2018.07.11-19.45.29:266][  0]LogTemp: Display: Loaded TP HTML5TargetPlatform
[2018.07.11-19.45.29:303][  0]LogTemp: Display: Loaded TP IOSTargetPlatform
[2018.07.11-19.45.29:314][  0]LogTemp: Display: Loaded TP TVOSTargetPlatform
[2018.07.11-19.45.29:324][  0]LogTemp: Display: Loaded TP LinuxClientTargetPlatform
[2018.07.11-19.45.29:335][  0]LogTemp: Display: Loaded TP LinuxNoEditorTargetPlatform
[2018.07.11-19.45.29:345][  0]LogTemp: Display: Loaded TP LinuxServerTargetPlatform
[2018.07.11-19.45.29:356][  0]LogTemp: Display: Loaded TP LinuxTargetPlatform
[2018.07.11-19.45.29:356][  0]LogTargetPlatformManager: Display: Building Assets For Windows
[2018.07.11-19.45.29:460][  0]LogXGEController: Cleaning working directory: C:/Users/jabbe/AppData/Local/Temp/UnrealXGEWorkingDir/
[2018.07.11-19.45.29:460][  0]LogXGEController: Cannot use XGE Controller as Incredibuild is not installed on this machine.
[2018.07.11-19.45.29:460][  0]LogShaderCompilers: Cannot use XGE Shader Compiler as Incredibuild is not installed on this machine.
[2018.07.11-19.45.29:460][  0]LogShaderCompilers: Display: Using Local Shader Compiler.
[2018.07.11-19.45.30:051][  0]LogDerivedDataCache: Display: Max Cache Size: 512 MB
[2018.07.11-19.45.30:119][  0]LogDerivedDataCache: Loaded boot cache 0.07s 88MB C:/Users/jabbe/AppData/Local/UnrealEngine/4.19/DerivedDataCache/Boot.ddc.
[2018.07.11-19.45.30:119][  0]LogDerivedDataCache: Display: Loaded Boot cache: C:/Users/jabbe/AppData/Local/UnrealEngine/4.19/DerivedDataCache/Boot.ddc
[2018.07.11-19.45.30:119][  0]LogDerivedDataCache: FDerivedDataBackendGraph:  Pak pak cache file ../../../../../UE4/Valor9/VRPencilGUI/DerivedDataCache/DDC.ddp not found, will not use a pak cache.
[2018.07.11-19.45.30:119][  0]LogDerivedDataCache: Unable to find inner node Pak for hierarchical cache Hierarchy.
[2018.07.11-19.45.30:119][  0]LogDerivedDataCache: FDerivedDataBackendGraph:  CompressedPak pak cache file ../../../../../UE4/Valor9/VRPencilGUI/DerivedDataCache/Compressed.ddp not found, will not use a pak cache.
[2018.07.11-19.45.30:119][  0]LogDerivedDataCache: Unable to find inner node CompressedPak for hierarchical cache Hierarchy.
[2018.07.11-19.45.30:132][  0]LogDerivedDataCache: Display: Pak cache opened for reading ../../../Engine/DerivedDataCache/Compressed.ddp.
[2018.07.11-19.45.30:145][  0]LogDerivedDataCache: Using Local data cache path C:/Users/jabbe/AppData/Local/UnrealEngine/Common/DerivedDataCache: Writable
[2018.07.11-19.45.30:145][  0]LogDerivedDataCache: Shared data cache path not found in *engine.ini, will not use an Shared cache.
[2018.07.11-19.45.30:145][  0]LogDerivedDataCache: Unable to find inner node Shared for hierarchical cache Hierarchy.
[2018.07.11-19.45.30:154][  0]LogMaterial: Verifying Global Shaders for PCD3D_SM5
[2018.07.11-19.45.30:155][  0]LogSlate: Using Freetype 2.6.0
[2018.07.11-19.45.30:155][  0]LogSlate: SlateFontCache - WITH_FREETYPE: 1, WITH_HARFBUZZ: 1
[2018.07.11-19.45.30:155][  0]LogSlate: SlateFontCache - WITH_FREETYPE: 1, WITH_HARFBUZZ: 1
[2018.07.11-19.45.30:329][  0]LogAssetRegistry: FAssetRegistry took 0.0268 seconds to start up
[2018.07.11-19.45.30:598][  0]LogInit: Selected Device Profile: [Windows]
[2018.07.11-19.45.30:735][  0]LogSimplygon: Simplygon DLL not present - disabling.
[2018.07.11-19.45.30:737][  0]LogMeshReduction: Using SimplygonSwarm for distributed automatic mesh merging
[2018.07.11-19.45.30:737][  0]LogMeshReduction: Using QuadricMeshReduction for automatic static mesh reduction
[2018.07.11-19.45.30:737][  0]LogMeshReduction: No automatic skeletal mesh reduction module available
[2018.07.11-19.45.30:737][  0]LogMeshReduction: No automatic mesh merging module available
[2018.07.11-19.45.30:737][  0]LogMeshMerging: No automatic mesh merging module available
[2018.07.11-19.45.30:776][  0]LogNetVersion: VRPencilGUI , NetCL: 3944462, EngineNetVer: 2, GameNetVer: 0 (Checksum: 2429830139)
[2018.07.11-19.45.31:177][  0]LogPackageLocalizationCache: Processed 9 localized package path(s) for 2 prioritized culture(s) in 0.074604 seconds
[2018.07.11-19.45.31:182][  0]LogUObjectArray: 36728 objects as part of root set at end of initial load.
[2018.07.11-19.45.31:182][  0]LogUObjectAllocator: 7314312 out of 0 bytes used by permanent object pool.
[2018.07.11-19.45.31:182][  0]LogUObjectArray: CloseDisregardForGC: 0/0 objects in disregard for GC pool
[2018.07.11-19.45.32:837][  0]LogTcpMessaging: Initializing TcpMessaging bridge
[2018.07.11-19.45.32:881][  0]LogUdpMessaging: Initializing bridge on interface 0.0.0.0:0 to multicast group 230.0.0.1:6666.
[2018.07.11-19.45.33:297][  0]SourceControl: Source control is disabled
[2018.07.11-19.45.33:297][  0]SourceControl: Source control is disabled
[2018.07.11-19.45.33:317][  0]SourceControl: Source control is disabled
[2018.07.11-19.45.33:336][  0]SourceControl: Source control is disabled
[2018.07.11-19.45.33:895][  0]LogAndroidPermission: UAndroidPermissionCallbackProxy::GetInstance
[2018.07.11-19.45.34:102][  0]LogOcInput: OculusInput pre-init called
[2018.07.11-19.45.34:210][  0]LogEngine: Initializing Engine...
[2018.07.11-19.45.34:213][  0]LogHMD: Failed to initialize OpenVR with code 105
[2018.07.11-19.45.34:214][  0]LogStats: UGameplayTagsManager::ConstructGameplayTagTree: Construct from data asset -  0.000 s
[2018.07.11-19.45.34:214][  0]LogStats: UGameplayTagsManager::ConstructGameplayTagTree: GameplayTagTreeChangedEvent.Broadcast -  0.000 s
[2018.07.11-19.45.34:415][  0]LogAIModule: Creating AISystem for world Untitled
[2018.07.11-19.45.34:434][  0]LogInit: XAudio2 using 'Speakers (Realtek High Definition Audio)' : 2 channels at 48 kHz using 32 bits per sample (channel mask 0x3)
[2018.07.11-19.45.34:463][  0]LogInit: FAudioDevice initialized.
[2018.07.11-19.45.34:543][  0]LogDerivedDataCache: Saved boot cache 0.08s 88MB C:/Users/jabbe/AppData/Local/UnrealEngine/4.19/DerivedDataCache/Boot.ddc.
[2018.07.11-19.45.34:563][  0]LogInit: Texture streaming: Enabled
[2018.07.11-19.45.34:576][  0]LogEngineSessionManager: EngineSessionManager initialized
[2018.07.11-19.45.34:589][  0]LogWindowsTextInputMethodSystem: Display: IME system now deactivated.
[2018.07.11-19.45.34:613][  0]LogInit: Transaction tracking system initialized
[2018.07.11-19.45.34:635][  0]BlueprintLog: New page: Editor Load
[2018.07.11-19.45.34:696][  0]LocalizationService: Localization service is disabled
[2018.07.11-19.45.34:929][  0]LogLinker: Warning: Can't find file '/Game/Default/TopDownOverview'
[2018.07.11-19.45.34:929][  0]LogLinker: Warning: Can't find file '/Game/Default/TopDownOverview'
[2018.07.11-19.45.34:929][  0]LogUObjectGlobals: Warning: Failed to find object 'Class /Game/Default/TopDownOverview.TopDownOverview_C'
[2018.07.11-19.45.34:948][  0]LogConsoleResponse: Display: 
[2018.07.11-19.45.35:092][  0]LogCook: Display: Max memory allowance for cook 16384mb min free memory 0mb
[2018.07.11-19.45.35:092][  0]LogCook: Display: Mobile HDR setting 1
[2018.07.11-19.45.35:092][  0]LogGameplayTags: Display: UGameplayTagsManager::DoneAddingNativeTags. DelegateIsBound: 0
[2018.07.11-19.45.35:092][  0]LogStats: UGameplayTagsManager::ConstructGameplayTagTree: Construct from data asset -  0.000 s
[2018.07.11-19.45.35:092][  0]LogStats: UGameplayTagsManager::ConstructGameplayTagTree: GameplayTagTreeChangedEvent.Broadcast -  0.000 s
[2018.07.11-19.45.35:526][  0]LogFileCache: Scanning file cache for directory 'D:/UE4/Valor9/VRPencilGUI/Content/' took 0.01s
[2018.07.11-19.45.35:526][  0]SourceControl: Source control is disabled
[2018.07.11-19.45.35:526][  0]Cmd: MAP LOAD FILE="../../../../../UE4/Valor9/VRPencilGUI/Content/VirtualRealityBP/Maps/StartupMap.umap" TEMPLATE=0 SHOWPROGRESS=1 FEATURELEVEL=3
[2018.07.11-19.45.35:527][  0]LightingResults: New page: Lighting Build
[2018.07.11-19.45.35:529][  0]MapCheck: New page: Map Check
[2018.07.11-19.45.35:529][  0]LightingResults: New page: Lighting Build
[2018.07.11-19.45.35:606][  0]LogSkeletalMesh: Skeletal Mesh found in DDC [1.913390ms] /Game/VirtualReality/Mannequin/Character/Mesh/MannequinHand_Right.MannequinHand_Right
[2018.07.11-19.45.35:626][  0]LogAIModule: Creating AISystem for world StartupMap
[2018.07.11-19.45.35:633][  0]LogEditorServer: Finished looking for orphan Actors (0.000 secs)
[2018.07.11-19.45.35:645][  0]Cmd: MAP CHECKDEP NOCLEARLOG
[2018.07.11-19.45.35:703][  0]MapCheck: Map check complete: 0 Error(s), 0 Warning(s), took 57.564ms to complete.
[2018.07.11-19.45.35:703][  0]LogFileHelpers: Loading map 'StartupMap' took 0.176
[2018.07.11-19.45.35:849][  0]LogCollectionManager: Loaded 0 collections in 0.001870 seconds
[2018.07.11-19.45.35:897][  0]LogFileCache: Scanning file cache for directory 'D:/UE4/Valor9/VRPencilGUI/Saved/Collections/' took 0.01s
[2018.07.11-19.45.35:897][  0]LogFileCache: Scanning file cache for directory 'D:/UE4/Valor9/VRPencilGUI/Content/Developers/jabbe/Collections/' took 0.01s
[2018.07.11-19.45.35:897][  0]LogFileCache: Scanning file cache for directory 'D:/UE4/Valor9/VRPencilGUI/Content/Collections/' took 0.01s
[2018.07.11-19.45.35:897][  0]LogCollectionManager: Rebuilt the GUID cache for 0 collections in 0.000000 seconds
[2018.07.11-19.45.35:905][  0]LogContentBrowser: Native class hierarchy populated in 0.0080 seconds. Added 2452 classes and 558 folders.
[2018.07.11-19.45.35:914][  0]LogContentBrowser: Native class hierarchy updated for 'WidgetCarousel' in 0.0002 seconds. Added 0 classes and 0 folders.
[2018.07.11-19.45.35:973][  0]LogContentBrowser: Native class hierarchy updated for 'AddContentDialog' in 0.0002 seconds. Added 0 classes and 0 folders.
[2018.07.11-19.45.35:979][  0]LogContentBrowser: Native class hierarchy updated for 'SceneOutliner' in 0.0002 seconds. Added 1 classes and 2 folders.
[2018.07.11-19.45.36:039][  0]LogSlate: Took 0.000401 seconds to synchronously load lazily loaded font '../../../Engine/Content/Slate/Fonts/Roboto-Regular.ttf' (155K)
[2018.07.11-19.45.36:042][  0]LogSlate: Took 0.000360 seconds to synchronously load lazily loaded font '../../../Engine/Content/Slate/Fonts/Roboto-Bold.ttf' (160K)
[2018.07.11-19.45.36:049][  0]LogSlate: Took 0.000312 seconds to synchronously load lazily loaded font '../../../Engine/Content/Editor/Slate/Fonts/FontAwesome.ttf' (139K)
[2018.07.11-19.45.36:152][  0]LogRenderer: Reallocating scene render targets to support 1208x604 Format 26 NumSamples 1 (Frame:1).
[2018.07.11-19.45.36:290][  0]LogContentBrowser: Native class hierarchy updated for 'HierarchicalLODOutliner' in 0.0003 seconds. Added 0 classes and 0 folders.
[2018.07.11-19.45.36:290][  0]LogLoad: (Engine Initialization) Total time: 11.16 seconds
[2018.07.11-19.45.36:290][  0]LogLoad: (Engine Initialization) Total Blueprint compile time: 0.00 seconds
[2018.07.11-19.45.36:316][  0]LogContentStreaming: Texture pool size now 1000 MB
[2018.07.11-19.45.36:338][  0]LogSlate: Took 0.000232 seconds to synchronously load lazily loaded font '../../../Engine/Content/Slate/Fonts/Roboto-Light.ttf' (167K)
[2018.07.11-19.45.36:368][  1]LogAssetRegistry: Asset discovery search completed in 6.0626 seconds
[2018.07.11-19.45.36:370][  1]LogCollectionManager: Rebuilt the object cache for 0 collections in 0.000000 seconds (found 0 objects)
[2018.07.11-19.45.36:370][  1]LogCollectionManager: Fixed up redirectors for 0 collections in 0.000075 seconds (updated 0 objects)
[2018.07.11-19.45.46:796][237]LogSlate: FSceneViewport::OnFocusLost() reason 0
[2018.07.11-19.45.49:554][561]LogSlate: Took 0.000309 seconds to synchronously load lazily loaded font '../../../Engine/Content/Slate/Fonts/Roboto-Light.ttf' (167K)
[2018.07.11-19.45.49:590][561]Cmd: MAP LOAD FILE="../../../../../UE4/Valor9/VRPencilGUI/Content/VirtualRealityBP/Maps/StartupMap.umap" TEMPLATE=0 SHOWPROGRESS=1 FEATURELEVEL=3
[2018.07.11-19.45.49:590][561]LightingResults: New page: Lighting Build
[2018.07.11-19.45.49:591][561]LoadErrors: New page: Loading map: StartupMap.umap
[2018.07.11-19.45.49:592][561]MapCheck: New page: Map Check
[2018.07.11-19.45.49:592][561]LightingResults: New page: Lighting Build
[2018.07.11-19.45.49:623][561]LogAIModule: Creating AISystem for world StartupMap
[2018.07.11-19.45.49:701][561]LogEditorServer: Finished looking for orphan Actors (0.000 secs)
[2018.07.11-19.45.49:734][561]Cmd: MAP CHECKDEP NOCLEARLOG
[2018.07.11-19.45.49:788][561]MapCheck: Map check complete: 0 Error(s), 0 Warning(s), took 54.691ms to complete.
[2018.07.11-19.45.49:789][561]LogFileHelpers: Loading map 'StartupMap' took 0.200
[2018.07.11-19.45.51:117][703]LogUObjectGlobals: Created PersistentFrame Addr=0x000002817e2e1ec0, Size=32, Default__BP_PickupCube_C Function /Game/VirtualRealityBP/Blueprints/BP_PickupCube.BP_PickupCube_C:ExecuteUbergraph_BP_PickupCube
[2018.07.11-19.45.51:119][703]LogUObjectGlobals: Destroyed PersistentFrame Addr=0x000002817e2e1ec0, Size=32
[2018.07.11-19.45.51:119][703]LogUObjectGlobals: Created PersistentFrame Addr=0x000002817e2e1ec0, Size=32, Default__BP_PickupCube_C Function /Engine/Transient.REINST_BP_PickupCube_C_7:ExecuteUbergraph_BP_PickupCube
[2018.07.11-19.45.51:120][703]LogUObjectGlobals: Created PersistentFrame Addr=0x000002817e2e1600, Size=32, Default__BP_PickupCube_C Function /Game/VirtualRealityBP/Blueprints/BP_PickupCube.BP_PickupCube_C:ExecuteUbergraph_BP_PickupCube
[2018.07.11-19.45.51:139][703]LogUObjectGlobals: Created PersistentFrame Addr=0x000002817e3a3c40, Size=24, Default__RightHand_AnimBP_C Function /Game/VirtualReality/Mannequin/Animations/RightHand_AnimBP.RightHand_AnimBP_C:ExecuteUbergraph_RightHand_AnimBP
[2018.07.11-19.45.51:154][703]LogUObjectGlobals: Destroyed PersistentFrame Addr=0x000002817e3a3c40, Size=24
[2018.07.11-19.45.51:154][703]LogUObjectGlobals: Created PersistentFrame Addr=0x000002817e3a3928, Size=24, Default__RightHand_AnimBP_C Function /Engine/Transient.REINST_RightHand_AnimBP_C_0:ExecuteUbergraph_RightHand_AnimBP
[2018.07.11-19.45.51:156][703]LogUObjectGlobals: Created PersistentFrame Addr=0x000002817e3a3388, Size=24, Default__RightHand_AnimBP_C Function /Game/VirtualReality/Mannequin/Animations/RightHand_AnimBP.RightHand_AnimBP_C:ExecuteUbergraph_RightHand_AnimBP
[2018.07.11-19.45.51:173][703]LogUObjectGlobals: Created PersistentFrame Addr=0x000002816f9be800, Size=968, Default__BP_MotionController_C Function /Game/VirtualRealityBP/Blueprints/BP_MotionController.BP_MotionController_C:ExecuteUbergraph_BP_MotionController
[2018.07.11-19.45.51:199][703]LogUObjectGlobals: Destroyed PersistentFrame Addr=0x000002816f9be800, Size=968
[2018.07.11-19.45.51:199][703]LogUObjectGlobals: Created PersistentFrame Addr=0x000002817e402800, Size=968, Default__BP_MotionController_C Function /Engine/Transient.REINST_BP_MotionController_C_10:ExecuteUbergraph_BP_MotionController
[2018.07.11-19.45.51:221][703]LogUObjectGlobals: Created PersistentFrame Addr=0x000002817e401800, Size=968, Default__BP_MotionController_C Function /Game/VirtualRealityBP/Blueprints/BP_MotionController.BP_MotionController_C:ExecuteUbergraph_BP_MotionController
[2018.07.11-19.45.51:228][703]LogUObjectGlobals: Created PersistentFrame Addr=0x000002815367f400, Size=752, Default__MotionControllerPawn_C Function /Game/VirtualRealityBP/Blueprints/MotionControllerPawn.MotionControllerPawn_C:ExecuteUbergraph_MotionControllerPawn
[2018.07.11-19.45.51:240][703]LogUObjectGlobals: Destroyed PersistentFrame Addr=0x000002815367f400, Size=752
[2018.07.11-19.45.51:241][703]LogUObjectGlobals: Created PersistentFrame Addr=0x0000028153633100, Size=752, Default__MotionControllerPawn_C Function /Engine/Transient.REINST_MotionControllerPawn_C_12:ExecuteUbergraph_MotionControllerPawn
[2018.07.11-19.45.51:250][703]LogUObjectGlobals: Created PersistentFrame Addr=0x0000028153631900, Size=752, Default__MotionControllerPawn_C Function /Game/VirtualRealityBP/Blueprints/MotionControllerPawn.MotionControllerPawn_C:ExecuteUbergraph_MotionControllerPawn
[2018.07.11-19.45.52:055][703]LogAIModule: Creating AISystem for world MotionControllerMap
[2018.07.11-19.45.52:077][703]LogUObjectGlobals: Destroyed PersistentFrame Addr=0x000002817e2e1ec0, Size=32
[2018.07.11-19.45.52:078][703]LogUObjectGlobals: Destroyed PersistentFrame Addr=0x000002817e3a3928, Size=24
[2018.07.11-19.45.52:078][703]LogUObjectGlobals: Destroyed PersistentFrame Addr=0x000002817e402800, Size=968
[2018.07.11-19.45.52:078][703]LogUObjectGlobals: Destroyed PersistentFrame Addr=0x0000028153633100, Size=752
[2018.07.11-19.45.52:080][703]Cmd: MAP LOAD FILE="../../../../../UE4/Valor9/VRPencilGUI/Content/VirtualRealityBP/Maps/MotionControllerMap.umap" TEMPLATE=0 SHOWPROGRESS=1 FEATURELEVEL=3
[2018.07.11-19.45.52:080][703]LightingResults: New page: Lighting Build
[2018.07.11-19.45.52:081][703]LoadErrors: New page: Loading map: MotionControllerMap.umap
[2018.07.11-19.45.52:081][703]MapCheck: New page: Map Check
[2018.07.11-19.45.52:081][703]LightingResults: New page: Lighting Build
[2018.07.11-19.45.52:161][703]LogEditorServer: Finished looking for orphan Actors (0.000 secs)
[2018.07.11-19.45.52:204][703]Cmd: MAP CHECKDEP NOCLEARLOG
[2018.07.11-19.45.52:256][703]MapCheck: Map check complete: 0 Error(s), 0 Warning(s), took 52.086ms to complete.
[2018.07.11-19.45.52:256][703]LogFileHelpers: Loading map 'MotionControllerMap' took 0.177
[2018.07.11-19.45.53:874][888]LogUObjectGlobals: Created PersistentFrame Addr=0x000002816f994f00, Size=840, Default__HMDLocomotionPawn_C Function /Game/VirtualRealityBP/Blueprints/HMDLocomotionPawn.HMDLocomotionPawn_C:ExecuteUbergraph_HMDLocomotionPawn
[2018.07.11-19.45.53:892][888]LogUObjectGlobals: Destroyed PersistentFrame Addr=0x000002816f994f00, Size=840
[2018.07.11-19.45.53:892][888]LogUObjectGlobals: Created PersistentFrame Addr=0x0000028147d5ae80, Size=840, Default__HMDLocomotionPawn_C Function /Engine/Transient.REINST_HMDLocomotionPawn_C_14:ExecuteUbergraph_HMDLocomotionPawn
[2018.07.11-19.45.53:904][888]LogUObjectGlobals: Created PersistentFrame Addr=0x0000028147d5a400, Size=840, Default__HMDLocomotionPawn_C Function /Game/VirtualRealityBP/Blueprints/HMDLocomotionPawn.HMDLocomotionPawn_C:ExecuteUbergraph_HMDLocomotionPawn
[2018.07.11-19.45.54:122][888]LogAIModule: Creating AISystem for world HMDLocomotionMap
[2018.07.11-19.45.54:139][888]LogUObjectGlobals: Destroyed PersistentFrame Addr=0x0000028147d5ae80, Size=840
[2018.07.11-19.45.54:140][888]Cmd: MAP LOAD FILE="../../../../../UE4/Valor9/VRPencilGUI/Content/VirtualRealityBP/Maps/HMDLocomotionMap.umap" TEMPLATE=0 SHOWPROGRESS=1 FEATURELEVEL=3
[2018.07.11-19.45.54:141][888]LightingResults: New page: Lighting Build
[2018.07.11-19.45.54:142][888]LoadErrors: New page: Loading map: HMDLocomotionMap.umap
[2018.07.11-19.45.54:143][888]MapCheck: New page: Map Check
[2018.07.11-19.45.54:143][888]LightingResults: New page: Lighting Build
[2018.07.11-19.45.54:242][888]LogEditorServer: Finished looking for orphan Actors (0.000 secs)
[2018.07.11-19.45.54:275][888]Cmd: MAP CHECKDEP NOCLEARLOG
[2018.07.11-19.45.54:330][888]MapCheck: Map check complete: 0 Error(s), 0 Warning(s), took 54.994ms to complete.
[2018.07.11-19.45.54:331][888]LogFileHelpers: Loading map 'HMDLocomotionMap' took 0.192
[2018.07.11-19.49.58:347][152]LogSlate: FSceneViewport::OnFocusLost() reason 0
[2018.07.11-19.53.05:835][816]LogSlate: FSceneViewport::OnFocusLost() reason 2
[2018.07.11-19.53.08:686][154]LogBlueprintUserMessages: Early PlayInEditor Detection: Level '/Game/VirtualRealityBP/Maps/HMDLocomotionMap.HMDLocomotionMap:PersistentLevel' has LevelScriptBlueprint '/Game/VirtualRealityBP/Maps/HMDLocomotionMap.HMDLocomotionMap:PersistentLevel.HMDLocomotionMap' with GeneratedClass '/Game/VirtualRealityBP/Maps/HMDLocomotionMap.HMDLocomotionMap_C' with ClassGeneratedBy '/Game/VirtualRealityBP/Maps/HMDLocomotionMap.HMDLocomotionMap:PersistentLevel.HMDLocomotionMap'
[2018.07.11-19.53.08:686][154]LogPlayLevel: PlayLevel: No blueprints needed recompiling
[2018.07.11-19.53.08:686][154]PIE: New page: SIE session: HMDLocomotionMap (11 Jul 2018 21:53:08)
[2018.07.11-19.53.08:687][154]LogPlayLevel: Creating play world package: /Game/VirtualRealityBP/Maps/UEDPIE_0_HMDLocomotionMap
[2018.07.11-19.53.08:693][154]LogPlayLevel: PIE: StaticDuplicateObject took: (0.006415s)
[2018.07.11-19.53.08:694][154]LogAIModule: Creating AISystem for world HMDLocomotionMap
[2018.07.11-19.53.08:694][154]LogPlayLevel: PIE: World Init took: (0.000715s)
[2018.07.11-19.53.08:694][154]LogPlayLevel: PIE: Created PIE world by copying editor world from /Game/VirtualRealityBP/Maps/HMDLocomotionMap.HMDLocomotionMap to /Game/VirtualRealityBP/Maps/UEDPIE_0_HMDLocomotionMap.HMDLocomotionMap (0.007340s)
[2018.07.11-19.53.08:719][154]LogInit: XAudio2 using 'Speakers (Realtek High Definition Audio)' : 2 channels at 48 kHz using 32 bits per sample (channel mask 0x3)
[2018.07.11-19.53.08:745][154]LogInit: FAudioDevice initialized.
[2018.07.11-19.53.08:745][154]LogSlate: FSceneViewport::OnFocusLost() reason 2
[2018.07.11-19.53.08:789][154]LogUObjectGlobals: Warning: Failed to find object 'Class None.'
[2018.07.11-19.53.08:789][154]LogLoad: Game class is 'GameModeBase'
[2018.07.11-19.53.08:792][154]LogWorld: Bringing World /Game/VirtualRealityBP/Maps/UEDPIE_0_HMDLocomotionMap.HMDLocomotionMap up for play (max tick rate 0) at 2018.07.11-20.53.08
[2018.07.11-19.53.08:792][154]LogWorld: Bringing up level for play took: 0.001466
[2018.07.11-19.53.08:792][154]LogGameMode: FindPlayerStart: PATHS NOT DEFINED or NO PLAYERSTART with positive rating
[2018.07.11-19.53.08:795][154]LogContentBrowser: Native class hierarchy updated for 'MovieSceneCapture' in 0.0003 seconds. Added 11 classes and 0 folders.
[2018.07.11-19.53.08:795][154]PIE: Play in editor start time for /Game/VirtualRealityBP/Maps/UEDPIE_0_HMDLocomotionMap 0.089
[2018.07.11-19.53.08:807][154]LogBlueprintUserMessages: Late PlayInEditor Detection: Level '/Game/VirtualRealityBP/Maps/HMDLocomotionMap.HMDLocomotionMap:PersistentLevel' has LevelScriptBlueprint '/Game/VirtualRealityBP/Maps/HMDLocomotionMap.HMDLocomotionMap:PersistentLevel.HMDLocomotionMap' with GeneratedClass '/Game/VirtualRealityBP/Maps/HMDLocomotionMap.HMDLocomotionMap_C' with ClassGeneratedBy '/Game/VirtualRealityBP/Maps/HMDLocomotionMap.HMDLocomotionMap:PersistentLevel.HMDLocomotionMap'
[2018.07.11-19.53.20:931][364]LogSlate: FSceneViewport::OnFocusLost() reason 0
[2018.07.11-19.53.21:000][372]LogBlueprintUserMessages: Early EndPlayMap Detection: Level '/Game/VirtualRealityBP/Maps/HMDLocomotionMap.HMDLocomotionMap:PersistentLevel' has LevelScriptBlueprint '/Game/VirtualRealityBP/Maps/HMDLocomotionMap.HMDLocomotionMap:PersistentLevel.HMDLocomotionMap' with GeneratedClass '/Game/VirtualRealityBP/Maps/HMDLocomotionMap.HMDLocomotionMap_C' with ClassGeneratedBy '/Game/VirtualRealityBP/Maps/HMDLocomotionMap.HMDLocomotionMap:PersistentLevel.HMDLocomotionMap'
[2018.07.11-19.53.21:029][372]LogBlueprintUserMessages: Late EndPlayMap Detection: Level '/Game/VirtualRealityBP/Maps/HMDLocomotionMap.HMDLocomotionMap:PersistentLevel' has LevelScriptBlueprint '/Game/VirtualRealityBP/Maps/HMDLocomotionMap.HMDLocomotionMap:PersistentLevel.HMDLocomotionMap' with GeneratedClass '/Game/VirtualRealityBP/Maps/HMDLocomotionMap.HMDLocomotionMap_C' with ClassGeneratedBy '/Game/VirtualRealityBP/Maps/HMDLocomotionMap.HMDLocomotionMap:PersistentLevel.HMDLocomotionMap'
[2018.07.11-19.54.45:029][181]LogSlate: Window 'Pick Parent Class' being destroyed
[2018.07.11-19.56.05:060][737]LogSavePackage: Save=126.92ms
[2018.07.11-19.56.05:060][737]LogSavePackage: Moving '../../../../../UE4/Valor9/VRPencilGUI/Saved/HMDLocomotionMap_Auto17FA18D89421D52D57AD5918551E7D5C2.tmp' to '../../../../../UE4/Valor9/VRPencilGUI/Saved/Autosaves/Game/VirtualRealityBP/Maps/HMDLocomotionMap_Auto1.umap'
[2018.07.11-19.56.05:062][737]LogSavePackage: Display: Finished SavePackage ../../../../../UE4/Valor9/VRPencilGUI/Saved/Autosaves/Game/VirtualRealityBP/Maps/HMDLocomotionMap_Auto1.umap
[2018.07.11-19.56.05:070][737]LogFileHelpers: Editor autosave (incl. sublevels) for '/Game/VirtualRealityBP/Maps/HMDLocomotionMap' took 0.163
[2018.07.11-19.56.05:070][737]LogFileHelpers: Editor autosave (incl. sublevels) for all levels took 0.163
[2018.07.11-19.57.29:387][542]LogSlate: Window 'Pick Parent Class' being destroyed
[2018.07.11-19.57.33:839][ 39]LogContentBrowser: Native class hierarchy updated for 'BlueprintGraph' in 0.0005 seconds. Added 116 classes and 0 folders.
[2018.07.11-19.57.34:124][ 39]LogUObjectGlobals: Created PersistentFrame Addr=0x0000028114013538, Size=4, Default__SKEL_PROTO_BP_AnimBlueprint_0_C Function /Engine/Transient.SKEL_PROTO_BP_AnimBlueprint_0_C:ExecuteUbergraph_PROTO_BP_AnimBlueprint_0
[2018.07.11-19.57.34:125][ 39]LogUObjectGlobals: Created PersistentFrame Addr=0x0000028114013530, Size=4, Default__PROTO_BP_AnimBlueprint_0_C Function /Engine/Transient.PROTO_BP_AnimBlueprint_0_C:ExecuteUbergraph_PROTO_BP_AnimBlueprint_0
[2018.07.11-19.57.34:614][ 39]LogRenderer: Reallocating scene render targets to support 1208x728 Format 26 NumSamples 1 (Frame:1).
[2018.07.11-19.57.38:963][507]LogSlate: FSceneViewport::OnFocusLost() reason 2
[2018.07.11-19.57.40:849][722]LogSlate: FSceneViewport::OnFocusLost() reason 2
[2018.07.11-19.57.41:096][742]LogSlate: Took 0.000290 seconds to synchronously load lazily loaded font '../../../Engine/Content/Slate/Fonts/Roboto-Italic.ttf' (157K)
[2018.07.11-19.59.37:331][692]LogSlate: FSceneViewport::OnFocusLost() reason 2
[2018.07.11-19.59.42:210][200]LogMaterial: Missing cached shader map for material AlphaBrushMaterial, compiling. 
[2018.07.11-19.59.42:345][200]LogShaderCompilers: Display: Shaders left to compile 11
[2018.07.11-19.59.42:345][200]LogShaderCompilers: Display: Shaders left to compile 1
[2018.07.11-19.59.43:615][325]LogSlate: FSceneViewport::OnFocusLost() reason 2
[2018.07.11-19.59.54:070][409]LogSlate: FSceneViewport::OnFocusLost() reason 0
[2018.07.11-19.59.55:551][533]LogSlate: FSceneViewport::OnFocusLost() reason 2
[2018.07.11-20.00.03:069][216]LogSlate: FSceneViewport::OnFocusLost() reason 0
[2018.07.11-20.00.04:311][308]LogSlate: FSceneViewport::OnFocusLost() reason 2
[2018.07.11-20.00.09:124][742]LogSlate: FSceneViewport::OnFocusLost() reason 0
[2018.07.11-20.00.10:629][861]LogSlate: FSceneViewport::OnFocusLost() reason 2
[2018.07.11-20.00.28:770][688]LogSlate: FSceneViewport::OnFocusLost() reason 0
[2018.07.11-20.00.28:831][695]Cmd: MODE SCALEGRID=0
[2018.07.11-20.00.31:262][917]LogSlate: FSceneViewport::OnFocusLost() reason 0
[2018.07.11-20.00.31:360][928]Cmd: MODE SCALEGRID=1
[2018.07.11-20.00.32:301][ 23]Cmd: MODE GRID=0
[2018.07.11-20.02.51:348][214]LogSlate: Window 'MainWidget*' being destroyed
[2018.07.11-20.02.51:356][214]LogSlate: Window 'MainWidget*' being destroyed
[2018.07.11-20.02.54:864][218]LogSlate: Window 'Save Content' being destroyed
[2018.07.11-20.02.54:901][218]Cmd: OBJ SAVEPACKAGE PACKAGE="/Game/VirtualRealityBP/CustomUI/MainWidget" FILE="../../../../../UE4/Valor9/VRPencilGUI/Content/VirtualRealityBP/CustomUI/MainWidget.uasset" SILENT=true
[2018.07.11-20.02.54:924][218]LogSavePackage: Save=20.52ms
[2018.07.11-20.02.54:925][218]LogSavePackage: Moving '../../../../../UE4/Valor9/VRPencilGUI/Saved/MainWidgetDF8C5E2048391739871A06A397DDC157.tmp' to '../../../../../UE4/Valor9/VRPencilGUI/Content/VirtualRealityBP/CustomUI/MainWidget.uasset'
[2018.07.11-20.02.54:928][218]LogSavePackage: Display: Finished SavePackage ../../../../../UE4/Valor9/VRPencilGUI/Content/VirtualRealityBP/CustomUI/MainWidget.uasset
[2018.07.11-20.02.55:146][218]LogSavePackage: Save=133.30ms
[2018.07.11-20.02.55:146][218]LogSavePackage: Moving '../../../../../UE4/Valor9/VRPencilGUI/Saved/HMDLocomotionMap56AAD9CB49E01F1DCDED90BD10504208.tmp' to '../../../../../UE4/Valor9/VRPencilGUI/Content/VirtualRealityBP/Maps/HMDLocomotionMap.umap'
[2018.07.11-20.02.55:149][218]LogSavePackage: Display: Finished SavePackage ../../../../../UE4/Valor9/VRPencilGUI/Content/VirtualRealityBP/Maps/HMDLocomotionMap.umap
[2018.07.11-20.02.55:170][218]LogFileHelpers: Saving map 'HMDLocomotionMap' took 0.239
[2018.07.11-20.02.55:232][218]LogSlate: Window 'VRPencilGUI - Unreal Editor' being destroyed
[2018.07.11-20.02.55:233][218]LogWindowsTextInputMethodSystem: Display: IME system now deactivated.
[2018.07.11-20.02.55:481][219]Cmd: QUIT_EDITOR
[2018.07.11-20.02.56:329][219]LogSlate: Slate User Destroyed.  User Index 0, Is Virtual User: 0
[2018.07.11-20.02.56:329][219]LogExit: Preparing to exit.
[2018.07.11-20.02.57:453][219]LogDirectoryWatcher: A directory notification for 'D:/UE4/Valor9/VRPencilGUI/Content/' was aborted.
[2018.07.11-20.02.57:482][219]LogExit: Editor shut down
[2018.07.11-20.02.57:485][219]LogExit: Transaction tracking system shut down
[2018.07.11-20.02.57:486][219]LogUObjectGlobals: Destroyed PersistentFrame Addr=0x000002817e2e1600, Size=32
[2018.07.11-20.02.57:486][219]LogUObjectGlobals: Destroyed PersistentFrame Addr=0x000002817e3a3388, Size=24
[2018.07.11-20.02.57:487][219]LogUObjectGlobals: Destroyed PersistentFrame Addr=0x0000028147d5a400, Size=840
[2018.07.11-20.02.57:487][219]LogUObjectGlobals: Destroyed PersistentFrame Addr=0x000002817e401800, Size=968
[2018.07.11-20.02.57:487][219]LogUObjectGlobals: Destroyed PersistentFrame Addr=0x0000028153631900, Size=752
[2018.07.11-20.02.57:492][219]LogUObjectGlobals: Destroyed PersistentFrame Addr=0x0000028114013538, Size=4
[2018.07.11-20.02.57:492][219]LogUObjectGlobals: Destroyed PersistentFrame Addr=0x0000028114013530, Size=4
[2018.07.11-20.02.57:616][219]LogDirectoryWatcher: A directory notification for '../../../Engine/Content/' was aborted.
[2018.07.11-20.02.57:616][219]LogDirectoryWatcher: A directory notification for '../../../../../UE4/Valor9/VRPencilGUI/Content/' was aborted.
[2018.07.11-20.02.57:616][219]LogDirectoryWatcher: A directory notification for '../../Plugins/2D/Paper2D/Content/' was aborted.
[2018.07.11-20.02.57:616][219]LogDirectoryWatcher: A directory notification for '../../Plugins/Enterprise/DatasmithContent/Content/' was aborted.
[2018.07.11-20.02.57:616][219]LogDirectoryWatcher: A directory notification for '../../Plugins/Media/MediaCompositing/Content/' was aborted.
[2018.07.11-20.02.57:616][219]LogDirectoryWatcher: A directory notification for '../../Plugins/Runtime/AppleARKit/Content/' was aborted.
[2018.07.11-20.02.57:616][219]LogDirectoryWatcher: A directory notification for '../../Plugins/Runtime/Oculus/OculusVR/Content/' was aborted.
[2018.07.11-20.02.57:616][219]LogDirectoryWatcher: A directory notification for '../../Plugins/Runtime/Steam/SteamVR/Content/' was aborted.
[2018.07.11-20.02.57:693][219]LogExit: Object subsystem successfully closed.
[2018.07.11-20.02.57:709][219]LogShaderCompilers: Display: Shaders left to compile 0
[2018.07.11-20.02.57:712][219]LogD3D11RHI: Shutdown
[2018.07.11-20.02.57:712][219]LogD3D11RHI: CleanupD3DDevice
[2018.07.11-20.02.57:714][219]LogD3D11RHI: ~FD3D11DynamicRHI
[2018.07.11-20.02.57:721][219]LogModuleManager: Shutting down and abandoning module HierarchicalLODUtilities (580)
[2018.07.11-20.02.57:721][219]LogModuleManager: Shutting down and abandoning module BlueprintGraph (578)
[2018.07.11-20.02.57:721][219]LogModuleManager: Shutting down and abandoning module MovieSceneCapture (576)
[2018.07.11-20.02.57:721][219]LogModuleManager: Shutting down and abandoning module HierarchicalLODOutliner (574)
[2018.07.11-20.02.57:721][219]LogModuleManager: Shutting down and abandoning module SceneOutliner (572)
[2018.07.11-20.02.57:721][219]LogModuleManager: Shutting down and abandoning module AddContentDialog (570)
[2018.07.11-20.02.57:721][219]LogDirectoryWatcher: A directory notification for 'D:/Epic Games/UE_4.19/FeaturePacks/' was aborted.
[2018.07.11-20.02.57:722][219]LogModuleManager: Shutting down and abandoning module WidgetCarousel (569)
[2018.07.11-20.02.57:722][219]LogModuleManager: Shutting down and abandoning module EditorWidgets (566)
[2018.07.11-20.02.57:722][219]LogModuleManager: Shutting down and abandoning module CollectionManager (564)
[2018.07.11-20.02.57:722][219]LogDirectoryWatcher: A directory notification for 'D:/UE4/Valor9/VRPencilGUI/Content/Collections/' was aborted.
[2018.07.11-20.02.57:722][219]LogDirectoryWatcher: A directory notification for 'D:/UE4/Valor9/VRPencilGUI/Content/Developers/jabbe/Collections/' was aborted.
[2018.07.11-20.02.57:722][219]LogDirectoryWatcher: A directory notification for 'D:/UE4/Valor9/VRPencilGUI/Saved/Collections/' was aborted.
[2018.07.11-20.02.57:722][219]LogModuleManager: Shutting down and abandoning module StatsViewer (562)
[2018.07.11-20.02.57:722][219]LogModuleManager: Shutting down and abandoning module FoliageEdit (560)
[2018.07.11-20.02.57:722][219]LogModuleManager: Shutting down and abandoning module LandscapeEditor (558)
[2018.07.11-20.02.57:723][219]LogModuleManager: Shutting down and abandoning module MeshPaintMode (556)
[2018.07.11-20.02.57:723][219]LogModuleManager: Shutting down and abandoning module SceneDepthPickerMode (554)
[2018.07.11-20.02.57:723][219]LogModuleManager: Shutting down and abandoning module ActorPickerMode (552)
[2018.07.11-20.02.57:723][219]LogModuleManager: Shutting down and abandoning module GeometryMode (550)
[2018.07.11-20.02.57:723][219]LogModuleManager: Shutting down and abandoning module TextureAlignMode (548)
[2018.07.11-20.02.57:723][219]LogModuleManager: Shutting down and abandoning module BspMode (546)
[2018.07.11-20.02.57:723][219]LogModuleManager: Shutting down and abandoning module PIEPreviewDeviceProfileSelector (544)
[2018.07.11-20.02.57:723][219]LogModuleManager: Shutting down and abandoning module HardwareSurvey (542)
[2018.07.11-20.02.57:723][219]LogModuleManager: Shutting down and abandoning module SequenceRecorderSections (540)
[2018.07.11-20.02.57:723][219]LogModuleManager: Shutting down and abandoning module AutomationWorker (538)
[2018.07.11-20.02.57:723][219]LogModuleManager: Shutting down and abandoning module AudioCaptureEditor (536)
[2018.07.11-20.02.57:723][219]LogModuleManager: Shutting down and abandoning module SequenceRecorder (535)
[2018.07.11-20.02.57:723][219]LogModuleManager: Shutting down and abandoning module MatineeToLevelSequence (532)
[2018.07.11-20.02.57:723][219]LogModuleManager: Shutting down and abandoning module LevelSequenceEditor (530)
[2018.07.11-20.02.57:723][219]LogModuleManager: Shutting down and abandoning module PlacementMode (529)
[2018.07.11-20.02.57:723][219]LogModuleManager: Shutting down and abandoning module MaterialEditor (528)
[2018.07.11-20.02.57:723][219]LogModuleManager: Shutting down and abandoning module WmfMediaFactory (524)
[2018.07.11-20.02.57:723][219]LogModuleManager: Shutting down and abandoning module WmfMediaEditor (522)
[2018.07.11-20.02.57:723][219]LogModuleManager: Shutting down and abandoning module MediaPlayerEditor (520)
[2018.07.11-20.02.57:723][219]LogModuleManager: Shutting down and abandoning module OpenExrWrapper (518)
[2018.07.11-20.02.57:723][219]LogModuleManager: Shutting down and abandoning module ImgMediaFactory (516)
[2018.07.11-20.02.57:723][219]LogModuleManager: Shutting down and abandoning module ImgMediaEditor (514)
[2018.07.11-20.02.57:723][219]LogModuleManager: Shutting down and abandoning module AvfMediaFactory (512)
[2018.07.11-20.02.57:723][219]LogModuleManager: Shutting down and abandoning module AvfMediaEditor (510)
[2018.07.11-20.02.57:723][219]LogModuleManager: Shutting down and abandoning module AndroidMediaFactory (508)
[2018.07.11-20.02.57:723][219]LogModuleManager: Shutting down and abandoning module AndroidMediaEditor (506)
[2018.07.11-20.02.57:723][219]LogModuleManager: Shutting down and abandoning module CharacterAI (504)
[2018.07.11-20.02.57:723][219]LogModuleManager: Shutting down and abandoning module SmartSnapping (502)
[2018.07.11-20.02.57:724][219]LogModuleManager: Shutting down and abandoning module SessionServices (500)
[2018.07.11-20.02.57:724][219]LogModuleManager: Shutting down and abandoning module ViewportSnapping (498)
[2018.07.11-20.02.57:724][219]LogModuleManager: Shutting down and abandoning module ViewportInteraction (496)
[2018.07.11-20.02.57:724][219]LogModuleManager: Shutting down and abandoning module ClothPainter (494)
[2018.07.11-20.02.57:724][219]LogModuleManager: Shutting down and abandoning module SkeletalMeshEditor (493)
[2018.07.11-20.02.57:724][219]LogModuleManager: Shutting down and abandoning module LogVisualizer (490)
[2018.07.11-20.02.57:724][219]LogModuleManager: Shutting down and abandoning module IntroTutorials (488)
[2018.07.11-20.02.57:724][219]LogModuleManager: Shutting down and abandoning module GameProjectGeneration (487)
[2018.07.11-20.02.57:724][219]LogModuleManager: Shutting down and abandoning module IOSPlatformEditor (484)
[2018.07.11-20.02.57:724][219]LogModuleManager: Shutting down and abandoning module HTML5PlatformEditor (482)
[2018.07.11-20.02.57:724][219]LogModuleManager: Shutting down and abandoning module AndroidPlatformEditor (480)
[2018.07.11-20.02.57:724][219]LogModuleManager: Shutting down and abandoning module AndroidDeviceDetection (479)
[2018.07.11-20.02.58:049][219]LogModuleManager: Shutting down and abandoning module WindowsPlatformEditor (476)
[2018.07.11-20.02.58:049][219]LogModuleManager: Shutting down and abandoning module IOSRuntimeSettings (474)
[2018.07.11-20.02.58:049][219]LogModuleManager: Shutting down and abandoning module AndroidRuntimeSettings (472)
[2018.07.11-20.02.58:049][219]LogModuleManager: Shutting down and abandoning module InputBindingEditor (470)
[2018.07.11-20.02.58:050][219]LogModuleManager: Shutting down and abandoning module MergeActors (468)
[2018.07.11-20.02.58:050][219]LogModuleManager: Shutting down and abandoning module LocalizationDashboard (466)
[2018.07.11-20.02.58:050][219]LogModuleManager: Shutting down and abandoning module LocalizationService (465)
[2018.07.11-20.02.58:050][219]LogModuleManager: Shutting down and abandoning module HardwareTargeting (462)
[2018.07.11-20.02.58:050][219]LogModuleManager: Shutting down and abandoning module DeviceProfileEditor (460)
[2018.07.11-20.02.58:050][219]LogModuleManager: Shutting down and abandoning module UndoHistory (458)
[2018.07.11-20.02.58:050][219]LogModuleManager: Shutting down and abandoning module XmlParser (456)
[2018.07.11-20.02.58:050][219]LogModuleManager: Shutting down and abandoning module Blutility (454)
[2018.07.11-20.02.58:050][219]LogModuleManager: Shutting down and abandoning module ProjectSettingsViewer (452)
[2018.07.11-20.02.58:050][219]LogModuleManager: Shutting down and abandoning module ProjectTargetPlatformEditor (451)
[2018.07.11-20.02.58:050][219]LogModuleManager: Shutting down and abandoning module EditorSettingsViewer (448)
[2018.07.11-20.02.58:050][219]LogModuleManager: Shutting down and abandoning module SettingsEditor (446)
[2018.07.11-20.02.58:050][219]LogModuleManager: Shutting down and abandoning module ProjectLauncher (444)
[2018.07.11-20.02.58:050][219]LogModuleManager: Shutting down and abandoning module SessionFrontend (442)
[2018.07.11-20.02.58:050][219]LogModuleManager: Shutting down and abandoning module ProfilerClient (440)
[2018.07.11-20.02.58:050][219]LogModuleManager: Shutting down and abandoning module DeviceManager (438)
[2018.07.11-20.02.58:050][219]LogModuleManager: Shutting down and abandoning module TargetDeviceServices (437)
[2018.07.11-20.02.58:105][219]LogModuleManager: Shutting down and abandoning module AutomationController (434)
[2018.07.11-20.02.58:105][219]LogModuleManager: Shutting down and abandoning module AutomationWindow (432)
[2018.07.11-20.02.58:105][219]LogModuleManager: Shutting down and abandoning module Layers (430)
[2018.07.11-20.02.58:105][219]LogModuleManager: Shutting down and abandoning module ComponentVisualizers (428)
[2018.07.11-20.02.58:105][219]LogModuleManager: Shutting down and abandoning module DetailCustomizations (426)
[2018.07.11-20.02.58:105][219]LogModuleManager: Shutting down and abandoning module PackagesDialog (424)
[2018.07.11-20.02.58:106][219]LogModuleManager: Shutting down and abandoning module Persona (422)
[2018.07.11-20.02.58:106][219]LogModuleManager: Shutting down and abandoning module AdvancedPreviewScene (421)
[2018.07.11-20.02.58:106][219]LogModuleManager: Shutting down and abandoning module AnimGraph (419)
[2018.07.11-20.02.58:106][219]LogModuleManager: Shutting down and abandoning module Kismet (416)
[2018.07.11-20.02.58:131][219]LogModuleManager: Shutting down and abandoning module GraphEditor (414)
[2018.07.11-20.02.58:131][219]LogModuleManager: Shutting down and abandoning module ClassViewer (412)
[2018.07.11-20.02.58:135][219]LogModuleManager: Shutting down and abandoning module Toolbox (410)
[2018.07.11-20.02.58:135][219]LogModuleManager: Shutting down and abandoning module ModuleUI (408)
[2018.07.11-20.02.58:135][219]LogModuleManager: Shutting down and abandoning module MovieSceneTools (406)
[2018.07.11-20.02.58:136][219]LogModuleManager: Shutting down and abandoning module OutputLog (404)
[2018.07.11-20.02.58:136][219]LogModuleManager: Shutting down and abandoning module GammaUI (402)
[2018.07.11-20.02.58:136][219]LogModuleManager: Shutting down and abandoning module Documentation (400)
[2018.07.11-20.02.58:136][219]LogModuleManager: Shutting down and abandoning module MovieSceneTracks (398)
[2018.07.11-20.02.58:136][219]LogModuleManager: Shutting down and abandoning module MovieScene (396)
[2018.07.11-20.02.58:136][219]LogModuleManager: Shutting down and abandoning module StreamingPauseRendering (394)
[2018.07.11-20.02.58:136][219]LogModuleManager: Shutting down and abandoning module LauncherPlatform (392)
[2018.07.11-20.02.58:136][219]LogModuleManager: Shutting down and abandoning module AnalyticsET (390)
[2018.07.11-20.02.58:136][219]LogModuleManager: Shutting down and abandoning module PortalServices (388)
[2018.07.11-20.02.58:136][219]LogModuleManager: Shutting down and abandoning module PortalRpc (386)
[2018.07.11-20.02.58:136][219]LogModuleManager: Shutting down and abandoning module MessagingRpc (384)
[2018.07.11-20.02.58:136][219]LogModuleManager: Shutting down and abandoning module AIModule (382)
[2018.07.11-20.02.58:136][219]LogModuleManager: Shutting down and abandoning module GameplayDebugger (381)
[2018.07.11-20.02.58:137][219]LogModuleManager: Shutting down and abandoning module AITestSuite (379)
[2018.07.11-20.02.58:137][219]LogModuleManager: Shutting down and abandoning module DesktopPlatform (376)
[2018.07.11-20.02.58:137][219]LogModuleManager: Shutting down and abandoning module ProfilerService (374)
[2018.07.11-20.02.58:281][219]LogModuleManager: Shutting down and abandoning module TaskGraph (372)
[2018.07.11-20.02.58:281][219]LogModuleManager: Shutting down and abandoning module SteamVRController (370)
[2018.07.11-20.02.58:281][219]LogModuleManager: Shutting down and abandoning module ProceduralMeshComponentEditor (368)
[2018.07.11-20.02.58:281][219]LogModuleManager: Shutting down and abandoning module ProceduralMeshComponent (366)
[2018.07.11-20.02.58:282][219]LogModuleManager: Shutting down and abandoning module OculusInput (364)
[2018.07.11-20.02.58:282][219]LogModuleManager: Shutting down and abandoning module MobilePatchingUtils (362)
[2018.07.11-20.02.58:282][219]LogModuleManager: Shutting down and abandoning module CustomMeshComponent (360)
[2018.07.11-20.02.58:282][219]LogModuleManager: Shutting down and abandoning module CableComponent (358)
[2018.07.11-20.02.58:282][219]LogModuleManager: Shutting down and abandoning module AudioCapture (356)
[2018.07.11-20.02.58:282][219]LogModuleManager: Shutting down and abandoning module ArchVisCharacter (354)
[2018.07.11-20.02.58:282][219]LogModuleManager: Shutting down and abandoning module AndroidPermission (352)
[2018.07.11-20.02.58:282][219]LogModuleManager: Shutting down and abandoning module NUTUnrealEngine4 (348)
[2018.07.11-20.02.58:282][219]LogModuleManager: Shutting down and abandoning module NetcodeUnitTest (346)
[2018.07.11-20.02.58:282][219]LogModuleManager: Shutting down and abandoning module MediaCompositingEditor (344)
[2018.07.11-20.02.58:282][219]LogModuleManager: Shutting down and abandoning module MediaCompositing (342)
[2018.07.11-20.02.58:282][219]LogModuleManager: Shutting down and abandoning module LinearTimecode (340)
[2018.07.11-20.02.58:282][219]LogModuleManager: Shutting down and abandoning module ImgMedia (338)
[2018.07.11-20.02.58:293][219]LogModuleManager: Shutting down and abandoning module HTML5Networking (336)
[2018.07.11-20.02.58:293][219]LogModuleManager: Shutting down and abandoning module AlembicImporter (334)
[2018.07.11-20.02.58:293][219]LogModuleManager: Shutting down and abandoning module AlembicLibrary (333)
[2018.07.11-20.02.58:293][219]LogModuleManager: Shutting down and abandoning module GeometryCache (332)
[2018.07.11-20.02.58:293][219]LogModuleManager: Shutting down and abandoning module GeometryCacheEd (331)
[2018.07.11-20.02.58:294][219]LogModuleManager: Shutting down and abandoning module DatasmithContent (326)
[2018.07.11-20.02.58:294][219]LogModuleManager: Shutting down and abandoning module SpeedTreeImporter (324)
[2018.07.11-20.02.58:294][219]LogModuleManager: Shutting down and abandoning module PluginBrowser (322)
[2018.07.11-20.02.58:294][219]LogModuleManager: Shutting down and abandoning module MobileLauncherProfileWizard (320)
[2018.07.11-20.02.58:294][219]LogModuleManager: Shutting down and abandoning module CryptoKeysOpenSSL (318)
[2018.07.11-20.02.58:294][219]LogModuleManager: Shutting down and abandoning module CryptoKeys (316)
[2018.07.11-20.02.58:294][219]LogModuleManager: Shutting down and abandoning module VisualStudioSourceCodeAccess (314)
[2018.07.11-20.02.58:294][219]LogModuleManager: Shutting down and abandoning module VisualStudioCodeSourceCodeAccess (312)
[2018.07.11-20.02.58:294][219]LogModuleManager: Shutting down and abandoning module UObjectPlugin (310)
[2018.07.11-20.02.58:294][219]LogModuleManager: Shutting down and abandoning module SubversionSourceControl (308)
[2018.07.11-20.02.58:294][219]LogModuleManager: Shutting down and abandoning module PerforceSourceControl (306)
[2018.07.11-20.02.58:295][219]LogModuleManager: Shutting down and abandoning module GitSourceControl (304)
[2018.07.11-20.02.58:295][219]LogModuleManager: Shutting down and abandoning module SourceControl (303)
[2018.07.11-20.02.58:295][219]LogModuleManager: Shutting down and abandoning module CLionSourceCodeAccess (300)
[2018.07.11-20.02.58:295][219]LogModuleManager: Shutting down and abandoning module LightPropagationVolumeEditor (298)
[2018.07.11-20.02.58:295][219]LogModuleManager: Shutting down and abandoning module PaperTiledImporter (296)
[2018.07.11-20.02.58:295][219]LogModuleManager: Shutting down and abandoning module PaperSpriteSheetImporter (294)
[2018.07.11-20.02.58:295][219]LogModuleManager: Shutting down and abandoning module Paper2DEditor (292)
[2018.07.11-20.02.58:295][219]LogModuleManager: Shutting down and abandoning module MeshPaint (291)
[2018.07.11-20.02.58:295][219]LogModuleManager: Shutting down and abandoning module RuntimePhysXCooking (288)
[2018.07.11-20.02.58:295][219]LogModuleManager: Shutting down and abandoning module PhysXVehiclesEditor (286)
[2018.07.11-20.02.58:295][219]LogModuleManager: Shutting down and abandoning module PhysXVehicles (284)
[2018.07.11-20.02.58:296][219]LogModuleManager: Shutting down and abandoning module OculusEditor (282)
[2018.07.11-20.02.58:296][219]LogModuleManager: Shutting down and abandoning module LocationServicesBPLibrary (280)
[2018.07.11-20.02.58:296][219]LogModuleManager: Shutting down and abandoning module ImmediatePhysicsEditor (278)
[2018.07.11-20.02.58:296][219]LogModuleManager: Shutting down and abandoning module ImmediatePhysics (276)
[2018.07.11-20.02.58:296][219]LogModuleManager: Shutting down and abandoning module ActorSequence (274)
[2018.07.11-20.02.58:296][219]LogModuleManager: Shutting down and abandoning module UdpMessaging (272)
[2018.07.11-20.02.58:398][219]LogModuleManager: Shutting down and abandoning module TcpMessaging (270)
[2018.07.11-20.02.58:499][219]LogModuleManager: Shutting down and abandoning module GameplayTagsEditor (268)
[2018.07.11-20.02.58:499][219]LogModuleManager: Shutting down and abandoning module FacialAnimationEditor (266)
[2018.07.11-20.02.58:499][219]LogModuleManager: Shutting down and abandoning module FacialAnimation (264)
[2018.07.11-20.02.58:499][219]LogModuleManager: Shutting down and abandoning module DataValidation (262)
[2018.07.11-20.02.58:499][219]LogModuleManager: Shutting down and abandoning module AssetManagerEditor (260)
[2018.07.11-20.02.58:499][219]LogModuleManager: Shutting down and abandoning module LevelEditor (259)
[2018.07.11-20.02.58:501][219]LogModuleManager: Shutting down and abandoning module PixelInspectorModule (258)
[2018.07.11-20.02.58:502][219]LogModuleManager: Shutting down and abandoning module CommonMenuExtensions (256)
[2018.07.11-20.02.58:502][219]LogModuleManager: Shutting down and abandoning module MainFrame (254)
[2018.07.11-20.02.58:502][219]LogModuleManager: Shutting down and abandoning module HotReload (253)
[2018.07.11-20.02.58:503][219]LogModuleManager: Shutting down and abandoning module ContentBrowser (249)
[2018.07.11-20.02.58:506][219]LogModuleManager: Shutting down and abandoning module TreeMap (247)
[2018.07.11-20.02.58:506][219]LogModuleManager: Shutting down and abandoning module LightPropagationVolumeRuntime (244)
[2018.07.11-20.02.58:506][219]LogModuleManager: Shutting down and abandoning module LiveLinkEditor (242)
[2018.07.11-20.02.58:507][219]LogModuleManager: Shutting down and abandoning module LiveLink (240)
[2018.07.11-20.02.59:097][219]LogModuleManager: Shutting down and abandoning module Paper2D (238)
[2018.07.11-20.02.59:097][219]LogModuleManager: Shutting down and abandoning module WindowsMoviePlayer (236)
[2018.07.11-20.02.59:097][219]LogModuleManager: Shutting down and abandoning module WmfMedia (234)
[2018.07.11-20.02.59:101][219]LogModuleManager: Shutting down and abandoning module Media (233)
[2018.07.11-20.02.59:109][219]LogModuleManager: Shutting down and abandoning module PacketHandler (230)
[2018.07.11-20.02.59:109][219]LogModuleManager: Shutting down and abandoning module ClothingSystemEditor (228)
[2018.07.11-20.02.59:109][219]LogModuleManager: Shutting down and abandoning module ClothingSystemRuntime (226)
[2018.07.11-20.02.59:109][219]LogModuleManager: Shutting down and abandoning module MediaAssets (224)
[2018.07.11-20.02.59:109][219]LogModuleManager: Shutting down and abandoning module Overlay (222)
[2018.07.11-20.02.59:109][219]LogModuleManager: Shutting down and abandoning module OverlayEditor (221)
[2018.07.11-20.02.59:109][219]LogModuleManager: Shutting down and abandoning module VREditor (218)
[2018.07.11-20.02.59:109][219]LogModuleManager: Shutting down and abandoning module StringTableEditor (216)
[2018.07.11-20.02.59:110][219]LogModuleManager: Shutting down and abandoning module GameplayTasksEditor (214)
[2018.07.11-20.02.59:110][219]LogModuleManager: Shutting down and abandoning module BehaviorTreeEditor (212)
[2018.07.11-20.02.59:110][219]LogModuleManager: Shutting down and abandoning module FunctionalTesting (210)
[2018.07.11-20.02.59:110][219]LogModuleManager: Shutting down and abandoning module CollisionAnalyzer (208)
[2018.07.11-20.02.59:110][219]LogModuleManager: Shutting down and abandoning module WorkspaceMenuStructure (207)
[2018.07.11-20.02.59:110][219]LogModuleManager: Shutting down and abandoning module UMG (204)
[2018.07.11-20.02.59:110][219]LogModuleManager: Shutting down and abandoning module UMGEditor (203)
[2018.07.11-20.02.59:110][219]LogModuleManager: Shutting down and abandoning module Sequencer (202)
[2018.07.11-20.02.59:111][219]LogModuleManager: Shutting down and abandoning module MessageLog (199)
[2018.07.11-20.02.59:111][219]LogModuleManager: Shutting down and abandoning module SlateReflector (194)
[2018.07.11-20.02.59:111][219]LogModuleManager: Shutting down and abandoning module Slate (192)
[2018.07.11-20.02.59:111][219]LogModuleManager: Shutting down and abandoning module EditorStyle (190)
[2018.07.11-20.02.59:116][219]LogModuleManager: Shutting down and abandoning module MRMesh (188)
[2018.07.11-20.02.59:116][219]LogModuleManager: Shutting down and abandoning module SourceCodeAccess (186)
[2018.07.11-20.02.59:116][219]LogModuleManager: Shutting down and abandoning module HeadMountedDisplay (184)
[2018.07.11-20.02.59:116][219]LogModuleManager: Shutting down and abandoning module XAudio2 (182)
[2018.07.11-20.02.59:116][219]LogModuleManager: Shutting down and abandoning module Networking (180)
[2018.07.11-20.02.59:116][219]LogModuleManager: Shutting down and abandoning module Core (178)
[2018.07.11-20.02.59:116][219]LogModuleManager: Shutting down and abandoning module LevelSequence (176)
[2018.07.11-20.02.59:117][219]LogModuleManager: Shutting down and abandoning module KismetCompiler (174)
[2018.07.11-20.02.59:117][219]LogModuleManager: Shutting down and abandoning module MeshUtilities (172)
[2018.07.11-20.02.59:117][219]LogModuleManager: Shutting down and abandoning module MeshMergeUtilities (171)
[2018.07.11-20.02.59:117][219]LogModuleManager: Shutting down and abandoning module MeshReductionInterface (170)
[2018.07.11-20.02.59:117][219]LogModuleManager: Shutting down and abandoning module SimplygonSwarm (169)
[2018.07.11-20.02.59:117][219]LogModuleManager: Shutting down and abandoning module SimplygonMeshReduction (167)
[2018.07.11-20.02.59:117][219]LogModuleManager: Shutting down and abandoning module QuadricMeshReduction (165)
[2018.07.11-20.02.59:117][219]LogModuleManager: Shutting down and abandoning module MaterialBaking (161)
[2018.07.11-20.02.59:117][219]LogModuleManager: Shutting down and abandoning module DirectoryWatcher (157)
[2018.07.11-20.02.59:120][219]LogModuleManager: Shutting down and abandoning module DerivedDataCache (154)
[2018.07.11-20.02.59:174][219]LogDerivedDataCache: Shutdown
[2018.07.11-20.02.59:174][219]LogModuleManager: Shutting down and abandoning module XGEController (152)
[2018.07.11-20.02.59:174][219]LogXGEController: Cleaning working directory: C:/Users/jabbe/AppData/Local/Temp/UnrealXGEWorkingDir/
[2018.07.11-20.02.59:175][219]LogModuleManager: Shutting down and abandoning module TargetPlatform (150)
[2018.07.11-20.02.59:175][219]LogModuleManager: Shutting down and abandoning module VulkanShaderFormat (149)
[2018.07.11-20.02.59:175][219]LogModuleManager: Shutting down and abandoning module ShaderFormatVectorVM (147)
[2018.07.11-20.02.59:175][219]LogModuleManager: Shutting down and abandoning module ShaderFormatOpenGL (145)
[2018.07.11-20.02.59:175][219]LogModuleManager: Shutting down and abandoning module ShaderFormatD3D (143)
[2018.07.11-20.02.59:175][219]LogModuleManager: Shutting down and abandoning module MetalShaderFormat (141)
[2018.07.11-20.02.59:175][219]LogModuleManager: Shutting down and abandoning module TextureFormatUncompressed (139)
[2018.07.11-20.02.59:175][219]LogModuleManager: Shutting down and abandoning module TextureFormatPVR (137)
[2018.07.11-20.02.59:175][219]LogModuleManager: Shutting down and abandoning module TextureFormatDXT (135)
[2018.07.11-20.02.59:175][219]LogModuleManager: Shutting down and abandoning module TextureFormatIntelISPCTexComp (133)
[2018.07.11-20.02.59:176][219]LogModuleManager: Shutting down and abandoning module TextureFormatASTC (131)
[2018.07.11-20.02.59:176][219]LogModuleManager: Shutting down and abandoning module ImageWrapper (130)
[2018.07.11-20.02.59:176][219]LogModuleManager: Shutting down and abandoning module TextureFormatAndroid (127)
[2018.07.11-20.02.59:176][219]LogModuleManager: Shutting down and abandoning module AudioFormatOpus (125)
[2018.07.11-20.02.59:176][219]LogModuleManager: Shutting down and abandoning module AudioFormatOgg (123)
[2018.07.11-20.02.59:176][219]LogModuleManager: Shutting down and abandoning module AudioFormatADPCM (121)
[2018.07.11-20.02.59:176][219]LogModuleManager: Shutting down and abandoning module LinuxTargetPlatform (119)
[2018.07.11-20.02.59:176][219]LogModuleManager: Shutting down and abandoning module LinuxServerTargetPlatform (117)
[2018.07.11-20.02.59:176][219]LogModuleManager: Shutting down and abandoning module LinuxNoEditorTargetPlatform (115)
[2018.07.11-20.02.59:176][219]LogModuleManager: Shutting down and abandoning module LinuxClientTargetPlatform (113)
[2018.07.11-20.02.59:176][219]LogModuleManager: Shutting down and abandoning module TVOSTargetPlatform (111)
[2018.07.11-20.02.59:176][219]LogModuleManager: Shutting down and abandoning module Messaging (109)
[2018.07.11-20.02.59:176][219]LogModuleManager: Shutting down and abandoning module IOSTargetPlatform (107)
[2018.07.11-20.02.59:176][219]LogModuleManager: Shutting down and abandoning module HTML5TargetPlatform (105)
[2018.07.11-20.02.59:176][219]LogModuleManager: Shutting down and abandoning module AndroidTargetPlatform (103)
[2018.07.11-20.02.59:176][219]LogModuleManager: Shutting down and abandoning module Android_PVRTCTargetPlatform (101)
[2018.07.11-20.02.59:176][219]LogModuleManager: Shutting down and abandoning module Android_MultiTargetPlatform (99)
[2018.07.11-20.02.59:176][219]LogModuleManager: Shutting down and abandoning module Android_ETC2TargetPlatform (97)
[2018.07.11-20.02.59:177][219]LogModuleManager: Shutting down and abandoning module Android_ETC1TargetPlatform (95)
[2018.07.11-20.02.59:177][219]LogModuleManager: Shutting down and abandoning module Android_ETC1aTargetPlatform (93)
[2018.07.11-20.02.59:177][219]LogModuleManager: Shutting down and abandoning module Android_DXTTargetPlatform (91)
[2018.07.11-20.02.59:177][219]LogModuleManager: Shutting down and abandoning module Android_ATCTargetPlatform (89)
[2018.07.11-20.02.59:177][219]LogModuleManager: Shutting down and abandoning module Android_ASTCTargetPlatform (87)
[2018.07.11-20.02.59:177][219]LogModuleManager: Shutting down and abandoning module WindowsTargetPlatform (85)
[2018.07.11-20.02.59:177][219]LogModuleManager: Shutting down and abandoning module WindowsServerTargetPlatform (83)
[2018.07.11-20.02.59:177][219]LogModuleManager: Shutting down and abandoning module WindowsNoEditorTargetPlatform (81)
[2018.07.11-20.02.59:177][219]LogModuleManager: Shutting down and abandoning module WindowsClientTargetPlatform (79)
[2018.07.11-20.02.59:177][219]LogModuleManager: Shutting down and abandoning module MacTargetPlatform (77)
[2018.07.11-20.02.59:177][219]LogModuleManager: Shutting down and abandoning module MacServerTargetPlatform (75)
[2018.07.11-20.02.59:177][219]LogModuleManager: Shutting down and abandoning module MacNoEditorTargetPlatform (73)
[2018.07.11-20.02.59:177][219]LogModuleManager: Shutting down and abandoning module MacClientTargetPlatform (71)
[2018.07.11-20.02.59:177][219]LogModuleManager: Shutting down and abandoning module AllDesktopTargetPlatform (69)
[2018.07.11-20.02.59:177][219]LogModuleManager: Shutting down and abandoning module InputCore (66)
[2018.07.11-20.02.59:177][219]LogModuleManager: Shutting down and abandoning module Settings (64)
[2018.07.11-20.02.59:177][219]LogModuleManager: Shutting down and abandoning module PhysXCooking (62)
[2018.07.11-20.02.59:177][219]LogModuleManager: Shutting down and abandoning module SteamVR (60)
[2018.07.11-20.02.59:177][219]LogModuleManager: Shutting down and abandoning module OculusHMD (58)
[2018.07.11-20.02.59:177][219]LogModuleManager: Shutting down and abandoning module ExampleDeviceProfileSelector (56)
[2018.07.11-20.02.59:178][219]LogModuleManager: Shutting down and abandoning module AppleARKit (54)
[2018.07.11-20.02.59:178][219]LogModuleManager: Shutting down and abandoning module AugmentedReality (51)
[2018.07.11-20.02.59:178][219]LogModuleManager: Shutting down and abandoning module OnlineBlueprintSupport (48)
[2018.07.11-20.02.59:178][219]LogModuleManager: Shutting down and abandoning module OnlineSubsystem (44)
[2018.07.11-20.02.59:178][219]LogModuleManager: Shutting down and abandoning module XMPP (43)
[2018.07.11-20.02.59:178][219]LogModuleManager: Shutting down and abandoning module HTTP (41)
[2018.07.11-20.02.59:178][219]LogHttp: Display: Http module shutting down, but needs to wait on 1 outstanding Http requests:
[2018.07.11-20.02.59:178][219]LogHttp: Display: 	verb=[POST] url=[https://datarouter.ol.epicgames.com/datarouter/api/v1/public/data?SessionID=%7BBF4E9B4A-4DD2-E030-1628-B88DF02482F7%7D&AppID=UEEditor.Rocket.Release&AppVersion=4.19.2-4033788%2B%2B%2BUE4%2BRelease-4.19&UserID=647687954549946f852e1593532c322f%7C907f9f70f3aa4077b905b2ae358699a9%7C4f7c016e-3ba5-4c66-bda8-b65db7037b0d&AppEnvironment=datacollector-binary&UploadType=eteventstream] status=Processing
[2018.07.11-20.02.59:196][219]LogModuleManager: Shutting down and abandoning module SSL (40)
[2018.07.11-20.02.59:198][219]LogModuleManager: Shutting down and abandoning module AnimationModifiers (36)
[2018.07.11-20.02.59:198][219]LogModuleManager: Shutting down and abandoning module PropertyEditor (35)
[2018.07.11-20.02.59:198][219]LogModuleManager: Shutting down and abandoning module AudioEditor (32)
[2018.07.11-20.02.59:198][219]LogModuleManager: Shutting down and abandoning module TextureCompressor (30)
[2018.07.11-20.02.59:199][219]LogModuleManager: Shutting down and abandoning module ShaderCore (28)
[2018.07.11-20.02.59:199][219]LogModuleManager: Shutting down and abandoning module Landscape (26)
[2018.07.11-20.02.59:199][219]LogModuleManager: Shutting down and abandoning module SlateRHIRenderer (24)
[2018.07.11-20.02.59:200][219]LogModuleManager: Shutting down and abandoning module OpenGLDrv (22)
[2018.07.11-20.02.59:200][219]LogModuleManager: Shutting down and abandoning module D3D11RHI (20)
[2018.07.11-20.02.59:200][219]LogModuleManager: Shutting down and abandoning module AnimGraphRuntime (18)
[2018.07.11-20.02.59:200][219]LogModuleManager: Shutting down and abandoning module Renderer (16)
[2018.07.11-20.02.59:200][219]LogModuleManager: Shutting down and abandoning module Engine (14)
[2018.07.11-20.02.59:200][219]LogModuleManager: Shutting down and abandoning module CoreUObject (12)
[2018.07.11-20.02.59:200][219]LogModuleManager: Shutting down and abandoning module NetworkFile (10)
[2018.07.11-20.02.59:200][219]LogModuleManager: Shutting down and abandoning module CookedIterativeFile (8)
[2018.07.11-20.02.59:200][219]LogModuleManager: Shutting down and abandoning module StreamingFile (6)
[2018.07.11-20.02.59:200][219]LogModuleManager: Shutting down and abandoning module SandboxFile (4)
[2018.07.11-20.02.59:200][219]LogModuleManager: Shutting down and abandoning module PakFile (2)
[2018.07.11-20.02.59:214][219]LogExit: Exiting.
[2018.07.11-20.02.59:239][219]Log file closed, 07/11/18 21:02:59
